[0.009s] Invoking command in '/home/ubuntu/ros2_ws/build/my_robot_bringup': CMAKE_PREFIX_PATH=${CMAKE_PREFIX_PATH}:/home/ubuntu/ros2_ws/install/launch_testing_examples:/home/ubuntu/ros2_ws/install/examples_rclpy_pointcloud_publisher:/home/ubuntu/ros2_ws/install/examples_rclpy_minimal_subscriber:/home/ubuntu/ros2_ws/install/examples_rclpy_minimal_service:/home/ubuntu/ros2_ws/install/examples_rclpy_minimal_publisher:/home/ubuntu/ros2_ws/install/examples_rclpy_minimal_client:/home/ubuntu/ros2_ws/install/examples_rclpy_minimal_action_server:/home/ubuntu/ros2_ws/install/examples_rclpy_minimal_action_client:/home/ubuntu/ros2_ws/install/examples_rclpy_guard_conditions:/home/ubuntu/ros2_ws/install/examples_rclpy_executors:/opt/ros/humble /usr/bin/cmake --build /home/ubuntu/ros2_ws/build/my_robot_bringup -- -j16 -l16
[0.046s] Invoked command in '/home/ubuntu/ros2_ws/build/my_robot_bringup' returned '0': CMAKE_PREFIX_PATH=${CMAKE_PREFIX_PATH}:/home/ubuntu/ros2_ws/install/launch_testing_examples:/home/ubuntu/ros2_ws/install/examples_rclpy_pointcloud_publisher:/home/ubuntu/ros2_ws/install/examples_rclpy_minimal_subscriber:/home/ubuntu/ros2_ws/install/examples_rclpy_minimal_service:/home/ubuntu/ros2_ws/install/examples_rclpy_minimal_publisher:/home/ubuntu/ros2_ws/install/examples_rclpy_minimal_client:/home/ubuntu/ros2_ws/install/examples_rclpy_minimal_action_server:/home/ubuntu/ros2_ws/install/examples_rclpy_minimal_action_client:/home/ubuntu/ros2_ws/install/examples_rclpy_guard_conditions:/home/ubuntu/ros2_ws/install/examples_rclpy_executors:/opt/ros/humble /usr/bin/cmake --build /home/ubuntu/ros2_ws/build/my_robot_bringup -- -j16 -l16
[0.054s] Invoking command in '/home/ubuntu/ros2_ws/build/my_robot_bringup': CMAKE_PREFIX_PATH=${CMAKE_PREFIX_PATH}:/home/ubuntu/ros2_ws/install/launch_testing_examples:/home/ubuntu/ros2_ws/install/examples_rclpy_pointcloud_publisher:/home/ubuntu/ros2_ws/install/examples_rclpy_minimal_subscriber:/home/ubuntu/ros2_ws/install/examples_rclpy_minimal_service:/home/ubuntu/ros2_ws/install/examples_rclpy_minimal_publisher:/home/ubuntu/ros2_ws/install/examples_rclpy_minimal_client:/home/ubuntu/ros2_ws/install/examples_rclpy_minimal_action_server:/home/ubuntu/ros2_ws/install/examples_rclpy_minimal_action_client:/home/ubuntu/ros2_ws/install/examples_rclpy_guard_conditions:/home/ubuntu/ros2_ws/install/examples_rclpy_executors:/opt/ros/humble /usr/bin/cmake --install /home/ubuntu/ros2_ws/build/my_robot_bringup
[0.061s] -- Install configuration: ""
[0.061s] -- Up-to-date: /home/ubuntu/ros2_ws/install/my_robot_bringup/share/my_robot_bringup//launch
[0.061s] -- Up-to-date: /home/ubuntu/ros2_ws/install/my_robot_bringup/share/my_robot_bringup//launch/gazebo.launch.py
[0.061s] -- Up-to-date: /home/ubuntu/ros2_ws/install/my_robot_bringup/share/my_robot_bringup//urdf
[0.061s] -- Up-to-date: /home/ubuntu/ros2_ws/install/my_robot_bringup/share/my_robot_bringup//urdf/turtlebot3
[0.061s] -- Up-to-date: /home/ubuntu/ros2_ws/install/my_robot_bringup/share/my_robot_bringup//urdf/turtlebot3/meshes
[0.061s] -- Up-to-date: /home/ubuntu/ros2_ws/install/my_robot_bringup/share/my_robot_bringup//urdf/turtlebot3/meshes/bases
[0.061s] -- Up-to-date: /home/ubuntu/ros2_ws/install/my_robot_bringup/share/my_robot_bringup//urdf/turtlebot3/meshes/bases/waffle_base.stl
[0.061s] -- Up-to-date: /home/ubuntu/ros2_ws/install/my_robot_bringup/share/my_robot_bringup//urdf/turtlebot3/meshes/bases/burger_base.stl
[0.061s] -- Up-to-date: /home/ubuntu/ros2_ws/install/my_robot_bringup/share/my_robot_bringup//urdf/turtlebot3/meshes/bases/waffle_pi_base.stl
[0.062s] -- Up-to-date: /home/ubuntu/ros2_ws/install/my_robot_bringup/share/my_robot_bringup//urdf/turtlebot3/meshes/wheels
[0.062s] -- Up-to-date: /home/ubuntu/ros2_ws/install/my_robot_bringup/share/my_robot_bringup//urdf/turtlebot3/meshes/wheels/left_tire.stl
[0.062s] -- Up-to-date: /home/ubuntu/ros2_ws/install/my_robot_bringup/share/my_robot_bringup//urdf/turtlebot3/meshes/wheels/right_tire.stl
[0.062s] -- Up-to-date: /home/ubuntu/ros2_ws/install/my_robot_bringup/share/my_robot_bringup//urdf/turtlebot3/meshes/sensors
[0.062s] -- Up-to-date: /home/ubuntu/ros2_ws/install/my_robot_bringup/share/my_robot_bringup//urdf/turtlebot3/meshes/sensors/r200.dae
[0.062s] -- Up-to-date: /home/ubuntu/ros2_ws/install/my_robot_bringup/share/my_robot_bringup//urdf/turtlebot3/meshes/sensors/lds.stl
[0.062s] -- Up-to-date: /home/ubuntu/ros2_ws/install/my_robot_bringup/share/my_robot_bringup//urdf/turtlebot3/meshes/sensors/r200.jpg
[0.062s] -- Up-to-date: /home/ubuntu/ros2_ws/install/my_robot_bringup/share/my_robot_bringup//urdf/turtlebot3/meshes/sensors/astra.dae
[0.062s] -- Up-to-date: /home/ubuntu/ros2_ws/install/my_robot_bringup/share/my_robot_bringup//urdf/turtlebot3/meshes/sensors/astra.jpg
[0.062s] -- Up-to-date: /home/ubuntu/ros2_ws/install/my_robot_bringup/share/my_robot_bringup//urdf/turtlebot3/common_properties.urdf
[0.062s] -- Installing: /home/ubuntu/ros2_ws/install/my_robot_bringup/share/my_robot_bringup//urdf/turtlebot3/turtlebot3_burger.urdf.xacro
[0.062s] -- Up-to-date: /home/ubuntu/ros2_ws/install/my_robot_bringup/share/my_robot_bringup//worlds
[0.062s] -- Up-to-date: /home/ubuntu/ros2_ws/install/my_robot_bringup/share/my_robot_bringup//worlds/empty.world
[0.062s] -- Up-to-date: /home/ubuntu/ros2_ws/install/my_robot_bringup/share/ament_index/resource_index/package_run_dependencies/my_robot_bringup
[0.062s] -- Up-to-date: /home/ubuntu/ros2_ws/install/my_robot_bringup/share/ament_index/resource_index/parent_prefix_path/my_robot_bringup
[0.062s] -- Up-to-date: /home/ubuntu/ros2_ws/install/my_robot_bringup/share/my_robot_bringup/environment/ament_prefix_path.sh
[0.062s] -- Up-to-date: /home/ubuntu/ros2_ws/install/my_robot_bringup/share/my_robot_bringup/environment/ament_prefix_path.dsv
[0.062s] -- Up-to-date: /home/ubuntu/ros2_ws/install/my_robot_bringup/share/my_robot_bringup/environment/path.sh
[0.063s] -- Up-to-date: /home/ubuntu/ros2_ws/install/my_robot_bringup/share/my_robot_bringup/environment/path.dsv
[0.063s] -- Up-to-date: /home/ubuntu/ros2_ws/install/my_robot_bringup/share/my_robot_bringup/local_setup.bash
[0.063s] -- Up-to-date: /home/ubuntu/ros2_ws/install/my_robot_bringup/share/my_robot_bringup/local_setup.sh
[0.063s] -- Up-to-date: /home/ubuntu/ros2_ws/install/my_robot_bringup/share/my_robot_bringup/local_setup.zsh
[0.063s] -- Up-to-date: /home/ubuntu/ros2_ws/install/my_robot_bringup/share/my_robot_bringup/local_setup.dsv
[0.063s] -- Installing: /home/ubuntu/ros2_ws/install/my_robot_bringup/share/my_robot_bringup/package.dsv
[0.063s] -- Up-to-date: /home/ubuntu/ros2_ws/install/my_robot_bringup/share/ament_index/resource_index/packages/my_robot_bringup
[0.063s] -- Up-to-date: /home/ubuntu/ros2_ws/install/my_robot_bringup/share/my_robot_bringup/cmake/my_robot_bringupConfig.cmake
[0.063s] -- Up-to-date: /home/ubuntu/ros2_ws/install/my_robot_bringup/share/my_robot_bringup/cmake/my_robot_bringupConfig-version.cmake
[0.063s] -- Up-to-date: /home/ubuntu/ros2_ws/install/my_robot_bringup/share/my_robot_bringup/package.xml
[0.064s] Invoked command in '/home/ubuntu/ros2_ws/build/my_robot_bringup' returned '0': CMAKE_PREFIX_PATH=${CMAKE_PREFIX_PATH}:/home/ubuntu/ros2_ws/install/launch_testing_examples:/home/ubuntu/ros2_ws/install/examples_rclpy_pointcloud_publisher:/home/ubuntu/ros2_ws/install/examples_rclpy_minimal_subscriber:/home/ubuntu/ros2_ws/install/examples_rclpy_minimal_service:/home/ubuntu/ros2_ws/install/examples_rclpy_minimal_publisher:/home/ubuntu/ros2_ws/install/examples_rclpy_minimal_client:/home/ubuntu/ros2_ws/install/examples_rclpy_minimal_action_server:/home/ubuntu/ros2_ws/install/examples_rclpy_minimal_action_client:/home/ubuntu/ros2_ws/install/examples_rclpy_guard_conditions:/home/ubuntu/ros2_ws/install/examples_rclpy_executors:/opt/ros/humble /usr/bin/cmake --install /home/ubuntu/ros2_ws/build/my_robot_bringup
