-- Install configuration: ""
-- Up-to-date: /home/ubuntu/ros2_ws/install/my_robot_bringup/share/my_robot_bringup//launch
-- Installing: /home/ubuntu/ros2_ws/install/my_robot_bringup/share/my_robot_bringup//launch/gazebo.launch.py
-- Up-to-date: /home/ubuntu/ros2_ws/install/my_robot_bringup/share/my_robot_bringup//urdf
-- Up-to-date: /home/ubuntu/ros2_ws/install/my_robot_bringup/share/my_robot_bringup//urdf/my_robot.urdf.urdf
-- Up-to-date: /home/ubuntu/ros2_ws/install/my_robot_bringup/share/my_robot_bringup//worlds
-- Up-to-date: /home/ubuntu/ros2_ws/install/my_robot_bringup/share/my_robot_bringup//worlds/empty.world
-- Up-to-date: /home/ubuntu/ros2_ws/install/my_robot_bringup/share/ament_index/resource_index/package_run_dependencies/my_robot_bringup
-- Up-to-date: /home/ubuntu/ros2_ws/install/my_robot_bringup/share/ament_index/resource_index/parent_prefix_path/my_robot_bringup
-- Up-to-date: /home/ubuntu/ros2_ws/install/my_robot_bringup/share/my_robot_bringup/environment/ament_prefix_path.sh
-- Up-to-date: /home/ubuntu/ros2_ws/install/my_robot_bringup/share/my_robot_bringup/environment/ament_prefix_path.dsv
-- Up-to-date: /home/ubuntu/ros2_ws/install/my_robot_bringup/share/my_robot_bringup/environment/path.sh
-- Up-to-date: /home/ubuntu/ros2_ws/install/my_robot_bringup/share/my_robot_bringup/environment/path.dsv
-- Up-to-date: /home/ubuntu/ros2_ws/install/my_robot_bringup/share/my_robot_bringup/local_setup.bash
-- Up-to-date: /home/ubuntu/ros2_ws/install/my_robot_bringup/share/my_robot_bringup/local_setup.sh
-- Up-to-date: /home/ubuntu/ros2_ws/install/my_robot_bringup/share/my_robot_bringup/local_setup.zsh
-- Up-to-date: /home/ubuntu/ros2_ws/install/my_robot_bringup/share/my_robot_bringup/local_setup.dsv
-- Installing: /home/ubuntu/ros2_ws/install/my_robot_bringup/share/my_robot_bringup/package.dsv
-- Up-to-date: /home/ubuntu/ros2_ws/install/my_robot_bringup/share/ament_index/resource_index/packages/my_robot_bringup
-- Up-to-date: /home/ubuntu/ros2_ws/install/my_robot_bringup/share/my_robot_bringup/cmake/my_robot_bringupConfig.cmake
-- Up-to-date: /home/ubuntu/ros2_ws/install/my_robot_bringup/share/my_robot_bringup/cmake/my_robot_bringupConfig-version.cmake
-- Up-to-date: /home/ubuntu/ros2_ws/install/my_robot_bringup/share/my_robot_bringup/package.xml
