[0.010s] Invoking command in '/home/ubuntu/ros2_ws/build/my_robot_bringup': CMAKE_PREFIX_PATH=${CMAKE_PREFIX_PATH}:/home/ubuntu/ros2_ws/install/launch_testing_examples:/home/ubuntu/ros2_ws/install/examples_rclpy_pointcloud_publisher:/home/ubuntu/ros2_ws/install/examples_rclpy_minimal_subscriber:/home/ubuntu/ros2_ws/install/examples_rclpy_minimal_service:/home/ubuntu/ros2_ws/install/examples_rclpy_minimal_publisher:/home/ubuntu/ros2_ws/install/examples_rclpy_minimal_client:/home/ubuntu/ros2_ws/install/examples_rclpy_minimal_action_server:/home/ubuntu/ros2_ws/install/examples_rclpy_minimal_action_client:/home/ubuntu/ros2_ws/install/examples_rclpy_guard_conditions:/home/ubuntu/ros2_ws/install/examples_rclpy_executors:/opt/ros/humble /usr/bin/cmake --build /home/ubuntu/ros2_ws/build/my_robot_bringup -- -j16 -l16
[0.038s] Invoked command in '/home/ubuntu/ros2_ws/build/my_robot_bringup' returned '0': CMAKE_PREFIX_PATH=${CMAKE_PREFIX_PATH}:/home/ubuntu/ros2_ws/install/launch_testing_examples:/home/ubuntu/ros2_ws/install/examples_rclpy_pointcloud_publisher:/home/ubuntu/ros2_ws/install/examples_rclpy_minimal_subscriber:/home/ubuntu/ros2_ws/install/examples_rclpy_minimal_service:/home/ubuntu/ros2_ws/install/examples_rclpy_minimal_publisher:/home/ubuntu/ros2_ws/install/examples_rclpy_minimal_client:/home/ubuntu/ros2_ws/install/examples_rclpy_minimal_action_server:/home/ubuntu/ros2_ws/install/examples_rclpy_minimal_action_client:/home/ubuntu/ros2_ws/install/examples_rclpy_guard_conditions:/home/ubuntu/ros2_ws/install/examples_rclpy_executors:/opt/ros/humble /usr/bin/cmake --build /home/ubuntu/ros2_ws/build/my_robot_bringup -- -j16 -l16
[0.048s] Invoking command in '/home/ubuntu/ros2_ws/build/my_robot_bringup': CMAKE_PREFIX_PATH=${CMAKE_PREFIX_PATH}:/home/ubuntu/ros2_ws/install/launch_testing_examples:/home/ubuntu/ros2_ws/install/examples_rclpy_pointcloud_publisher:/home/ubuntu/ros2_ws/install/examples_rclpy_minimal_subscriber:/home/ubuntu/ros2_ws/install/examples_rclpy_minimal_service:/home/ubuntu/ros2_ws/install/examples_rclpy_minimal_publisher:/home/ubuntu/ros2_ws/install/examples_rclpy_minimal_client:/home/ubuntu/ros2_ws/install/examples_rclpy_minimal_action_server:/home/ubuntu/ros2_ws/install/examples_rclpy_minimal_action_client:/home/ubuntu/ros2_ws/install/examples_rclpy_guard_conditions:/home/ubuntu/ros2_ws/install/examples_rclpy_executors:/opt/ros/humble /usr/bin/cmake --install /home/ubuntu/ros2_ws/build/my_robot_bringup
[0.053s] -- Install configuration: ""
[0.053s] -- Up-to-date: /home/ubuntu/ros2_ws/install/my_robot_bringup/share/my_robot_bringup//launch
[0.053s] -- Installing: /home/ubuntu/ros2_ws/install/my_robot_bringup/share/my_robot_bringup//launch/gazebo.launch.py
[0.053s] -- Up-to-date: /home/ubuntu/ros2_ws/install/my_robot_bringup/share/my_robot_bringup//urdf
[0.053s] -- Up-to-date: /home/ubuntu/ros2_ws/install/my_robot_bringup/share/my_robot_bringup//urdf/my_robot.urdf.urdf
[0.053s] -- Up-to-date: /home/ubuntu/ros2_ws/install/my_robot_bringup/share/my_robot_bringup//worlds
[0.054s] -- Up-to-date: /home/ubuntu/ros2_ws/install/my_robot_bringup/share/my_robot_bringup//worlds/empty.world
[0.054s] -- Up-to-date: /home/ubuntu/ros2_ws/install/my_robot_bringup/share/ament_index/resource_index/package_run_dependencies/my_robot_bringup
[0.054s] -- Up-to-date: /home/ubuntu/ros2_ws/install/my_robot_bringup/share/ament_index/resource_index/parent_prefix_path/my_robot_bringup
[0.054s] -- Up-to-date: /home/ubuntu/ros2_ws/install/my_robot_bringup/share/my_robot_bringup/environment/ament_prefix_path.sh
[0.054s] -- Up-to-date: /home/ubuntu/ros2_ws/install/my_robot_bringup/share/my_robot_bringup/environment/ament_prefix_path.dsv
[0.054s] -- Up-to-date: /home/ubuntu/ros2_ws/install/my_robot_bringup/share/my_robot_bringup/environment/path.sh
[0.054s] -- Up-to-date: /home/ubuntu/ros2_ws/install/my_robot_bringup/share/my_robot_bringup/environment/path.dsv
[0.054s] -- Up-to-date: /home/ubuntu/ros2_ws/install/my_robot_bringup/share/my_robot_bringup/local_setup.bash
[0.054s] -- Up-to-date: /home/ubuntu/ros2_ws/install/my_robot_bringup/share/my_robot_bringup/local_setup.sh
[0.054s] -- Up-to-date: /home/ubuntu/ros2_ws/install/my_robot_bringup/share/my_robot_bringup/local_setup.zsh
[0.054s] -- Up-to-date: /home/ubuntu/ros2_ws/install/my_robot_bringup/share/my_robot_bringup/local_setup.dsv
[0.054s] -- Installing: /home/ubuntu/ros2_ws/install/my_robot_bringup/share/my_robot_bringup/package.dsv
[0.054s] -- Up-to-date: /home/ubuntu/ros2_ws/install/my_robot_bringup/share/ament_index/resource_index/packages/my_robot_bringup
[0.054s] -- Up-to-date: /home/ubuntu/ros2_ws/install/my_robot_bringup/share/my_robot_bringup/cmake/my_robot_bringupConfig.cmake
[0.054s] -- Up-to-date: /home/ubuntu/ros2_ws/install/my_robot_bringup/share/my_robot_bringup/cmake/my_robot_bringupConfig-version.cmake
[0.055s] -- Up-to-date: /home/ubuntu/ros2_ws/install/my_robot_bringup/share/my_robot_bringup/package.xml
[0.055s] Invoked command in '/home/ubuntu/ros2_ws/build/my_robot_bringup' returned '0': CMAKE_PREFIX_PATH=${CMAKE_PREFIX_PATH}:/home/ubuntu/ros2_ws/install/launch_testing_examples:/home/ubuntu/ros2_ws/install/examples_rclpy_pointcloud_publisher:/home/ubuntu/ros2_ws/install/examples_rclpy_minimal_subscriber:/home/ubuntu/ros2_ws/install/examples_rclpy_minimal_service:/home/ubuntu/ros2_ws/install/examples_rclpy_minimal_publisher:/home/ubuntu/ros2_ws/install/examples_rclpy_minimal_client:/home/ubuntu/ros2_ws/install/examples_rclpy_minimal_action_server:/home/ubuntu/ros2_ws/install/examples_rclpy_minimal_action_client:/home/ubuntu/ros2_ws/install/examples_rclpy_guard_conditions:/home/ubuntu/ros2_ws/install/examples_rclpy_executors:/opt/ros/humble /usr/bin/cmake --install /home/ubuntu/ros2_ws/build/my_robot_bringup
