[0.009s] Invoking command in '/home/ubuntu/ros2_ws/build/my_robot_bringup': CMAKE_PREFIX_PATH=${CMAKE_PREFIX_PATH}:/home/ubuntu/ros2_ws/install/launch_testing_examples:/home/ubuntu/ros2_ws/install/examples_rclpy_pointcloud_publisher:/home/ubuntu/ros2_ws/install/examples_rclpy_minimal_subscriber:/home/ubuntu/ros2_ws/install/examples_rclpy_minimal_service:/home/ubuntu/ros2_ws/install/examples_rclpy_minimal_publisher:/home/ubuntu/ros2_ws/install/examples_rclpy_minimal_client:/home/ubuntu/ros2_ws/install/examples_rclpy_minimal_action_server:/home/ubuntu/ros2_ws/install/examples_rclpy_minimal_action_client:/home/ubuntu/ros2_ws/install/examples_rclpy_guard_conditions:/home/ubuntu/ros2_ws/install/examples_rclpy_executors:/opt/ros/humble /usr/bin/cmake --build /home/ubuntu/ros2_ws/build/my_robot_bringup -- -j16 -l16
[0.031s] -- Found ament_cmake: 1.3.11 (/opt/ros/humble/share/ament_cmake/cmake)
[0.133s] -- Found ament_lint_auto: 0.12.12 (/opt/ros/humble/share/ament_lint_auto/cmake)
[0.181s] -- Found xacro: 2.0.13 (/opt/ros/humble/share/xacro/cmake)
[0.185s] -- Added test 'flake8' to check Python code syntax and style conventions
[0.186s] -- Added test 'lint_cmake' to check CMake code style
[0.186s] -- Added test 'pep257' to check Python code against some of the docstring style conventions in PEP 257
[0.188s] -- Added test 'xmllint' to check XML markup files
[0.188s] -- Configuring done
[0.191s] -- Generating done
[0.193s] -- Build files have been written to: /home/ubuntu/ros2_ws/build/my_robot_bringup
[0.209s] Invoked command in '/home/ubuntu/ros2_ws/build/my_robot_bringup' returned '0': CMAKE_PREFIX_PATH=${CMAKE_PREFIX_PATH}:/home/ubuntu/ros2_ws/install/launch_testing_examples:/home/ubuntu/ros2_ws/install/examples_rclpy_pointcloud_publisher:/home/ubuntu/ros2_ws/install/examples_rclpy_minimal_subscriber:/home/ubuntu/ros2_ws/install/examples_rclpy_minimal_service:/home/ubuntu/ros2_ws/install/examples_rclpy_minimal_publisher:/home/ubuntu/ros2_ws/install/examples_rclpy_minimal_client:/home/ubuntu/ros2_ws/install/examples_rclpy_minimal_action_server:/home/ubuntu/ros2_ws/install/examples_rclpy_minimal_action_client:/home/ubuntu/ros2_ws/install/examples_rclpy_guard_conditions:/home/ubuntu/ros2_ws/install/examples_rclpy_executors:/opt/ros/humble /usr/bin/cmake --build /home/ubuntu/ros2_ws/build/my_robot_bringup -- -j16 -l16
[0.218s] Invoking command in '/home/ubuntu/ros2_ws/build/my_robot_bringup': CMAKE_PREFIX_PATH=${CMAKE_PREFIX_PATH}:/home/ubuntu/ros2_ws/install/launch_testing_examples:/home/ubuntu/ros2_ws/install/examples_rclpy_pointcloud_publisher:/home/ubuntu/ros2_ws/install/examples_rclpy_minimal_subscriber:/home/ubuntu/ros2_ws/install/examples_rclpy_minimal_service:/home/ubuntu/ros2_ws/install/examples_rclpy_minimal_publisher:/home/ubuntu/ros2_ws/install/examples_rclpy_minimal_client:/home/ubuntu/ros2_ws/install/examples_rclpy_minimal_action_server:/home/ubuntu/ros2_ws/install/examples_rclpy_minimal_action_client:/home/ubuntu/ros2_ws/install/examples_rclpy_guard_conditions:/home/ubuntu/ros2_ws/install/examples_rclpy_executors:/opt/ros/humble /usr/bin/cmake --install /home/ubuntu/ros2_ws/build/my_robot_bringup
[0.224s] -- Install configuration: ""
[0.224s] -- Up-to-date: /home/ubuntu/ros2_ws/install/my_robot_bringup/share/my_robot_bringup//launch
[0.224s] -- Up-to-date: /home/ubuntu/ros2_ws/install/my_robot_bringup/share/my_robot_bringup//launch/gazebo.launch.py
[0.224s] -- Up-to-date: /home/ubuntu/ros2_ws/install/my_robot_bringup/share/my_robot_bringup//launch/spawn_turtlebot3.launch.py
[0.224s] -- Up-to-date: /home/ubuntu/ros2_ws/install/my_robot_bringup/share/my_robot_bringup//worlds
[0.224s] -- Up-to-date: /home/ubuntu/ros2_ws/install/my_robot_bringup/share/my_robot_bringup//worlds/empty.world
[0.225s] -- Up-to-date: /home/ubuntu/ros2_ws/install/my_robot_bringup/share/my_robot_bringup//worlds/playground.world
[0.225s] -- Up-to-date: /home/ubuntu/ros2_ws/install/my_robot_bringup/share/ament_index/resource_index/package_run_dependencies/my_robot_bringup
[0.225s] -- Installing: /home/ubuntu/ros2_ws/install/my_robot_bringup/share/ament_index/resource_index/parent_prefix_path/my_robot_bringup
[0.225s] -- Up-to-date: /home/ubuntu/ros2_ws/install/my_robot_bringup/share/my_robot_bringup/environment/ament_prefix_path.sh
[0.225s] -- Installing: /home/ubuntu/ros2_ws/install/my_robot_bringup/share/my_robot_bringup/environment/ament_prefix_path.dsv
[0.225s] -- Up-to-date: /home/ubuntu/ros2_ws/install/my_robot_bringup/share/my_robot_bringup/environment/path.sh
[0.225s] -- Installing: /home/ubuntu/ros2_ws/install/my_robot_bringup/share/my_robot_bringup/environment/path.dsv
[0.225s] -- Up-to-date: /home/ubuntu/ros2_ws/install/my_robot_bringup/share/my_robot_bringup/local_setup.bash
[0.225s] -- Up-to-date: /home/ubuntu/ros2_ws/install/my_robot_bringup/share/my_robot_bringup/local_setup.sh
[0.225s] -- Up-to-date: /home/ubuntu/ros2_ws/install/my_robot_bringup/share/my_robot_bringup/local_setup.zsh
[0.225s] -- Installing: /home/ubuntu/ros2_ws/install/my_robot_bringup/share/my_robot_bringup/local_setup.dsv
[0.225s] -- Installing: /home/ubuntu/ros2_ws/install/my_robot_bringup/share/my_robot_bringup/package.dsv
[0.225s] -- Up-to-date: /home/ubuntu/ros2_ws/install/my_robot_bringup/share/ament_index/resource_index/packages/my_robot_bringup
[0.225s] -- Up-to-date: /home/ubuntu/ros2_ws/install/my_robot_bringup/share/my_robot_bringup/cmake/my_robot_bringupConfig.cmake
[0.225s] -- Up-to-date: /home/ubuntu/ros2_ws/install/my_robot_bringup/share/my_robot_bringup/cmake/my_robot_bringupConfig-version.cmake
[0.225s] -- Up-to-date: /home/ubuntu/ros2_ws/install/my_robot_bringup/share/my_robot_bringup/package.xml
[0.226s] Invoked command in '/home/ubuntu/ros2_ws/build/my_robot_bringup' returned '0': CMAKE_PREFIX_PATH=${CMAKE_PREFIX_PATH}:/home/ubuntu/ros2_ws/install/launch_testing_examples:/home/ubuntu/ros2_ws/install/examples_rclpy_pointcloud_publisher:/home/ubuntu/ros2_ws/install/examples_rclpy_minimal_subscriber:/home/ubuntu/ros2_ws/install/examples_rclpy_minimal_service:/home/ubuntu/ros2_ws/install/examples_rclpy_minimal_publisher:/home/ubuntu/ros2_ws/install/examples_rclpy_minimal_client:/home/ubuntu/ros2_ws/install/examples_rclpy_minimal_action_server:/home/ubuntu/ros2_ws/install/examples_rclpy_minimal_action_client:/home/ubuntu/ros2_ws/install/examples_rclpy_guard_conditions:/home/ubuntu/ros2_ws/install/examples_rclpy_executors:/opt/ros/humble /usr/bin/cmake --install /home/ubuntu/ros2_ws/build/my_robot_bringup
