[1.647s] Invoking command in '/home/ubuntu/ros2_ws/build/turtlesim': CMAKE_PREFIX_PATH=${CMAKE_PREFIX_PATH}:/home/ubuntu/ros2_ws/install/launch_testing_examples:/home/ubuntu/ros2_ws/install/examples_rclpy_pointcloud_publisher:/home/ubuntu/ros2_ws/install/examples_rclpy_minimal_subscriber:/home/ubuntu/ros2_ws/install/examples_rclpy_minimal_service:/home/ubuntu/ros2_ws/install/examples_rclpy_minimal_publisher:/home/ubuntu/ros2_ws/install/examples_rclpy_minimal_client:/home/ubuntu/ros2_ws/install/examples_rclpy_minimal_action_server:/home/ubuntu/ros2_ws/install/examples_rclpy_minimal_action_client:/home/ubuntu/ros2_ws/install/examples_rclpy_guard_conditions:/home/ubuntu/ros2_ws/install/examples_rclpy_executors:/opt/ros/humble /usr/bin/cmake /home/ubuntu/ros2_ws/archived_repos/ros_tutorials/turtlesim -DCMAKE_INSTALL_PREFIX=/home/ubuntu/ros2_ws/install/turtlesim
[1.838s] -- The C compiler identification is GNU 11.4.0
[2.002s] -- The CXX compiler identification is GNU 11.4.0
[2.022s] -- Detecting C compiler ABI info
[2.329s] -- Detecting C compiler ABI info - done
[2.336s] -- Check for working C compiler: /usr/bin/cc - skipped
[2.336s] -- Detecting C compile features
[2.336s] -- Detecting C compile features - done
[2.339s] -- Detecting CXX compiler ABI info
[2.655s] -- Detecting CXX compiler ABI info - done
[2.662s] -- Check for working CXX compiler: /usr/bin/c++ - skipped
[2.663s] -- Detecting CXX compile features
[2.664s] -- Detecting CXX compile features - done
[2.686s] -- Found ament_cmake: 1.3.11 (/opt/ros/humble/share/ament_cmake/cmake)
[3.234s] -- Found Python3: /usr/bin/python3 (found version "3.10.12") found components: Interpreter 
[3.531s] -- Found ament_index_cpp: 1.4.0 (/opt/ros/humble/share/ament_index_cpp/cmake)
[3.536s] -- Found geometry_msgs: 4.8.0 (/opt/ros/humble/share/geometry_msgs/cmake)
[3.725s] -- Found rosidl_generator_c: 3.1.6 (/opt/ros/humble/share/rosidl_generator_c/cmake)
[3.774s] -- Found rosidl_adapter: 3.1.6 (/opt/ros/humble/share/rosidl_adapter/cmake)
[3.809s] -- Found rosidl_generator_cpp: 3.1.6 (/opt/ros/humble/share/rosidl_generator_cpp/cmake)
[3.860s] -- Using all available rosidl_typesupport_c: rosidl_typesupport_fastrtps_c;rosidl_typesupport_introspection_c
[3.923s] -- Using all available rosidl_typesupport_cpp: rosidl_typesupport_fastrtps_cpp;rosidl_typesupport_introspection_cpp
[4.123s] -- Found rclcpp: 16.0.12 (/opt/ros/humble/share/rclcpp/cmake)
[4.326s] -- Found rmw_implementation_cmake: 6.1.2 (/opt/ros/humble/share/rmw_implementation_cmake/cmake)
[4.351s] -- Found rmw_fastrtps_cpp: 6.2.7 (/opt/ros/humble/share/rmw_fastrtps_cpp/cmake)
[4.864s] -- Found OpenSSL: /usr/lib/x86_64-linux-gnu/libcrypto.so (found version "3.0.2")  
[4.936s] -- Found FastRTPS: /opt/ros/humble/include  
[5.089s] -- Using RMW implementation 'rmw_fastrtps_cpp' as default
[5.134s] -- Looking for pthread.h
[5.426s] -- Looking for pthread.h - found
[5.427s] -- Performing Test CMAKE_HAVE_LIBC_PTHREAD
[5.698s] -- Performing Test CMAKE_HAVE_LIBC_PTHREAD - Success
[5.699s] -- Found Threads: TRUE  
[5.797s] -- Found rclcpp_action: 16.0.12 (/opt/ros/humble/share/rclcpp_action/cmake)
[5.907s] -- Found rosidl_default_generators: 1.2.0 (/opt/ros/humble/share/rosidl_default_generators/cmake)
[5.959s] -- Found std_srvs: 4.8.0 (/opt/ros/humble/share/std_srvs/cmake)
[6.703s] -- Found ament_cmake_ros: 0.10.0 (/opt/ros/humble/share/ament_cmake_ros/cmake)
[7.326s] -- Using all available rosidl_typesupport_c: rosidl_typesupport_fastrtps_c;rosidl_typesupport_introspection_c
[7.564s] -- Using all available rosidl_typesupport_cpp: rosidl_typesupport_fastrtps_cpp;rosidl_typesupport_introspection_cpp
[7.613s] -- Found PythonInterp: /usr/bin/python3 (found suitable version "3.10.12", minimum required is "3.6") 
[7.618s] -- Found python_cmake_module: 0.10.0 (/opt/ros/humble/share/python_cmake_module/cmake)
[7.647s] -- Found PythonLibs: /usr/lib/x86_64-linux-gnu/libpython3.10.so (found suitable version "3.10.12", minimum required is "3.5") 
[7.647s] -- Using PYTHON_EXECUTABLE: /usr/bin/python3
[7.647s] -- Using PYTHON_INCLUDE_DIRS: /usr/include/python3.10
[7.647s] -- Using PYTHON_LIBRARIES: /usr/lib/x86_64-linux-gnu/libpython3.10.so
[7.719s] -- Found PythonExtra: .so  
[7.823s] -- Configuring done
[7.893s] -- Generating done
[7.929s] -- Build files have been written to: /home/ubuntu/ros2_ws/build/turtlesim
[7.944s] Invoked command in '/home/ubuntu/ros2_ws/build/turtlesim' returned '0': CMAKE_PREFIX_PATH=${CMAKE_PREFIX_PATH}:/home/ubuntu/ros2_ws/install/launch_testing_examples:/home/ubuntu/ros2_ws/install/examples_rclpy_pointcloud_publisher:/home/ubuntu/ros2_ws/install/examples_rclpy_minimal_subscriber:/home/ubuntu/ros2_ws/install/examples_rclpy_minimal_service:/home/ubuntu/ros2_ws/install/examples_rclpy_minimal_publisher:/home/ubuntu/ros2_ws/install/examples_rclpy_minimal_client:/home/ubuntu/ros2_ws/install/examples_rclpy_minimal_action_server:/home/ubuntu/ros2_ws/install/examples_rclpy_minimal_action_client:/home/ubuntu/ros2_ws/install/examples_rclpy_guard_conditions:/home/ubuntu/ros2_ws/install/examples_rclpy_executors:/opt/ros/humble /usr/bin/cmake /home/ubuntu/ros2_ws/archived_repos/ros_tutorials/turtlesim -DCMAKE_INSTALL_PREFIX=/home/ubuntu/ros2_ws/install/turtlesim
[7.944s] Invoking command in '/home/ubuntu/ros2_ws/build/turtlesim': CMAKE_PREFIX_PATH=${CMAKE_PREFIX_PATH}:/home/ubuntu/ros2_ws/install/launch_testing_examples:/home/ubuntu/ros2_ws/install/examples_rclpy_pointcloud_publisher:/home/ubuntu/ros2_ws/install/examples_rclpy_minimal_subscriber:/home/ubuntu/ros2_ws/install/examples_rclpy_minimal_service:/home/ubuntu/ros2_ws/install/examples_rclpy_minimal_publisher:/home/ubuntu/ros2_ws/install/examples_rclpy_minimal_client:/home/ubuntu/ros2_ws/install/examples_rclpy_minimal_action_server:/home/ubuntu/ros2_ws/install/examples_rclpy_minimal_action_client:/home/ubuntu/ros2_ws/install/examples_rclpy_guard_conditions:/home/ubuntu/ros2_ws/install/examples_rclpy_executors:/opt/ros/humble /usr/bin/cmake --build /home/ubuntu/ros2_ws/build/turtlesim -- -j16 -l16
[8.040s] [  1%] [34m[1mGenerating C code for ROS interfaces[0m
[8.055s] [  1%] Built target ament_cmake_python_copy_turtlesim
[8.077s] [  2%] [34m[1mGenerating C++ code for ROS interfaces[0m
[8.414s] running egg_info
[8.414s] creating turtlesim.egg-info
[8.414s] writing turtlesim.egg-info/PKG-INFO
[8.414s] writing dependency_links to turtlesim.egg-info/dependency_links.txt
[8.414s] writing top-level names to turtlesim.egg-info/top_level.txt
[8.414s] writing manifest file 'turtlesim.egg-info/SOURCES.txt'
[8.414s] reading manifest file 'turtlesim.egg-info/SOURCES.txt'
[8.414s] writing manifest file 'turtlesim.egg-info/SOURCES.txt'
[8.434s] [  2%] Built target ament_cmake_python_build_turtlesim_egg
[9.104s] [  3%] [32mBuilding C object CMakeFiles/turtlesim__rosidl_generator_c.dir/rosidl_generator_c/turtlesim/action/detail/rotate_absolute__functions.c.o[0m
[9.104s] [  4%] [32mBuilding C object CMakeFiles/turtlesim__rosidl_generator_c.dir/rosidl_generator_c/turtlesim/msg/detail/color__functions.c.o[0m
[9.107s] [  5%] [32mBuilding C object CMakeFiles/turtlesim__rosidl_generator_c.dir/rosidl_generator_c/turtlesim/msg/detail/pose__functions.c.o[0m
[9.142s] [  5%] Built target turtlesim__cpp
[9.145s] [  6%] [32mBuilding C object CMakeFiles/turtlesim__rosidl_generator_c.dir/rosidl_generator_c/turtlesim/srv/detail/teleport_relative__functions.c.o[0m
[9.151s] [  7%] [34m[1mGenerating C++ type support dispatch for ROS interfaces[0m
[9.151s] [  8%] [34m[1mGenerating C++ type support for eProsima Fast-RTPS[0m
[9.158s] [  9%] [32mBuilding C object CMakeFiles/turtlesim__rosidl_generator_c.dir/rosidl_generator_c/turtlesim/srv/detail/teleport_absolute__functions.c.o[0m
[9.195s] [ 10%] [32mBuilding C object CMakeFiles/turtlesim__rosidl_generator_c.dir/rosidl_generator_c/turtlesim/srv/detail/spawn__functions.c.o[0m
[9.203s] [ 11%] [32mBuilding C object CMakeFiles/turtlesim__rosidl_generator_c.dir/rosidl_generator_c/turtlesim/srv/detail/set_pen__functions.c.o[0m
[9.212s] [ 12%] [32mBuilding C object CMakeFiles/turtlesim__rosidl_generator_c.dir/rosidl_generator_c/turtlesim/srv/detail/kill__functions.c.o[0m
[9.269s] [ 13%] [32m[1mLinking C shared library libturtlesim__rosidl_generator_c.so[0m
[9.304s] [ 13%] Built target turtlesim__rosidl_generator_c
[9.312s] [ 14%] [34m[1mGenerating C++ introspection for ROS interfaces[0m
[9.488s] [ 15%] [32mBuilding CXX object CMakeFiles/turtlesim__rosidl_typesupport_cpp.dir/rosidl_typesupport_cpp/turtlesim/msg/color__type_support.cpp.o[0m
[9.488s] [ 16%] [32mBuilding CXX object CMakeFiles/turtlesim__rosidl_typesupport_cpp.dir/rosidl_typesupport_cpp/turtlesim/action/rotate_absolute__type_support.cpp.o[0m
[9.489s] [ 17%] [32mBuilding CXX object CMakeFiles/turtlesim__rosidl_typesupport_cpp.dir/rosidl_typesupport_cpp/turtlesim/msg/pose__type_support.cpp.o[0m
[9.644s] [ 18%] [32mBuilding CXX object CMakeFiles/turtlesim__rosidl_typesupport_cpp.dir/rosidl_typesupport_cpp/turtlesim/srv/teleport_relative__type_support.cpp.o[0m
[9.649s] [ 19%] [32mBuilding CXX object CMakeFiles/turtlesim__rosidl_typesupport_cpp.dir/rosidl_typesupport_cpp/turtlesim/srv/teleport_absolute__type_support.cpp.o[0m
[9.747s] [ 20%] [32mBuilding CXX object CMakeFiles/turtlesim__rosidl_typesupport_cpp.dir/rosidl_typesupport_cpp/turtlesim/srv/spawn__type_support.cpp.o[0m
[9.800s] [ 21%] [32mBuilding CXX object CMakeFiles/turtlesim__rosidl_typesupport_cpp.dir/rosidl_typesupport_cpp/turtlesim/srv/set_pen__type_support.cpp.o[0m
[9.803s] [ 22%] [32mBuilding CXX object CMakeFiles/turtlesim__rosidl_typesupport_cpp.dir/rosidl_typesupport_cpp/turtlesim/srv/kill__type_support.cpp.o[0m
[9.849s] [ 23%] [32mBuilding CXX object CMakeFiles/turtlesim__rosidl_typesupport_fastrtps_cpp.dir/rosidl_typesupport_fastrtps_cpp/turtlesim/msg/detail/dds_fastrtps/color__type_support.cpp.o[0m
[9.849s] [ 24%] [32mBuilding CXX object CMakeFiles/turtlesim__rosidl_typesupport_fastrtps_cpp.dir/rosidl_typesupport_fastrtps_cpp/turtlesim/msg/detail/dds_fastrtps/pose__type_support.cpp.o[0m
[9.851s] [ 25%] [32mBuilding CXX object CMakeFiles/turtlesim__rosidl_typesupport_fastrtps_cpp.dir/rosidl_typesupport_fastrtps_cpp/turtlesim/action/detail/dds_fastrtps/rotate_absolute__type_support.cpp.o[0m
[9.905s] [ 26%] [32mBuilding CXX object CMakeFiles/turtlesim__rosidl_typesupport_introspection_cpp.dir/rosidl_typesupport_introspection_cpp/turtlesim/action/detail/rotate_absolute__type_support.cpp.o[0m
[9.906s] [ 27%] [32mBuilding CXX object CMakeFiles/turtlesim__rosidl_typesupport_introspection_cpp.dir/rosidl_typesupport_introspection_cpp/turtlesim/msg/detail/color__type_support.cpp.o[0m
[9.906s] [ 28%] [32mBuilding CXX object CMakeFiles/turtlesim__rosidl_typesupport_introspection_cpp.dir/rosidl_typesupport_introspection_cpp/turtlesim/msg/detail/pose__type_support.cpp.o[0m
[9.967s] [ 29%] [32m[1mLinking CXX shared library libturtlesim__rosidl_typesupport_cpp.so[0m
[10.000s] [ 29%] Built target turtlesim__rosidl_typesupport_cpp
[10.007s] [ 31%] [34m[1mGenerating C introspection for ROS interfaces[0m
[10.007s] [ 31%] [34m[1mGenerating C type support dispatch for ROS interfaces[0m
[10.067s] [ 32%] [32mBuilding CXX object CMakeFiles/turtlesim__rosidl_typesupport_fastrtps_cpp.dir/rosidl_typesupport_fastrtps_cpp/turtlesim/srv/detail/dds_fastrtps/teleport_relative__type_support.cpp.o[0m
[10.116s] [ 33%] [32mBuilding CXX object CMakeFiles/turtlesim__rosidl_typesupport_introspection_cpp.dir/rosidl_typesupport_introspection_cpp/turtlesim/srv/detail/spawn__type_support.cpp.o[0m
[10.127s] [ 34%] [32mBuilding CXX object CMakeFiles/turtlesim__rosidl_typesupport_fastrtps_cpp.dir/rosidl_typesupport_fastrtps_cpp/turtlesim/srv/detail/dds_fastrtps/teleport_absolute__type_support.cpp.o[0m
[10.164s] [ 35%] [32mBuilding CXX object CMakeFiles/turtlesim__rosidl_typesupport_fastrtps_cpp.dir/rosidl_typesupport_fastrtps_cpp/turtlesim/srv/detail/dds_fastrtps/spawn__type_support.cpp.o[0m
[10.179s] [ 36%] [32mBuilding CXX object CMakeFiles/turtlesim__rosidl_typesupport_introspection_cpp.dir/rosidl_typesupport_introspection_cpp/turtlesim/srv/detail/teleport_relative__type_support.cpp.o[0m
[10.229s] [ 37%] [32mBuilding CXX object CMakeFiles/turtlesim__rosidl_typesupport_introspection_cpp.dir/rosidl_typesupport_introspection_cpp/turtlesim/srv/detail/teleport_absolute__type_support.cpp.o[0m
[10.338s] [ 38%] [32mBuilding CXX object CMakeFiles/turtlesim__rosidl_typesupport_introspection_cpp.dir/rosidl_typesupport_introspection_cpp/turtlesim/srv/detail/set_pen__type_support.cpp.o[0m
[10.357s] [ 39%] [32mBuilding CXX object CMakeFiles/turtlesim__rosidl_typesupport_fastrtps_cpp.dir/rosidl_typesupport_fastrtps_cpp/turtlesim/srv/detail/dds_fastrtps/set_pen__type_support.cpp.o[0m
[10.401s] [ 40%] [32mBuilding CXX object CMakeFiles/turtlesim__rosidl_typesupport_fastrtps_cpp.dir/rosidl_typesupport_fastrtps_cpp/turtlesim/srv/detail/dds_fastrtps/kill__type_support.cpp.o[0m
[10.427s] [ 41%] [32mBuilding CXX object CMakeFiles/turtlesim__rosidl_typesupport_c.dir/rosidl_typesupport_c/turtlesim/action/rotate_absolute__type_support.cpp.o[0m
[10.428s] [ 42%] [32mBuilding CXX object CMakeFiles/turtlesim__rosidl_typesupport_c.dir/rosidl_typesupport_c/turtlesim/msg/color__type_support.cpp.o[0m
[10.429s] [ 43%] [32mBuilding CXX object CMakeFiles/turtlesim__rosidl_typesupport_c.dir/rosidl_typesupport_c/turtlesim/msg/pose__type_support.cpp.o[0m
[10.438s] [ 44%] [32mBuilding C object CMakeFiles/turtlesim__rosidl_typesupport_introspection_c.dir/rosidl_typesupport_introspection_c/turtlesim/action/detail/rotate_absolute__type_support.c.o[0m
[10.448s] [ 45%] [32mBuilding CXX object CMakeFiles/turtlesim__rosidl_typesupport_c.dir/rosidl_typesupport_c/turtlesim/srv/kill__type_support.cpp.o[0m
[10.449s] [ 46%] [32mBuilding C object CMakeFiles/turtlesim__rosidl_typesupport_introspection_c.dir/rosidl_typesupport_introspection_c/turtlesim/msg/detail/color__type_support.c.o[0m
[10.449s] [ 47%] [32mBuilding CXX object CMakeFiles/turtlesim__rosidl_typesupport_introspection_cpp.dir/rosidl_typesupport_introspection_cpp/turtlesim/srv/detail/kill__type_support.cpp.o[0m
[10.450s] [ 48%] [32mBuilding C object CMakeFiles/turtlesim__rosidl_typesupport_introspection_c.dir/rosidl_typesupport_introspection_c/turtlesim/msg/detail/pose__type_support.c.o[0m
[10.451s] [ 49%] [32mBuilding CXX object CMakeFiles/turtlesim__rosidl_typesupport_c.dir/rosidl_typesupport_c/turtlesim/srv/set_pen__type_support.cpp.o[0m
[10.466s] [ 50%] [32mBuilding CXX object CMakeFiles/turtlesim__rosidl_typesupport_c.dir/rosidl_typesupport_c/turtlesim/srv/spawn__type_support.cpp.o[0m
[10.474s] [ 51%] [32mBuilding CXX object CMakeFiles/turtlesim__rosidl_typesupport_c.dir/rosidl_typesupport_c/turtlesim/srv/teleport_absolute__type_support.cpp.o[0m
[10.475s] [ 52%] [32mBuilding C object CMakeFiles/turtlesim__rosidl_typesupport_introspection_c.dir/rosidl_typesupport_introspection_c/turtlesim/srv/detail/kill__type_support.c.o[0m
[10.475s] [ 53%] [32mBuilding C object CMakeFiles/turtlesim__rosidl_typesupport_introspection_c.dir/rosidl_typesupport_introspection_c/turtlesim/srv/detail/set_pen__type_support.c.o[0m
[10.476s] [ 54%] [32mBuilding CXX object CMakeFiles/turtlesim__rosidl_typesupport_c.dir/rosidl_typesupport_c/turtlesim/srv/teleport_relative__type_support.cpp.o[0m
[10.477s] [ 55%] [32mBuilding C object CMakeFiles/turtlesim__rosidl_typesupport_introspection_c.dir/rosidl_typesupport_introspection_c/turtlesim/srv/detail/spawn__type_support.c.o[0m
[10.500s] [ 56%] [32m[1mLinking CXX shared library libturtlesim__rosidl_typesupport_c.so[0m
[10.500s] [ 57%] [32mBuilding C object CMakeFiles/turtlesim__rosidl_typesupport_introspection_c.dir/rosidl_typesupport_introspection_c/turtlesim/srv/detail/teleport_relative__type_support.c.o[0m
[10.507s] [ 58%] [32mBuilding C object CMakeFiles/turtlesim__rosidl_typesupport_introspection_c.dir/rosidl_typesupport_introspection_c/turtlesim/srv/detail/teleport_absolute__type_support.c.o[0m
[10.530s] [ 58%] Built target turtlesim__rosidl_typesupport_c
[10.539s] [ 59%] [32m[1mLinking C shared library libturtlesim__rosidl_typesupport_introspection_c.so[0m
[10.544s] [ 60%] [32mBuilding CXX object CMakeFiles/mimic.dir/tutorials/mimic.cpp.o[0m
[10.547s] [ 61%] [32mBuilding CXX object CMakeFiles/draw_square.dir/tutorials/draw_square.cpp.o[0m
[10.561s] [ 61%] Built target turtlesim__rosidl_typesupport_introspection_c
[10.573s] [ 62%] [32mBuilding CXX object CMakeFiles/turtle_teleop_key.dir/tutorials/teleop_turtle_key.cpp.o[0m
[10.639s] [ 63%] [32m[1mLinking CXX shared library libturtlesim__rosidl_typesupport_fastrtps_cpp.so[0m
[10.679s] [ 64%] [32m[1mLinking CXX shared library libturtlesim__rosidl_typesupport_introspection_cpp.so[0m
[10.689s] [ 64%] Built target turtlesim__rosidl_typesupport_fastrtps_cpp
[10.695s] [ 65%] [34m[1mGenerating include/turtlesim/moc_turtle_frame.cpp[0m
[10.728s] [ 65%] Built target turtlesim__rosidl_typesupport_introspection_cpp
[10.735s] [ 66%] [34m[1mGenerating C type support for eProsima Fast-RTPS[0m
[10.741s] [ 67%] [32mBuilding CXX object CMakeFiles/turtlesim_node.dir/src/turtle.cpp.o[0m
[10.742s] [ 68%] [32mBuilding CXX object CMakeFiles/turtlesim_node.dir/src/turtle_frame.cpp.o[0m
[10.744s] [ 69%] [32mBuilding CXX object CMakeFiles/turtlesim_node.dir/src/turtlesim.cpp.o[0m
[11.187s] [ 70%] [32mBuilding CXX object CMakeFiles/turtlesim__rosidl_typesupport_fastrtps_c.dir/rosidl_typesupport_fastrtps_c/turtlesim/action/detail/rotate_absolute__type_support_c.cpp.o[0m
[11.188s] [ 71%] [32mBuilding CXX object CMakeFiles/turtlesim__rosidl_typesupport_fastrtps_c.dir/rosidl_typesupport_fastrtps_c/turtlesim/msg/detail/pose__type_support_c.cpp.o[0m
[11.189s] [ 72%] [32mBuilding CXX object CMakeFiles/turtlesim__rosidl_typesupport_fastrtps_c.dir/rosidl_typesupport_fastrtps_c/turtlesim/msg/detail/color__type_support_c.cpp.o[0m
[11.189s] [ 73%] [32mBuilding CXX object CMakeFiles/turtlesim__rosidl_typesupport_fastrtps_c.dir/rosidl_typesupport_fastrtps_c/turtlesim/srv/detail/kill__type_support_c.cpp.o[0m
[11.189s] [ 74%] [32mBuilding CXX object CMakeFiles/turtlesim__rosidl_typesupport_fastrtps_c.dir/rosidl_typesupport_fastrtps_c/turtlesim/srv/detail/set_pen__type_support_c.cpp.o[0m
[11.458s] [ 77%] [32mBuilding CXX object CMakeFiles/turtlesim__rosidl_typesupport_fastrtps_c.dir/rosidl_typesupport_fastrtps_c/turtlesim/srv/detail/teleport_absolute__type_support_c.cpp.o[0m
[11.458s] [ 77%] [32mBuilding CXX object CMakeFiles/turtlesim__rosidl_typesupport_fastrtps_c.dir/rosidl_typesupport_fastrtps_c/turtlesim/srv/detail/spawn__type_support_c.cpp.o[0m
[11.458s] [ 77%] [32mBuilding CXX object CMakeFiles/turtlesim__rosidl_typesupport_fastrtps_c.dir/rosidl_typesupport_fastrtps_c/turtlesim/srv/detail/teleport_relative__type_support_c.cpp.o[0m
[11.742s] [ 78%] [32m[1mLinking CXX shared library libturtlesim__rosidl_typesupport_fastrtps_c.so[0m
[11.788s] [ 78%] Built target turtlesim__rosidl_typesupport_fastrtps_c
[11.803s] [ 78%] Built target turtlesim
[11.816s] [ 79%] [34m[1mGenerating Python code for ROS interfaces[0m
[12.720s] [ 79%] Built target turtlesim__py
[12.735s] [ 80%] [32mBuilding C object CMakeFiles/turtlesim__rosidl_generator_py.dir/rosidl_generator_py/turtlesim/msg/_color_s.c.o[0m
[12.735s] [ 81%] [32mBuilding C object CMakeFiles/turtlesim__rosidl_generator_py.dir/rosidl_generator_py/turtlesim/action/_rotate_absolute_s.c.o[0m
[12.735s] [ 82%] [32mBuilding C object CMakeFiles/turtlesim__rosidl_generator_py.dir/rosidl_generator_py/turtlesim/srv/_set_pen_s.c.o[0m
[12.735s] [ 83%] [32mBuilding C object CMakeFiles/turtlesim__rosidl_generator_py.dir/rosidl_generator_py/turtlesim/srv/_kill_s.c.o[0m
[12.736s] [ 84%] [32mBuilding C object CMakeFiles/turtlesim__rosidl_generator_py.dir/rosidl_generator_py/turtlesim/msg/_pose_s.c.o[0m
[12.803s] [ 85%] [32mBuilding C object CMakeFiles/turtlesim__rosidl_generator_py.dir/rosidl_generator_py/turtlesim/srv/_teleport_relative_s.c.o[0m
[12.813s] [ 86%] [32mBuilding C object CMakeFiles/turtlesim__rosidl_generator_py.dir/rosidl_generator_py/turtlesim/srv/_teleport_absolute_s.c.o[0m
[12.815s] [ 87%] [32mBuilding C object CMakeFiles/turtlesim__rosidl_generator_py.dir/rosidl_generator_py/turtlesim/srv/_spawn_s.c.o[0m
[12.903s] [ 88%] [32m[1mLinking C shared library rosidl_generator_py/turtlesim/libturtlesim__rosidl_generator_py.so[0m
[12.935s] [ 88%] Built target turtlesim__rosidl_generator_py
[12.949s] [ 89%] [32mBuilding C object CMakeFiles/turtlesim__rosidl_typesupport_c__pyext.dir/rosidl_generator_py/turtlesim/_turtlesim_s.ep.rosidl_typesupport_c.c.o[0m
[12.950s] [ 90%] [32mBuilding C object CMakeFiles/turtlesim__rosidl_typesupport_fastrtps_c__pyext.dir/rosidl_generator_py/turtlesim/_turtlesim_s.ep.rosidl_typesupport_fastrtps_c.c.o[0m
[12.952s] [ 91%] [32mBuilding C object CMakeFiles/turtlesim__rosidl_typesupport_introspection_c__pyext.dir/rosidl_generator_py/turtlesim/_turtlesim_s.ep.rosidl_typesupport_introspection_c.c.o[0m
[13.051s] [ 92%] [32m[1mLinking C shared library rosidl_generator_py/turtlesim/turtlesim_s__rosidl_typesupport_fastrtps_c.cpython-310-x86_64-linux-gnu.so[0m
[13.077s] [ 92%] Built target turtlesim__rosidl_typesupport_fastrtps_c__pyext
[13.089s] [ 93%] [32m[1mLinking C shared library rosidl_generator_py/turtlesim/turtlesim_s__rosidl_typesupport_c.cpython-310-x86_64-linux-gnu.so[0m
[13.090s] [ 94%] [32m[1mLinking C shared library rosidl_generator_py/turtlesim/turtlesim_s__rosidl_typesupport_introspection_c.cpython-310-x86_64-linux-gnu.so[0m
[13.114s] [ 94%] Built target turtlesim__rosidl_typesupport_c__pyext
[13.117s] [ 94%] Built target turtlesim__rosidl_typesupport_introspection_c__pyext
[13.355s] [ 95%] [32mBuilding CXX object CMakeFiles/turtlesim_node.dir/include/turtlesim/moc_turtle_frame.cpp.o[0m
[14.021s] [ 96%] [32m[1mLinking CXX executable turtle_teleop_key[0m
[14.173s] [ 96%] Built target turtle_teleop_key
[15.380s] [ 97%] [32m[1mLinking CXX executable mimic[0m
[15.603s] [ 97%] Built target mimic
[15.781s] [ 98%] [32m[1mLinking CXX executable draw_square[0m
[16.032s] [ 98%] Built target draw_square
[17.709s] [100%] [32m[1mLinking CXX executable turtlesim_node[0m
[18.515s] [100%] Built target turtlesim_node
[18.528s] Invoked command in '/home/ubuntu/ros2_ws/build/turtlesim' returned '0': CMAKE_PREFIX_PATH=${CMAKE_PREFIX_PATH}:/home/ubuntu/ros2_ws/install/launch_testing_examples:/home/ubuntu/ros2_ws/install/examples_rclpy_pointcloud_publisher:/home/ubuntu/ros2_ws/install/examples_rclpy_minimal_subscriber:/home/ubuntu/ros2_ws/install/examples_rclpy_minimal_service:/home/ubuntu/ros2_ws/install/examples_rclpy_minimal_publisher:/home/ubuntu/ros2_ws/install/examples_rclpy_minimal_client:/home/ubuntu/ros2_ws/install/examples_rclpy_minimal_action_server:/home/ubuntu/ros2_ws/install/examples_rclpy_minimal_action_client:/home/ubuntu/ros2_ws/install/examples_rclpy_guard_conditions:/home/ubuntu/ros2_ws/install/examples_rclpy_executors:/opt/ros/humble /usr/bin/cmake --build /home/ubuntu/ros2_ws/build/turtlesim -- -j16 -l16
[18.530s] Invoking command in '/home/ubuntu/ros2_ws/build/turtlesim': CMAKE_PREFIX_PATH=${CMAKE_PREFIX_PATH}:/home/ubuntu/ros2_ws/install/launch_testing_examples:/home/ubuntu/ros2_ws/install/examples_rclpy_pointcloud_publisher:/home/ubuntu/ros2_ws/install/examples_rclpy_minimal_subscriber:/home/ubuntu/ros2_ws/install/examples_rclpy_minimal_service:/home/ubuntu/ros2_ws/install/examples_rclpy_minimal_publisher:/home/ubuntu/ros2_ws/install/examples_rclpy_minimal_client:/home/ubuntu/ros2_ws/install/examples_rclpy_minimal_action_server:/home/ubuntu/ros2_ws/install/examples_rclpy_minimal_action_client:/home/ubuntu/ros2_ws/install/examples_rclpy_guard_conditions:/home/ubuntu/ros2_ws/install/examples_rclpy_executors:/opt/ros/humble /usr/bin/cmake --install /home/ubuntu/ros2_ws/build/turtlesim
[18.537s] -- Install configuration: ""
[18.537s] -- Installing: /home/ubuntu/ros2_ws/install/turtlesim/share/ament_index/resource_index/rosidl_interfaces/turtlesim
[18.538s] -- Installing: /home/ubuntu/ros2_ws/install/turtlesim/include/turtlesim/turtlesim
[18.538s] -- Installing: /home/ubuntu/ros2_ws/install/turtlesim/include/turtlesim/turtlesim/srv
[18.538s] -- Installing: /home/ubuntu/ros2_ws/install/turtlesim/include/turtlesim/turtlesim/srv/kill.h
[18.538s] -- Installing: /home/ubuntu/ros2_ws/install/turtlesim/include/turtlesim/turtlesim/srv/spawn.h
[18.538s] -- Installing: /home/ubuntu/ros2_ws/install/turtlesim/include/turtlesim/turtlesim/srv/detail
[18.538s] -- Installing: /home/ubuntu/ros2_ws/install/turtlesim/include/turtlesim/turtlesim/srv/detail/teleport_absolute__functions.h
[18.538s] -- Installing: /home/ubuntu/ros2_ws/install/turtlesim/include/turtlesim/turtlesim/srv/detail/spawn__functions.h
[18.538s] -- Installing: /home/ubuntu/ros2_ws/install/turtlesim/include/turtlesim/turtlesim/srv/detail/spawn__struct.h
[18.538s] -- Installing: /home/ubuntu/ros2_ws/install/turtlesim/include/turtlesim/turtlesim/srv/detail/spawn__type_support.h
[18.538s] -- Installing: /home/ubuntu/ros2_ws/install/turtlesim/include/turtlesim/turtlesim/srv/detail/spawn__functions.c
[18.539s] -- Installing: /home/ubuntu/ros2_ws/install/turtlesim/include/turtlesim/turtlesim/srv/detail/kill__struct.h
[18.539s] -- Installing: /home/ubuntu/ros2_ws/install/turtlesim/include/turtlesim/turtlesim/srv/detail/teleport_absolute__struct.h
[18.539s] -- Installing: /home/ubuntu/ros2_ws/install/turtlesim/include/turtlesim/turtlesim/srv/detail/set_pen__type_support.h
[18.539s] -- Installing: /home/ubuntu/ros2_ws/install/turtlesim/include/turtlesim/turtlesim/srv/detail/kill__type_support.h
[18.539s] -- Installing: /home/ubuntu/ros2_ws/install/turtlesim/include/turtlesim/turtlesim/srv/detail/teleport_relative__type_support.h
[18.539s] -- Installing: /home/ubuntu/ros2_ws/install/turtlesim/include/turtlesim/turtlesim/srv/detail/set_pen__functions.c
[18.539s] -- Installing: /home/ubuntu/ros2_ws/install/turtlesim/include/turtlesim/turtlesim/srv/detail/kill__functions.c
[18.539s] -- Installing: /home/ubuntu/ros2_ws/install/turtlesim/include/turtlesim/turtlesim/srv/detail/set_pen__struct.h
[18.539s] -- Installing: /home/ubuntu/ros2_ws/install/turtlesim/include/turtlesim/turtlesim/srv/detail/teleport_relative__functions.h
[18.539s] -- Installing: /home/ubuntu/ros2_ws/install/turtlesim/include/turtlesim/turtlesim/srv/detail/set_pen__functions.h
[18.539s] -- Installing: /home/ubuntu/ros2_ws/install/turtlesim/include/turtlesim/turtlesim/srv/detail/teleport_absolute__functions.c
[18.539s] -- Installing: /home/ubuntu/ros2_ws/install/turtlesim/include/turtlesim/turtlesim/srv/detail/teleport_absolute__type_support.h
[18.539s] -- Installing: /home/ubuntu/ros2_ws/install/turtlesim/include/turtlesim/turtlesim/srv/detail/kill__functions.h
[18.540s] -- Installing: /home/ubuntu/ros2_ws/install/turtlesim/include/turtlesim/turtlesim/srv/detail/teleport_relative__functions.c
[18.540s] -- Installing: /home/ubuntu/ros2_ws/install/turtlesim/include/turtlesim/turtlesim/srv/detail/teleport_relative__struct.h
[18.540s] -- Installing: /home/ubuntu/ros2_ws/install/turtlesim/include/turtlesim/turtlesim/srv/teleport_relative.h
[18.540s] -- Installing: /home/ubuntu/ros2_ws/install/turtlesim/include/turtlesim/turtlesim/srv/teleport_absolute.h
[18.540s] -- Installing: /home/ubuntu/ros2_ws/install/turtlesim/include/turtlesim/turtlesim/srv/set_pen.h
[18.540s] -- Installing: /home/ubuntu/ros2_ws/install/turtlesim/include/turtlesim/turtlesim/action
[18.540s] -- Installing: /home/ubuntu/ros2_ws/install/turtlesim/include/turtlesim/turtlesim/action/detail
[18.540s] -- Installing: /home/ubuntu/ros2_ws/install/turtlesim/include/turtlesim/turtlesim/action/detail/rotate_absolute__functions.c
[18.540s] -- Installing: /home/ubuntu/ros2_ws/install/turtlesim/include/turtlesim/turtlesim/action/detail/rotate_absolute__struct.h
[18.540s] -- Installing: /home/ubuntu/ros2_ws/install/turtlesim/include/turtlesim/turtlesim/action/detail/rotate_absolute__type_support.h
[18.540s] -- Installing: /home/ubuntu/ros2_ws/install/turtlesim/include/turtlesim/turtlesim/action/detail/rotate_absolute__functions.h
[18.540s] -- Installing: /home/ubuntu/ros2_ws/install/turtlesim/include/turtlesim/turtlesim/action/rotate_absolute.h
[18.541s] -- Installing: /home/ubuntu/ros2_ws/install/turtlesim/include/turtlesim/turtlesim/msg
[18.541s] -- Installing: /home/ubuntu/ros2_ws/install/turtlesim/include/turtlesim/turtlesim/msg/color.h
[18.541s] -- Installing: /home/ubuntu/ros2_ws/install/turtlesim/include/turtlesim/turtlesim/msg/pose.h
[18.541s] -- Installing: /home/ubuntu/ros2_ws/install/turtlesim/include/turtlesim/turtlesim/msg/detail
[18.541s] -- Installing: /home/ubuntu/ros2_ws/install/turtlesim/include/turtlesim/turtlesim/msg/detail/pose__type_support.h
[18.541s] -- Installing: /home/ubuntu/ros2_ws/install/turtlesim/include/turtlesim/turtlesim/msg/detail/pose__struct.h
[18.541s] -- Installing: /home/ubuntu/ros2_ws/install/turtlesim/include/turtlesim/turtlesim/msg/detail/color__struct.h
[18.541s] -- Installing: /home/ubuntu/ros2_ws/install/turtlesim/include/turtlesim/turtlesim/msg/detail/color__type_support.h
[18.541s] -- Installing: /home/ubuntu/ros2_ws/install/turtlesim/include/turtlesim/turtlesim/msg/detail/color__functions.c
[18.541s] -- Installing: /home/ubuntu/ros2_ws/install/turtlesim/include/turtlesim/turtlesim/msg/detail/pose__functions.h
[18.541s] -- Installing: /home/ubuntu/ros2_ws/install/turtlesim/include/turtlesim/turtlesim/msg/detail/color__functions.h
[18.541s] -- Installing: /home/ubuntu/ros2_ws/install/turtlesim/include/turtlesim/turtlesim/msg/detail/pose__functions.c
[18.541s] -- Installing: /home/ubuntu/ros2_ws/install/turtlesim/include/turtlesim/turtlesim/msg/rosidl_generator_c__visibility_control.h
[18.542s] -- Installing: /home/ubuntu/ros2_ws/install/turtlesim/share/turtlesim/environment/library_path.sh
[18.542s] -- Installing: /home/ubuntu/ros2_ws/install/turtlesim/share/turtlesim/environment/library_path.dsv
[18.542s] -- Installing: /home/ubuntu/ros2_ws/install/turtlesim/lib/libturtlesim__rosidl_generator_c.so
[18.542s] -- Set runtime path of "/home/ubuntu/ros2_ws/install/turtlesim/lib/libturtlesim__rosidl_generator_c.so" to ""
[18.542s] -- Up-to-date: /home/ubuntu/ros2_ws/install/turtlesim/include/turtlesim/turtlesim
[18.542s] -- Up-to-date: /home/ubuntu/ros2_ws/install/turtlesim/include/turtlesim/turtlesim/srv
[18.542s] -- Up-to-date: /home/ubuntu/ros2_ws/install/turtlesim/include/turtlesim/turtlesim/srv/detail
[18.542s] -- Installing: /home/ubuntu/ros2_ws/install/turtlesim/include/turtlesim/turtlesim/srv/detail/spawn__rosidl_typesupport_fastrtps_c.h
[18.542s] -- Installing: /home/ubuntu/ros2_ws/install/turtlesim/include/turtlesim/turtlesim/srv/detail/set_pen__rosidl_typesupport_fastrtps_c.h
[18.543s] -- Installing: /home/ubuntu/ros2_ws/install/turtlesim/include/turtlesim/turtlesim/srv/detail/teleport_relative__rosidl_typesupport_fastrtps_c.h
[18.543s] -- Installing: /home/ubuntu/ros2_ws/install/turtlesim/include/turtlesim/turtlesim/srv/detail/kill__rosidl_typesupport_fastrtps_c.h
[18.543s] -- Installing: /home/ubuntu/ros2_ws/install/turtlesim/include/turtlesim/turtlesim/srv/detail/teleport_absolute__rosidl_typesupport_fastrtps_c.h
[18.543s] -- Up-to-date: /home/ubuntu/ros2_ws/install/turtlesim/include/turtlesim/turtlesim/action
[18.543s] -- Up-to-date: /home/ubuntu/ros2_ws/install/turtlesim/include/turtlesim/turtlesim/action/detail
[18.543s] -- Installing: /home/ubuntu/ros2_ws/install/turtlesim/include/turtlesim/turtlesim/action/detail/rotate_absolute__rosidl_typesupport_fastrtps_c.h
[18.543s] -- Up-to-date: /home/ubuntu/ros2_ws/install/turtlesim/include/turtlesim/turtlesim/msg
[18.543s] -- Up-to-date: /home/ubuntu/ros2_ws/install/turtlesim/include/turtlesim/turtlesim/msg/detail
[18.543s] -- Installing: /home/ubuntu/ros2_ws/install/turtlesim/include/turtlesim/turtlesim/msg/detail/pose__rosidl_typesupport_fastrtps_c.h
[18.543s] -- Installing: /home/ubuntu/ros2_ws/install/turtlesim/include/turtlesim/turtlesim/msg/detail/color__rosidl_typesupport_fastrtps_c.h
[18.543s] -- Installing: /home/ubuntu/ros2_ws/install/turtlesim/include/turtlesim/turtlesim/msg/rosidl_typesupport_fastrtps_c__visibility_control.h
[18.543s] -- Installing: /home/ubuntu/ros2_ws/install/turtlesim/lib/libturtlesim__rosidl_typesupport_fastrtps_c.so
[18.544s] -- Set runtime path of "/home/ubuntu/ros2_ws/install/turtlesim/lib/libturtlesim__rosidl_typesupport_fastrtps_c.so" to ""
[18.544s] -- Up-to-date: /home/ubuntu/ros2_ws/install/turtlesim/include/turtlesim/turtlesim
[18.544s] -- Up-to-date: /home/ubuntu/ros2_ws/install/turtlesim/include/turtlesim/turtlesim/srv
[18.544s] -- Installing: /home/ubuntu/ros2_ws/install/turtlesim/include/turtlesim/turtlesim/srv/set_pen.hpp
[18.544s] -- Installing: /home/ubuntu/ros2_ws/install/turtlesim/include/turtlesim/turtlesim/srv/kill.hpp
[18.544s] -- Installing: /home/ubuntu/ros2_ws/install/turtlesim/include/turtlesim/turtlesim/srv/teleport_absolute.hpp
[18.544s] -- Up-to-date: /home/ubuntu/ros2_ws/install/turtlesim/include/turtlesim/turtlesim/srv/detail
[18.544s] -- Installing: /home/ubuntu/ros2_ws/install/turtlesim/include/turtlesim/turtlesim/srv/detail/kill__builder.hpp
[18.544s] -- Installing: /home/ubuntu/ros2_ws/install/turtlesim/include/turtlesim/turtlesim/srv/detail/spawn__type_support.hpp
[18.544s] -- Installing: /home/ubuntu/ros2_ws/install/turtlesim/include/turtlesim/turtlesim/srv/detail/spawn__builder.hpp
[18.544s] -- Installing: /home/ubuntu/ros2_ws/install/turtlesim/include/turtlesim/turtlesim/srv/detail/teleport_relative__traits.hpp
[18.544s] -- Installing: /home/ubuntu/ros2_ws/install/turtlesim/include/turtlesim/turtlesim/srv/detail/set_pen__traits.hpp
[18.544s] -- Installing: /home/ubuntu/ros2_ws/install/turtlesim/include/turtlesim/turtlesim/srv/detail/kill__traits.hpp
[18.544s] -- Installing: /home/ubuntu/ros2_ws/install/turtlesim/include/turtlesim/turtlesim/srv/detail/set_pen__type_support.hpp
[18.544s] -- Installing: /home/ubuntu/ros2_ws/install/turtlesim/include/turtlesim/turtlesim/srv/detail/teleport_absolute__type_support.hpp
[18.544s] -- Installing: /home/ubuntu/ros2_ws/install/turtlesim/include/turtlesim/turtlesim/srv/detail/kill__struct.hpp
[18.545s] -- Installing: /home/ubuntu/ros2_ws/install/turtlesim/include/turtlesim/turtlesim/srv/detail/spawn__traits.hpp
[18.545s] -- Installing: /home/ubuntu/ros2_ws/install/turtlesim/include/turtlesim/turtlesim/srv/detail/teleport_relative__builder.hpp
[18.545s] -- Installing: /home/ubuntu/ros2_ws/install/turtlesim/include/turtlesim/turtlesim/srv/detail/set_pen__builder.hpp
[18.545s] -- Installing: /home/ubuntu/ros2_ws/install/turtlesim/include/turtlesim/turtlesim/srv/detail/teleport_absolute__struct.hpp
[18.545s] -- Installing: /home/ubuntu/ros2_ws/install/turtlesim/include/turtlesim/turtlesim/srv/detail/spawn__struct.hpp
[18.545s] -- Installing: /home/ubuntu/ros2_ws/install/turtlesim/include/turtlesim/turtlesim/srv/detail/teleport_absolute__builder.hpp
[18.545s] -- Installing: /home/ubuntu/ros2_ws/install/turtlesim/include/turtlesim/turtlesim/srv/detail/teleport_absolute__traits.hpp
[18.545s] -- Installing: /home/ubuntu/ros2_ws/install/turtlesim/include/turtlesim/turtlesim/srv/detail/teleport_relative__struct.hpp
[18.545s] -- Installing: /home/ubuntu/ros2_ws/install/turtlesim/include/turtlesim/turtlesim/srv/detail/kill__type_support.hpp
[18.545s] -- Installing: /home/ubuntu/ros2_ws/install/turtlesim/include/turtlesim/turtlesim/srv/detail/set_pen__struct.hpp
[18.545s] -- Installing: /home/ubuntu/ros2_ws/install/turtlesim/include/turtlesim/turtlesim/srv/detail/teleport_relative__type_support.hpp
[18.545s] -- Installing: /home/ubuntu/ros2_ws/install/turtlesim/include/turtlesim/turtlesim/srv/teleport_relative.hpp
[18.546s] -- Installing: /home/ubuntu/ros2_ws/install/turtlesim/include/turtlesim/turtlesim/srv/spawn.hpp
[18.546s] -- Up-to-date: /home/ubuntu/ros2_ws/install/turtlesim/include/turtlesim/turtlesim/action
[18.546s] -- Installing: /home/ubuntu/ros2_ws/install/turtlesim/include/turtlesim/turtlesim/action/rotate_absolute.hpp
[18.546s] -- Up-to-date: /home/ubuntu/ros2_ws/install/turtlesim/include/turtlesim/turtlesim/action/detail
[18.546s] -- Installing: /home/ubuntu/ros2_ws/install/turtlesim/include/turtlesim/turtlesim/action/detail/rotate_absolute__traits.hpp
[18.546s] -- Installing: /home/ubuntu/ros2_ws/install/turtlesim/include/turtlesim/turtlesim/action/detail/rotate_absolute__type_support.hpp
[18.546s] -- Installing: /home/ubuntu/ros2_ws/install/turtlesim/include/turtlesim/turtlesim/action/detail/rotate_absolute__builder.hpp
[18.546s] -- Installing: /home/ubuntu/ros2_ws/install/turtlesim/include/turtlesim/turtlesim/action/detail/rotate_absolute__struct.hpp
[18.546s] -- Up-to-date: /home/ubuntu/ros2_ws/install/turtlesim/include/turtlesim/turtlesim/msg
[18.546s] -- Installing: /home/ubuntu/ros2_ws/install/turtlesim/include/turtlesim/turtlesim/msg/pose.hpp
[18.546s] -- Installing: /home/ubuntu/ros2_ws/install/turtlesim/include/turtlesim/turtlesim/msg/rosidl_generator_cpp__visibility_control.hpp
[18.546s] -- Up-to-date: /home/ubuntu/ros2_ws/install/turtlesim/include/turtlesim/turtlesim/msg/detail
[18.546s] -- Installing: /home/ubuntu/ros2_ws/install/turtlesim/include/turtlesim/turtlesim/msg/detail/color__struct.hpp
[18.546s] -- Installing: /home/ubuntu/ros2_ws/install/turtlesim/include/turtlesim/turtlesim/msg/detail/pose__struct.hpp
[18.546s] -- Installing: /home/ubuntu/ros2_ws/install/turtlesim/include/turtlesim/turtlesim/msg/detail/color__traits.hpp
[18.546s] -- Installing: /home/ubuntu/ros2_ws/install/turtlesim/include/turtlesim/turtlesim/msg/detail/color__builder.hpp
[18.547s] -- Installing: /home/ubuntu/ros2_ws/install/turtlesim/include/turtlesim/turtlesim/msg/detail/pose__traits.hpp
[18.547s] -- Installing: /home/ubuntu/ros2_ws/install/turtlesim/include/turtlesim/turtlesim/msg/detail/pose__type_support.hpp
[18.547s] -- Installing: /home/ubuntu/ros2_ws/install/turtlesim/include/turtlesim/turtlesim/msg/detail/pose__builder.hpp
[18.547s] -- Installing: /home/ubuntu/ros2_ws/install/turtlesim/include/turtlesim/turtlesim/msg/detail/color__type_support.hpp
[18.547s] -- Installing: /home/ubuntu/ros2_ws/install/turtlesim/include/turtlesim/turtlesim/msg/color.hpp
[18.547s] -- Up-to-date: /home/ubuntu/ros2_ws/install/turtlesim/include/turtlesim/turtlesim
[18.547s] -- Up-to-date: /home/ubuntu/ros2_ws/install/turtlesim/include/turtlesim/turtlesim/srv
[18.547s] -- Up-to-date: /home/ubuntu/ros2_ws/install/turtlesim/include/turtlesim/turtlesim/srv/detail
[18.547s] -- Installing: /home/ubuntu/ros2_ws/install/turtlesim/include/turtlesim/turtlesim/srv/detail/teleport_relative__rosidl_typesupport_fastrtps_cpp.hpp
[18.547s] -- Installing: /home/ubuntu/ros2_ws/install/turtlesim/include/turtlesim/turtlesim/srv/detail/set_pen__rosidl_typesupport_fastrtps_cpp.hpp
[18.547s] -- Installing: /home/ubuntu/ros2_ws/install/turtlesim/include/turtlesim/turtlesim/srv/detail/teleport_absolute__rosidl_typesupport_fastrtps_cpp.hpp
[18.547s] -- Installing: /home/ubuntu/ros2_ws/install/turtlesim/include/turtlesim/turtlesim/srv/detail/kill__rosidl_typesupport_fastrtps_cpp.hpp
[18.547s] -- Installing: /home/ubuntu/ros2_ws/install/turtlesim/include/turtlesim/turtlesim/srv/detail/spawn__rosidl_typesupport_fastrtps_cpp.hpp
[18.547s] -- Installing: /home/ubuntu/ros2_ws/install/turtlesim/include/turtlesim/turtlesim/srv/detail/dds_fastrtps
[18.548s] -- Up-to-date: /home/ubuntu/ros2_ws/install/turtlesim/include/turtlesim/turtlesim/action
[18.548s] -- Up-to-date: /home/ubuntu/ros2_ws/install/turtlesim/include/turtlesim/turtlesim/action/detail
[18.548s] -- Installing: /home/ubuntu/ros2_ws/install/turtlesim/include/turtlesim/turtlesim/action/detail/rotate_absolute__rosidl_typesupport_fastrtps_cpp.hpp
[18.548s] -- Installing: /home/ubuntu/ros2_ws/install/turtlesim/include/turtlesim/turtlesim/action/detail/dds_fastrtps
[18.548s] -- Up-to-date: /home/ubuntu/ros2_ws/install/turtlesim/include/turtlesim/turtlesim/msg
[18.548s] -- Installing: /home/ubuntu/ros2_ws/install/turtlesim/include/turtlesim/turtlesim/msg/rosidl_typesupport_fastrtps_cpp__visibility_control.h
[18.548s] -- Up-to-date: /home/ubuntu/ros2_ws/install/turtlesim/include/turtlesim/turtlesim/msg/detail
[18.548s] -- Installing: /home/ubuntu/ros2_ws/install/turtlesim/include/turtlesim/turtlesim/msg/detail/color__rosidl_typesupport_fastrtps_cpp.hpp
[18.548s] -- Installing: /home/ubuntu/ros2_ws/install/turtlesim/include/turtlesim/turtlesim/msg/detail/pose__rosidl_typesupport_fastrtps_cpp.hpp
[18.548s] -- Installing: /home/ubuntu/ros2_ws/install/turtlesim/include/turtlesim/turtlesim/msg/detail/dds_fastrtps
[18.548s] -- Installing: /home/ubuntu/ros2_ws/install/turtlesim/lib/libturtlesim__rosidl_typesupport_fastrtps_cpp.so
[18.549s] -- Set runtime path of "/home/ubuntu/ros2_ws/install/turtlesim/lib/libturtlesim__rosidl_typesupport_fastrtps_cpp.so" to ""
[18.549s] -- Up-to-date: /home/ubuntu/ros2_ws/install/turtlesim/include/turtlesim/turtlesim
[18.549s] -- Up-to-date: /home/ubuntu/ros2_ws/install/turtlesim/include/turtlesim/turtlesim/srv
[18.549s] -- Up-to-date: /home/ubuntu/ros2_ws/install/turtlesim/include/turtlesim/turtlesim/srv/detail
[18.549s] -- Installing: /home/ubuntu/ros2_ws/install/turtlesim/include/turtlesim/turtlesim/srv/detail/kill__type_support.c
[18.549s] -- Installing: /home/ubuntu/ros2_ws/install/turtlesim/include/turtlesim/turtlesim/srv/detail/set_pen__rosidl_typesupport_introspection_c.h
[18.549s] -- Installing: /home/ubuntu/ros2_ws/install/turtlesim/include/turtlesim/turtlesim/srv/detail/teleport_absolute__type_support.c
[18.549s] -- Installing: /home/ubuntu/ros2_ws/install/turtlesim/include/turtlesim/turtlesim/srv/detail/teleport_absolute__rosidl_typesupport_introspection_c.h
[18.549s] -- Installing: /home/ubuntu/ros2_ws/install/turtlesim/include/turtlesim/turtlesim/srv/detail/spawn__rosidl_typesupport_introspection_c.h
[18.549s] -- Installing: /home/ubuntu/ros2_ws/install/turtlesim/include/turtlesim/turtlesim/srv/detail/set_pen__type_support.c
[18.549s] -- Installing: /home/ubuntu/ros2_ws/install/turtlesim/include/turtlesim/turtlesim/srv/detail/teleport_relative__rosidl_typesupport_introspection_c.h
[18.549s] -- Installing: /home/ubuntu/ros2_ws/install/turtlesim/include/turtlesim/turtlesim/srv/detail/spawn__type_support.c
[18.549s] -- Installing: /home/ubuntu/ros2_ws/install/turtlesim/include/turtlesim/turtlesim/srv/detail/teleport_relative__type_support.c
[18.549s] -- Installing: /home/ubuntu/ros2_ws/install/turtlesim/include/turtlesim/turtlesim/srv/detail/kill__rosidl_typesupport_introspection_c.h
[18.550s] -- Up-to-date: /home/ubuntu/ros2_ws/install/turtlesim/include/turtlesim/turtlesim/action
[18.550s] -- Up-to-date: /home/ubuntu/ros2_ws/install/turtlesim/include/turtlesim/turtlesim/action/detail
[18.550s] -- Installing: /home/ubuntu/ros2_ws/install/turtlesim/include/turtlesim/turtlesim/action/detail/rotate_absolute__rosidl_typesupport_introspection_c.h
[18.550s] -- Installing: /home/ubuntu/ros2_ws/install/turtlesim/include/turtlesim/turtlesim/action/detail/rotate_absolute__type_support.c
[18.550s] -- Up-to-date: /home/ubuntu/ros2_ws/install/turtlesim/include/turtlesim/turtlesim/msg
[18.550s] -- Installing: /home/ubuntu/ros2_ws/install/turtlesim/include/turtlesim/turtlesim/msg/rosidl_typesupport_introspection_c__visibility_control.h
[18.550s] -- Up-to-date: /home/ubuntu/ros2_ws/install/turtlesim/include/turtlesim/turtlesim/msg/detail
[18.550s] -- Installing: /home/ubuntu/ros2_ws/install/turtlesim/include/turtlesim/turtlesim/msg/detail/color__rosidl_typesupport_introspection_c.h
[18.550s] -- Installing: /home/ubuntu/ros2_ws/install/turtlesim/include/turtlesim/turtlesim/msg/detail/color__type_support.c
[18.550s] -- Installing: /home/ubuntu/ros2_ws/install/turtlesim/include/turtlesim/turtlesim/msg/detail/pose__rosidl_typesupport_introspection_c.h
[18.550s] -- Installing: /home/ubuntu/ros2_ws/install/turtlesim/include/turtlesim/turtlesim/msg/detail/pose__type_support.c
[18.550s] -- Installing: /home/ubuntu/ros2_ws/install/turtlesim/lib/libturtlesim__rosidl_typesupport_introspection_c.so
[18.551s] -- Set runtime path of "/home/ubuntu/ros2_ws/install/turtlesim/lib/libturtlesim__rosidl_typesupport_introspection_c.so" to ""
[18.551s] -- Installing: /home/ubuntu/ros2_ws/install/turtlesim/lib/libturtlesim__rosidl_typesupport_c.so
[18.551s] -- Set runtime path of "/home/ubuntu/ros2_ws/install/turtlesim/lib/libturtlesim__rosidl_typesupport_c.so" to ""
[18.551s] -- Up-to-date: /home/ubuntu/ros2_ws/install/turtlesim/include/turtlesim/turtlesim
[18.551s] -- Up-to-date: /home/ubuntu/ros2_ws/install/turtlesim/include/turtlesim/turtlesim/srv
[18.551s] -- Up-to-date: /home/ubuntu/ros2_ws/install/turtlesim/include/turtlesim/turtlesim/srv/detail
[18.551s] -- Installing: /home/ubuntu/ros2_ws/install/turtlesim/include/turtlesim/turtlesim/srv/detail/teleport_relative__type_support.cpp
[18.551s] -- Installing: /home/ubuntu/ros2_ws/install/turtlesim/include/turtlesim/turtlesim/srv/detail/set_pen__type_support.cpp
[18.551s] -- Installing: /home/ubuntu/ros2_ws/install/turtlesim/include/turtlesim/turtlesim/srv/detail/kill__type_support.cpp
[18.551s] -- Installing: /home/ubuntu/ros2_ws/install/turtlesim/include/turtlesim/turtlesim/srv/detail/spawn__type_support.cpp
[18.551s] -- Installing: /home/ubuntu/ros2_ws/install/turtlesim/include/turtlesim/turtlesim/srv/detail/teleport_relative__rosidl_typesupport_introspection_cpp.hpp
[18.551s] -- Installing: /home/ubuntu/ros2_ws/install/turtlesim/include/turtlesim/turtlesim/srv/detail/set_pen__rosidl_typesupport_introspection_cpp.hpp
[18.551s] -- Installing: /home/ubuntu/ros2_ws/install/turtlesim/include/turtlesim/turtlesim/srv/detail/spawn__rosidl_typesupport_introspection_cpp.hpp
[18.552s] -- Installing: /home/ubuntu/ros2_ws/install/turtlesim/include/turtlesim/turtlesim/srv/detail/teleport_absolute__type_support.cpp
[18.552s] -- Installing: /home/ubuntu/ros2_ws/install/turtlesim/include/turtlesim/turtlesim/srv/detail/kill__rosidl_typesupport_introspection_cpp.hpp
[18.552s] -- Installing: /home/ubuntu/ros2_ws/install/turtlesim/include/turtlesim/turtlesim/srv/detail/teleport_absolute__rosidl_typesupport_introspection_cpp.hpp
[18.552s] -- Up-to-date: /home/ubuntu/ros2_ws/install/turtlesim/include/turtlesim/turtlesim/action
[18.552s] -- Up-to-date: /home/ubuntu/ros2_ws/install/turtlesim/include/turtlesim/turtlesim/action/detail
[18.552s] -- Installing: /home/ubuntu/ros2_ws/install/turtlesim/include/turtlesim/turtlesim/action/detail/rotate_absolute__type_support.cpp
[18.552s] -- Installing: /home/ubuntu/ros2_ws/install/turtlesim/include/turtlesim/turtlesim/action/detail/rotate_absolute__rosidl_typesupport_introspection_cpp.hpp
[18.552s] -- Up-to-date: /home/ubuntu/ros2_ws/install/turtlesim/include/turtlesim/turtlesim/msg
[18.552s] -- Up-to-date: /home/ubuntu/ros2_ws/install/turtlesim/include/turtlesim/turtlesim/msg/detail
[18.552s] -- Installing: /home/ubuntu/ros2_ws/install/turtlesim/include/turtlesim/turtlesim/msg/detail/color__type_support.cpp
[18.552s] -- Installing: /home/ubuntu/ros2_ws/install/turtlesim/include/turtlesim/turtlesim/msg/detail/pose__rosidl_typesupport_introspection_cpp.hpp
[18.552s] -- Installing: /home/ubuntu/ros2_ws/install/turtlesim/include/turtlesim/turtlesim/msg/detail/color__rosidl_typesupport_introspection_cpp.hpp
[18.552s] -- Installing: /home/ubuntu/ros2_ws/install/turtlesim/include/turtlesim/turtlesim/msg/detail/pose__type_support.cpp
[18.552s] -- Installing: /home/ubuntu/ros2_ws/install/turtlesim/lib/libturtlesim__rosidl_typesupport_introspection_cpp.so
[18.553s] -- Set runtime path of "/home/ubuntu/ros2_ws/install/turtlesim/lib/libturtlesim__rosidl_typesupport_introspection_cpp.so" to ""
[18.553s] -- Installing: /home/ubuntu/ros2_ws/install/turtlesim/lib/libturtlesim__rosidl_typesupport_cpp.so
[18.553s] -- Set runtime path of "/home/ubuntu/ros2_ws/install/turtlesim/lib/libturtlesim__rosidl_typesupport_cpp.so" to ""
[18.553s] -- Installing: /home/ubuntu/ros2_ws/install/turtlesim/share/turtlesim/environment/pythonpath.sh
[18.553s] -- Installing: /home/ubuntu/ros2_ws/install/turtlesim/share/turtlesim/environment/pythonpath.dsv
[18.553s] -- Installing: /home/ubuntu/ros2_ws/install/turtlesim/local/lib/python3.10/dist-packages/turtlesim-1.4.2-py3.10.egg-info
[18.554s] -- Installing: /home/ubuntu/ros2_ws/install/turtlesim/local/lib/python3.10/dist-packages/turtlesim-1.4.2-py3.10.egg-info/SOURCES.txt
[18.554s] -- Installing: /home/ubuntu/ros2_ws/install/turtlesim/local/lib/python3.10/dist-packages/turtlesim-1.4.2-py3.10.egg-info/dependency_links.txt
[18.554s] -- Installing: /home/ubuntu/ros2_ws/install/turtlesim/local/lib/python3.10/dist-packages/turtlesim-1.4.2-py3.10.egg-info/top_level.txt
[18.554s] -- Installing: /home/ubuntu/ros2_ws/install/turtlesim/local/lib/python3.10/dist-packages/turtlesim-1.4.2-py3.10.egg-info/PKG-INFO
[18.554s] -- Installing: /home/ubuntu/ros2_ws/install/turtlesim/local/lib/python3.10/dist-packages/turtlesim
[18.554s] -- Installing: /home/ubuntu/ros2_ws/install/turtlesim/local/lib/python3.10/dist-packages/turtlesim/_turtlesim_s.ep.rosidl_typesupport_fastrtps_c.c
[18.554s] -- Installing: /home/ubuntu/ros2_ws/install/turtlesim/local/lib/python3.10/dist-packages/turtlesim/srv
[18.554s] -- Installing: /home/ubuntu/ros2_ws/install/turtlesim/local/lib/python3.10/dist-packages/turtlesim/srv/_teleport_relative.py
[18.554s] -- Installing: /home/ubuntu/ros2_ws/install/turtlesim/local/lib/python3.10/dist-packages/turtlesim/srv/_teleport_relative_s.c
[18.554s] -- Installing: /home/ubuntu/ros2_ws/install/turtlesim/local/lib/python3.10/dist-packages/turtlesim/srv/_set_pen_s.c
[18.554s] -- Installing: /home/ubuntu/ros2_ws/install/turtlesim/local/lib/python3.10/dist-packages/turtlesim/srv/__init__.py
[18.554s] -- Installing: /home/ubuntu/ros2_ws/install/turtlesim/local/lib/python3.10/dist-packages/turtlesim/srv/_set_pen.py
[18.555s] -- Installing: /home/ubuntu/ros2_ws/install/turtlesim/local/lib/python3.10/dist-packages/turtlesim/srv/_teleport_absolute.py
[18.555s] -- Installing: /home/ubuntu/ros2_ws/install/turtlesim/local/lib/python3.10/dist-packages/turtlesim/srv/_kill_s.c
[18.555s] -- Installing: /home/ubuntu/ros2_ws/install/turtlesim/local/lib/python3.10/dist-packages/turtlesim/srv/_kill.py
[18.555s] -- Installing: /home/ubuntu/ros2_ws/install/turtlesim/local/lib/python3.10/dist-packages/turtlesim/srv/_spawn_s.c
[18.555s] -- Installing: /home/ubuntu/ros2_ws/install/turtlesim/local/lib/python3.10/dist-packages/turtlesim/srv/_teleport_absolute_s.c
[18.555s] -- Installing: /home/ubuntu/ros2_ws/install/turtlesim/local/lib/python3.10/dist-packages/turtlesim/srv/_spawn.py
[18.555s] -- Installing: /home/ubuntu/ros2_ws/install/turtlesim/local/lib/python3.10/dist-packages/turtlesim/turtlesim_s__rosidl_typesupport_fastrtps_c.cpython-310-x86_64-linux-gnu.so
[18.555s] -- Installing: /home/ubuntu/ros2_ws/install/turtlesim/local/lib/python3.10/dist-packages/turtlesim/action
[18.555s] -- Installing: /home/ubuntu/ros2_ws/install/turtlesim/local/lib/python3.10/dist-packages/turtlesim/action/_rotate_absolute_s.c
[18.555s] -- Installing: /home/ubuntu/ros2_ws/install/turtlesim/local/lib/python3.10/dist-packages/turtlesim/action/_rotate_absolute.py
[18.555s] -- Installing: /home/ubuntu/ros2_ws/install/turtlesim/local/lib/python3.10/dist-packages/turtlesim/action/__init__.py
[18.556s] -- Installing: /home/ubuntu/ros2_ws/install/turtlesim/local/lib/python3.10/dist-packages/turtlesim/turtlesim_s__rosidl_typesupport_introspection_c.cpython-310-x86_64-linux-gnu.so
[18.556s] -- Installing: /home/ubuntu/ros2_ws/install/turtlesim/local/lib/python3.10/dist-packages/turtlesim/__init__.py
[18.556s] -- Installing: /home/ubuntu/ros2_ws/install/turtlesim/local/lib/python3.10/dist-packages/turtlesim/msg
[18.556s] -- Installing: /home/ubuntu/ros2_ws/install/turtlesim/local/lib/python3.10/dist-packages/turtlesim/msg/_color_s.c
[18.556s] -- Installing: /home/ubuntu/ros2_ws/install/turtlesim/local/lib/python3.10/dist-packages/turtlesim/msg/__init__.py
[18.556s] -- Installing: /home/ubuntu/ros2_ws/install/turtlesim/local/lib/python3.10/dist-packages/turtlesim/msg/_color.py
[18.556s] -- Installing: /home/ubuntu/ros2_ws/install/turtlesim/local/lib/python3.10/dist-packages/turtlesim/msg/_pose.py
[18.556s] -- Installing: /home/ubuntu/ros2_ws/install/turtlesim/local/lib/python3.10/dist-packages/turtlesim/msg/_pose_s.c
[18.556s] -- Installing: /home/ubuntu/ros2_ws/install/turtlesim/local/lib/python3.10/dist-packages/turtlesim/_turtlesim_s.ep.rosidl_typesupport_c.c
[18.556s] -- Installing: /home/ubuntu/ros2_ws/install/turtlesim/local/lib/python3.10/dist-packages/turtlesim/turtlesim_s__rosidl_typesupport_c.cpython-310-x86_64-linux-gnu.so
[18.556s] -- Installing: /home/ubuntu/ros2_ws/install/turtlesim/local/lib/python3.10/dist-packages/turtlesim/_turtlesim_s.ep.rosidl_typesupport_introspection_c.c
[18.557s] -- Installing: /home/ubuntu/ros2_ws/install/turtlesim/local/lib/python3.10/dist-packages/turtlesim/libturtlesim__rosidl_generator_py.so
[18.592s] Listing '/home/ubuntu/ros2_ws/install/turtlesim/local/lib/python3.10/dist-packages/turtlesim'...
[18.592s] Compiling '/home/ubuntu/ros2_ws/install/turtlesim/local/lib/python3.10/dist-packages/turtlesim/__init__.py'...
[18.592s] Listing '/home/ubuntu/ros2_ws/install/turtlesim/local/lib/python3.10/dist-packages/turtlesim/action'...
[18.593s] Compiling '/home/ubuntu/ros2_ws/install/turtlesim/local/lib/python3.10/dist-packages/turtlesim/action/__init__.py'...
[18.593s] Compiling '/home/ubuntu/ros2_ws/install/turtlesim/local/lib/python3.10/dist-packages/turtlesim/action/_rotate_absolute.py'...
[18.593s] Listing '/home/ubuntu/ros2_ws/install/turtlesim/local/lib/python3.10/dist-packages/turtlesim/msg'...
[18.593s] Compiling '/home/ubuntu/ros2_ws/install/turtlesim/local/lib/python3.10/dist-packages/turtlesim/msg/__init__.py'...
[18.593s] Compiling '/home/ubuntu/ros2_ws/install/turtlesim/local/lib/python3.10/dist-packages/turtlesim/msg/_color.py'...
[18.593s] Compiling '/home/ubuntu/ros2_ws/install/turtlesim/local/lib/python3.10/dist-packages/turtlesim/msg/_pose.py'...
[18.593s] Listing '/home/ubuntu/ros2_ws/install/turtlesim/local/lib/python3.10/dist-packages/turtlesim/srv'...
[18.593s] Compiling '/home/ubuntu/ros2_ws/install/turtlesim/local/lib/python3.10/dist-packages/turtlesim/srv/__init__.py'...
[18.593s] Compiling '/home/ubuntu/ros2_ws/install/turtlesim/local/lib/python3.10/dist-packages/turtlesim/srv/_kill.py'...
[18.593s] Compiling '/home/ubuntu/ros2_ws/install/turtlesim/local/lib/python3.10/dist-packages/turtlesim/srv/_set_pen.py'...
[18.593s] Compiling '/home/ubuntu/ros2_ws/install/turtlesim/local/lib/python3.10/dist-packages/turtlesim/srv/_spawn.py'...
[18.593s] Compiling '/home/ubuntu/ros2_ws/install/turtlesim/local/lib/python3.10/dist-packages/turtlesim/srv/_teleport_absolute.py'...
[18.593s] Compiling '/home/ubuntu/ros2_ws/install/turtlesim/local/lib/python3.10/dist-packages/turtlesim/srv/_teleport_relative.py'...
[18.597s] -- Installing: /home/ubuntu/ros2_ws/install/turtlesim/local/lib/python3.10/dist-packages/turtlesim/turtlesim_s__rosidl_typesupport_fastrtps_c.cpython-310-x86_64-linux-gnu.so
[18.597s] -- Set runtime path of "/home/ubuntu/ros2_ws/install/turtlesim/local/lib/python3.10/dist-packages/turtlesim/turtlesim_s__rosidl_typesupport_fastrtps_c.cpython-310-x86_64-linux-gnu.so" to ""
[18.597s] -- Installing: /home/ubuntu/ros2_ws/install/turtlesim/local/lib/python3.10/dist-packages/turtlesim/turtlesim_s__rosidl_typesupport_introspection_c.cpython-310-x86_64-linux-gnu.so
[18.598s] -- Set runtime path of "/home/ubuntu/ros2_ws/install/turtlesim/local/lib/python3.10/dist-packages/turtlesim/turtlesim_s__rosidl_typesupport_introspection_c.cpython-310-x86_64-linux-gnu.so" to ""
[18.598s] -- Installing: /home/ubuntu/ros2_ws/install/turtlesim/local/lib/python3.10/dist-packages/turtlesim/turtlesim_s__rosidl_typesupport_c.cpython-310-x86_64-linux-gnu.so
[18.598s] -- Set runtime path of "/home/ubuntu/ros2_ws/install/turtlesim/local/lib/python3.10/dist-packages/turtlesim/turtlesim_s__rosidl_typesupport_c.cpython-310-x86_64-linux-gnu.so" to ""
[18.598s] -- Installing: /home/ubuntu/ros2_ws/install/turtlesim/lib/libturtlesim__rosidl_generator_py.so
[18.599s] -- Set runtime path of "/home/ubuntu/ros2_ws/install/turtlesim/lib/libturtlesim__rosidl_generator_py.so" to ""
[18.599s] -- Installing: /home/ubuntu/ros2_ws/install/turtlesim/share/turtlesim/action/RotateAbsolute.idl
[18.599s] -- Installing: /home/ubuntu/ros2_ws/install/turtlesim/share/turtlesim/msg/Color.idl
[18.599s] -- Installing: /home/ubuntu/ros2_ws/install/turtlesim/share/turtlesim/msg/Pose.idl
[18.600s] -- Installing: /home/ubuntu/ros2_ws/install/turtlesim/share/turtlesim/srv/Kill.idl
[18.600s] -- Installing: /home/ubuntu/ros2_ws/install/turtlesim/share/turtlesim/srv/SetPen.idl
[18.600s] -- Installing: /home/ubuntu/ros2_ws/install/turtlesim/share/turtlesim/srv/Spawn.idl
[18.600s] -- Installing: /home/ubuntu/ros2_ws/install/turtlesim/share/turtlesim/srv/TeleportAbsolute.idl
[18.600s] -- Installing: /home/ubuntu/ros2_ws/install/turtlesim/share/turtlesim/srv/TeleportRelative.idl
[18.600s] -- Installing: /home/ubuntu/ros2_ws/install/turtlesim/share/turtlesim/action/RotateAbsolute.action
[18.600s] -- Installing: /home/ubuntu/ros2_ws/install/turtlesim/share/turtlesim/msg/Color.msg
[18.601s] -- Installing: /home/ubuntu/ros2_ws/install/turtlesim/share/turtlesim/msg/Pose.msg
[18.601s] -- Installing: /home/ubuntu/ros2_ws/install/turtlesim/share/turtlesim/srv/Kill.srv
[18.601s] -- Installing: /home/ubuntu/ros2_ws/install/turtlesim/share/turtlesim/srv/Kill_Request.msg
[18.601s] -- Installing: /home/ubuntu/ros2_ws/install/turtlesim/share/turtlesim/srv/Kill_Response.msg
[18.601s] -- Installing: /home/ubuntu/ros2_ws/install/turtlesim/share/turtlesim/srv/SetPen.srv
[18.601s] -- Installing: /home/ubuntu/ros2_ws/install/turtlesim/share/turtlesim/srv/SetPen_Request.msg
[18.602s] -- Installing: /home/ubuntu/ros2_ws/install/turtlesim/share/turtlesim/srv/SetPen_Response.msg
[18.602s] -- Installing: /home/ubuntu/ros2_ws/install/turtlesim/share/turtlesim/srv/Spawn.srv
[18.602s] -- Installing: /home/ubuntu/ros2_ws/install/turtlesim/share/turtlesim/srv/Spawn_Request.msg
[18.602s] -- Installing: /home/ubuntu/ros2_ws/install/turtlesim/share/turtlesim/srv/Spawn_Response.msg
[18.602s] -- Installing: /home/ubuntu/ros2_ws/install/turtlesim/share/turtlesim/srv/TeleportAbsolute.srv
[18.602s] -- Installing: /home/ubuntu/ros2_ws/install/turtlesim/share/turtlesim/srv/TeleportAbsolute_Request.msg
[18.603s] -- Installing: /home/ubuntu/ros2_ws/install/turtlesim/share/turtlesim/srv/TeleportAbsolute_Response.msg
[18.603s] -- Installing: /home/ubuntu/ros2_ws/install/turtlesim/share/turtlesim/srv/TeleportRelative.srv
[18.603s] -- Installing: /home/ubuntu/ros2_ws/install/turtlesim/share/turtlesim/srv/TeleportRelative_Request.msg
[18.603s] -- Installing: /home/ubuntu/ros2_ws/install/turtlesim/share/turtlesim/srv/TeleportRelative_Response.msg
[18.603s] -- Installing: /home/ubuntu/ros2_ws/install/turtlesim/lib/turtlesim/turtlesim_node
[18.616s] -- Set runtime path of "/home/ubuntu/ros2_ws/install/turtlesim/lib/turtlesim/turtlesim_node" to ""
[18.617s] -- Installing: /home/ubuntu/ros2_ws/install/turtlesim/lib/turtlesim/turtle_teleop_key
[18.619s] -- Set runtime path of "/home/ubuntu/ros2_ws/install/turtlesim/lib/turtlesim/turtle_teleop_key" to ""
[18.619s] -- Installing: /home/ubuntu/ros2_ws/install/turtlesim/lib/turtlesim/draw_square
[18.624s] -- Set runtime path of "/home/ubuntu/ros2_ws/install/turtlesim/lib/turtlesim/draw_square" to ""
[18.624s] -- Installing: /home/ubuntu/ros2_ws/install/turtlesim/lib/turtlesim/mimic
[18.628s] -- Set runtime path of "/home/ubuntu/ros2_ws/install/turtlesim/lib/turtlesim/mimic" to ""
[18.628s] -- Installing: /home/ubuntu/ros2_ws/install/turtlesim/share/turtlesim/images
[18.628s] -- Installing: /home/ubuntu/ros2_ws/install/turtlesim/share/turtlesim/images/bouncy.png
[18.628s] -- Installing: /home/ubuntu/ros2_ws/install/turtlesim/share/turtlesim/images/foxy.png
[18.628s] -- Installing: /home/ubuntu/ros2_ws/install/turtlesim/share/turtlesim/images/crystal.png
[18.628s] -- Installing: /home/ubuntu/ros2_ws/install/turtlesim/share/turtlesim/images/rolling.png
[18.628s] -- Installing: /home/ubuntu/ros2_ws/install/turtlesim/share/turtlesim/images/humble.png
[18.628s] -- Installing: /home/ubuntu/ros2_ws/install/turtlesim/share/turtlesim/images/ardent.png
[18.629s] -- Installing: /home/ubuntu/ros2_ws/install/turtlesim/share/turtlesim/images/galactic.png
[18.629s] -- Installing: /home/ubuntu/ros2_ws/install/turtlesim/share/turtlesim/images/dashing.png
[18.629s] -- Installing: /home/ubuntu/ros2_ws/install/turtlesim/share/turtlesim/images/eloquent.png
[18.629s] -- Installing: /home/ubuntu/ros2_ws/install/turtlesim/share/turtlesim/launch
[18.629s] -- Installing: /home/ubuntu/ros2_ws/install/turtlesim/share/turtlesim/launch/multisim.launch.py
[18.629s] -- Installing: /home/ubuntu/ros2_ws/install/turtlesim/share/ament_index/resource_index/package_run_dependencies/turtlesim
[18.629s] -- Installing: /home/ubuntu/ros2_ws/install/turtlesim/share/ament_index/resource_index/parent_prefix_path/turtlesim
[18.629s] -- Installing: /home/ubuntu/ros2_ws/install/turtlesim/share/turtlesim/environment/ament_prefix_path.sh
[18.629s] -- Installing: /home/ubuntu/ros2_ws/install/turtlesim/share/turtlesim/environment/ament_prefix_path.dsv
[18.629s] -- Installing: /home/ubuntu/ros2_ws/install/turtlesim/share/turtlesim/environment/path.sh
[18.629s] -- Installing: /home/ubuntu/ros2_ws/install/turtlesim/share/turtlesim/environment/path.dsv
[18.630s] -- Installing: /home/ubuntu/ros2_ws/install/turtlesim/share/turtlesim/local_setup.bash
[18.630s] -- Installing: /home/ubuntu/ros2_ws/install/turtlesim/share/turtlesim/local_setup.sh
[18.630s] -- Installing: /home/ubuntu/ros2_ws/install/turtlesim/share/turtlesim/local_setup.zsh
[18.630s] -- Installing: /home/ubuntu/ros2_ws/install/turtlesim/share/turtlesim/local_setup.dsv
[18.630s] -- Installing: /home/ubuntu/ros2_ws/install/turtlesim/share/turtlesim/package.dsv
[18.630s] -- Installing: /home/ubuntu/ros2_ws/install/turtlesim/share/ament_index/resource_index/packages/turtlesim
[18.630s] -- Installing: /home/ubuntu/ros2_ws/install/turtlesim/share/turtlesim/cmake/export_turtlesim__rosidl_generator_cExport.cmake
[18.630s] -- Installing: /home/ubuntu/ros2_ws/install/turtlesim/share/turtlesim/cmake/export_turtlesim__rosidl_generator_cExport-noconfig.cmake
[18.630s] -- Installing: /home/ubuntu/ros2_ws/install/turtlesim/share/turtlesim/cmake/export_turtlesim__rosidl_typesupport_fastrtps_cExport.cmake
[18.630s] -- Installing: /home/ubuntu/ros2_ws/install/turtlesim/share/turtlesim/cmake/export_turtlesim__rosidl_typesupport_fastrtps_cExport-noconfig.cmake
[18.631s] -- Installing: /home/ubuntu/ros2_ws/install/turtlesim/share/turtlesim/cmake/export_turtlesim__rosidl_generator_cppExport.cmake
[18.631s] -- Installing: /home/ubuntu/ros2_ws/install/turtlesim/share/turtlesim/cmake/export_turtlesim__rosidl_typesupport_fastrtps_cppExport.cmake
[18.631s] -- Installing: /home/ubuntu/ros2_ws/install/turtlesim/share/turtlesim/cmake/export_turtlesim__rosidl_typesupport_fastrtps_cppExport-noconfig.cmake
[18.631s] -- Installing: /home/ubuntu/ros2_ws/install/turtlesim/share/turtlesim/cmake/turtlesim__rosidl_typesupport_introspection_cExport.cmake
[18.631s] -- Installing: /home/ubuntu/ros2_ws/install/turtlesim/share/turtlesim/cmake/turtlesim__rosidl_typesupport_introspection_cExport-noconfig.cmake
[18.631s] -- Installing: /home/ubuntu/ros2_ws/install/turtlesim/share/turtlesim/cmake/turtlesim__rosidl_typesupport_cExport.cmake
[18.631s] -- Installing: /home/ubuntu/ros2_ws/install/turtlesim/share/turtlesim/cmake/turtlesim__rosidl_typesupport_cExport-noconfig.cmake
[18.631s] -- Installing: /home/ubuntu/ros2_ws/install/turtlesim/share/turtlesim/cmake/turtlesim__rosidl_typesupport_introspection_cppExport.cmake
[18.631s] -- Installing: /home/ubuntu/ros2_ws/install/turtlesim/share/turtlesim/cmake/turtlesim__rosidl_typesupport_introspection_cppExport-noconfig.cmake
[18.631s] -- Installing: /home/ubuntu/ros2_ws/install/turtlesim/share/turtlesim/cmake/turtlesim__rosidl_typesupport_cppExport.cmake
[18.632s] -- Installing: /home/ubuntu/ros2_ws/install/turtlesim/share/turtlesim/cmake/turtlesim__rosidl_typesupport_cppExport-noconfig.cmake
[18.632s] -- Installing: /home/ubuntu/ros2_ws/install/turtlesim/share/turtlesim/cmake/export_turtlesim__rosidl_generator_pyExport.cmake
[18.632s] -- Installing: /home/ubuntu/ros2_ws/install/turtlesim/share/turtlesim/cmake/export_turtlesim__rosidl_generator_pyExport-noconfig.cmake
[18.632s] -- Installing: /home/ubuntu/ros2_ws/install/turtlesim/share/turtlesim/cmake/rosidl_cmake-extras.cmake
[18.632s] -- Installing: /home/ubuntu/ros2_ws/install/turtlesim/share/turtlesim/cmake/ament_cmake_export_dependencies-extras.cmake
[18.632s] -- Installing: /home/ubuntu/ros2_ws/install/turtlesim/share/turtlesim/cmake/ament_cmake_export_include_directories-extras.cmake
[18.632s] -- Installing: /home/ubuntu/ros2_ws/install/turtlesim/share/turtlesim/cmake/ament_cmake_export_libraries-extras.cmake
[18.632s] -- Installing: /home/ubuntu/ros2_ws/install/turtlesim/share/turtlesim/cmake/ament_cmake_export_targets-extras.cmake
[18.632s] -- Installing: /home/ubuntu/ros2_ws/install/turtlesim/share/turtlesim/cmake/rosidl_cmake_export_typesupport_targets-extras.cmake
[18.632s] -- Installing: /home/ubuntu/ros2_ws/install/turtlesim/share/turtlesim/cmake/rosidl_cmake_export_typesupport_libraries-extras.cmake
[18.633s] -- Installing: /home/ubuntu/ros2_ws/install/turtlesim/share/turtlesim/cmake/turtlesimConfig.cmake
[18.633s] -- Installing: /home/ubuntu/ros2_ws/install/turtlesim/share/turtlesim/cmake/turtlesimConfig-version.cmake
[18.633s] -- Installing: /home/ubuntu/ros2_ws/install/turtlesim/share/turtlesim/package.xml
[18.635s] Invoked command in '/home/ubuntu/ros2_ws/build/turtlesim' returned '0': CMAKE_PREFIX_PATH=${CMAKE_PREFIX_PATH}:/home/ubuntu/ros2_ws/install/launch_testing_examples:/home/ubuntu/ros2_ws/install/examples_rclpy_pointcloud_publisher:/home/ubuntu/ros2_ws/install/examples_rclpy_minimal_subscriber:/home/ubuntu/ros2_ws/install/examples_rclpy_minimal_service:/home/ubuntu/ros2_ws/install/examples_rclpy_minimal_publisher:/home/ubuntu/ros2_ws/install/examples_rclpy_minimal_client:/home/ubuntu/ros2_ws/install/examples_rclpy_minimal_action_server:/home/ubuntu/ros2_ws/install/examples_rclpy_minimal_action_client:/home/ubuntu/ros2_ws/install/examples_rclpy_guard_conditions:/home/ubuntu/ros2_ws/install/examples_rclpy_executors:/opt/ros/humble /usr/bin/cmake --install /home/ubuntu/ros2_ws/build/turtlesim
