[0.072s] DEBUG:colcon:Command line arguments: ['/usr/bin/colcon', 'build', '--packages-select', 'my_robot_bringup']
[0.072s] DEBUG:colcon:Parsed command line arguments: Namespace(log_base=None, log_level=None, verb_name='build', build_base='build', install_base='install', merge_install=False, symlink_install=False, test_result_base=None, continue_on_error=False, executor='parallel', parallel_workers=16, event_handlers=None, ignore_user_meta=False, metas=['./colcon.meta'], base_paths=['.'], packages_ignore=None, packages_ignore_regex=None, paths=None, packages_up_to=None, packages_up_to_regex=None, packages_above=None, packages_above_and_dependencies=None, packages_above_depth=None, packages_select_by_dep=None, packages_skip_by_dep=None, packages_skip_up_to=None, packages_select_build_failed=False, packages_skip_build_finished=False, packages_select_test_failures=False, packages_skip_test_passed=False, packages_select=['my_robot_bringup'], packages_skip=None, packages_select_regex=None, packages_skip_regex=None, packages_start=None, packages_end=None, cmake_args=None, cmake_target=None, cmake_target_skip_unavailable=False, cmake_clean_cache=False, cmake_clean_first=False, cmake_force_configure=False, ament_cmake_args=None, catkin_cmake_args=None, catkin_skip_building_tests=False, mixin_files=None, mixin=None, verb_parser=<colcon_mixin.mixin.mixin_argument.MixinArgumentDecorator object at 0x7f27af96dbd0>, verb_extension=<colcon_core.verb.build.BuildVerb object at 0x7f27af96d600>, main=<bound method BuildVerb.main of <colcon_core.verb.build.BuildVerb object at 0x7f27af96d600>>, mixin_verb=('build',))
[0.155s] Level 1:colcon.colcon_core.package_discovery:discover_packages(colcon_meta) check parameters
[0.155s] Level 1:colcon.colcon_core.package_discovery:discover_packages(recursive) check parameters
[0.155s] Level 1:colcon.colcon_core.package_discovery:discover_packages(ignore) check parameters
[0.155s] Level 1:colcon.colcon_core.package_discovery:discover_packages(path) check parameters
[0.155s] Level 1:colcon.colcon_core.package_discovery:discover_packages(colcon_meta) discover
[0.155s] Level 1:colcon.colcon_core.package_discovery:discover_packages(recursive) discover
[0.155s] INFO:colcon.colcon_core.package_discovery:Crawling recursively for packages in '/home/ubuntu/ros2_ws'
[0.155s] Level 1:colcon.colcon_core.package_identification:_identify(.) by extensions ['ignore', 'ignore_ament_install']
[0.155s] Level 1:colcon.colcon_core.package_identification:_identify(.) by extension 'ignore'
[0.155s] Level 1:colcon.colcon_core.package_identification:_identify(.) by extension 'ignore_ament_install'
[0.155s] Level 1:colcon.colcon_core.package_identification:_identify(.) by extensions ['colcon_pkg']
[0.155s] Level 1:colcon.colcon_core.package_identification:_identify(.) by extension 'colcon_pkg'
[0.155s] Level 1:colcon.colcon_core.package_identification:_identify(.) by extensions ['colcon_meta']
[0.155s] Level 1:colcon.colcon_core.package_identification:_identify(.) by extension 'colcon_meta'
[0.155s] Level 1:colcon.colcon_core.package_identification:_identify(.) by extensions ['ros']
[0.155s] Level 1:colcon.colcon_core.package_identification:_identify(.) by extension 'ros'
[0.164s] Level 1:colcon.colcon_core.package_identification:_identify(.) by extensions ['cmake', 'python']
[0.164s] Level 1:colcon.colcon_core.package_identification:_identify(.) by extension 'cmake'
[0.164s] Level 1:colcon.colcon_core.package_identification:_identify(.) by extension 'python'
[0.164s] Level 1:colcon.colcon_core.package_identification:_identify(.) by extensions ['python_setup_py']
[0.164s] Level 1:colcon.colcon_core.package_identification:_identify(.) by extension 'python_setup_py'
[0.164s] Level 1:colcon.colcon_core.package_identification:_identify(archived_repos) by extensions ['ignore', 'ignore_ament_install']
[0.164s] Level 1:colcon.colcon_core.package_identification:_identify(archived_repos) by extension 'ignore'
[0.164s] Level 1:colcon.colcon_core.package_identification:_identify(archived_repos) by extension 'ignore_ament_install'
[0.164s] Level 1:colcon.colcon_core.package_identification:_identify(archived_repos) by extensions ['colcon_pkg']
[0.164s] Level 1:colcon.colcon_core.package_identification:_identify(archived_repos) by extension 'colcon_pkg'
[0.164s] Level 1:colcon.colcon_core.package_identification:_identify(archived_repos) by extensions ['colcon_meta']
[0.164s] Level 1:colcon.colcon_core.package_identification:_identify(archived_repos) by extension 'colcon_meta'
[0.164s] Level 1:colcon.colcon_core.package_identification:_identify(archived_repos) by extensions ['ros']
[0.164s] Level 1:colcon.colcon_core.package_identification:_identify(archived_repos) by extension 'ros'
[0.164s] Level 1:colcon.colcon_core.package_identification:_identify(archived_repos) by extensions ['cmake', 'python']
[0.164s] Level 1:colcon.colcon_core.package_identification:_identify(archived_repos) by extension 'cmake'
[0.164s] Level 1:colcon.colcon_core.package_identification:_identify(archived_repos) by extension 'python'
[0.164s] Level 1:colcon.colcon_core.package_identification:_identify(archived_repos) by extensions ['python_setup_py']
[0.164s] Level 1:colcon.colcon_core.package_identification:_identify(archived_repos) by extension 'python_setup_py'
[0.164s] Level 1:colcon.colcon_core.package_identification:_identify(archived_repos/examples) by extensions ['ignore', 'ignore_ament_install']
[0.164s] Level 1:colcon.colcon_core.package_identification:_identify(archived_repos/examples) by extension 'ignore'
[0.164s] Level 1:colcon.colcon_core.package_identification:_identify(archived_repos/examples) by extension 'ignore_ament_install'
[0.165s] Level 1:colcon.colcon_core.package_identification:_identify(archived_repos/examples) by extensions ['colcon_pkg']
[0.165s] Level 1:colcon.colcon_core.package_identification:_identify(archived_repos/examples) by extension 'colcon_pkg'
[0.165s] Level 1:colcon.colcon_core.package_identification:_identify(archived_repos/examples) by extensions ['colcon_meta']
[0.165s] Level 1:colcon.colcon_core.package_identification:_identify(archived_repos/examples) by extension 'colcon_meta'
[0.165s] Level 1:colcon.colcon_core.package_identification:_identify(archived_repos/examples) by extensions ['ros']
[0.165s] Level 1:colcon.colcon_core.package_identification:_identify(archived_repos/examples) by extension 'ros'
[0.165s] Level 1:colcon.colcon_core.package_identification:_identify(archived_repos/examples) by extensions ['cmake', 'python']
[0.165s] Level 1:colcon.colcon_core.package_identification:_identify(archived_repos/examples) by extension 'cmake'
[0.165s] Level 1:colcon.colcon_core.package_identification:_identify(archived_repos/examples) by extension 'python'
[0.165s] Level 1:colcon.colcon_core.package_identification:_identify(archived_repos/examples) by extensions ['python_setup_py']
[0.165s] Level 1:colcon.colcon_core.package_identification:_identify(archived_repos/examples) by extension 'python_setup_py'
[0.165s] Level 1:colcon.colcon_core.package_identification:_identify(archived_repos/examples/launch_testing) by extensions ['ignore', 'ignore_ament_install']
[0.165s] Level 1:colcon.colcon_core.package_identification:_identify(archived_repos/examples/launch_testing) by extension 'ignore'
[0.165s] Level 1:colcon.colcon_core.package_identification:_identify(archived_repos/examples/launch_testing) by extension 'ignore_ament_install'
[0.165s] Level 1:colcon.colcon_core.package_identification:_identify(archived_repos/examples/launch_testing) by extensions ['colcon_pkg']
[0.165s] Level 1:colcon.colcon_core.package_identification:_identify(archived_repos/examples/launch_testing) by extension 'colcon_pkg'
[0.165s] Level 1:colcon.colcon_core.package_identification:_identify(archived_repos/examples/launch_testing) by extensions ['colcon_meta']
[0.165s] Level 1:colcon.colcon_core.package_identification:_identify(archived_repos/examples/launch_testing) by extension 'colcon_meta'
[0.165s] Level 1:colcon.colcon_core.package_identification:_identify(archived_repos/examples/launch_testing) by extensions ['ros']
[0.165s] Level 1:colcon.colcon_core.package_identification:_identify(archived_repos/examples/launch_testing) by extension 'ros'
[0.165s] Level 1:colcon.colcon_core.package_identification:_identify(archived_repos/examples/launch_testing) by extensions ['cmake', 'python']
[0.165s] Level 1:colcon.colcon_core.package_identification:_identify(archived_repos/examples/launch_testing) by extension 'cmake'
[0.165s] Level 1:colcon.colcon_core.package_identification:_identify(archived_repos/examples/launch_testing) by extension 'python'
[0.165s] Level 1:colcon.colcon_core.package_identification:_identify(archived_repos/examples/launch_testing) by extensions ['python_setup_py']
[0.165s] Level 1:colcon.colcon_core.package_identification:_identify(archived_repos/examples/launch_testing) by extension 'python_setup_py'
[0.165s] Level 1:colcon.colcon_core.package_identification:_identify(archived_repos/examples/launch_testing/launch_testing_examples) by extensions ['ignore', 'ignore_ament_install']
[0.165s] Level 1:colcon.colcon_core.package_identification:_identify(archived_repos/examples/launch_testing/launch_testing_examples) by extension 'ignore'
[0.165s] Level 1:colcon.colcon_core.package_identification:_identify(archived_repos/examples/launch_testing/launch_testing_examples) by extension 'ignore_ament_install'
[0.165s] Level 1:colcon.colcon_core.package_identification:_identify(archived_repos/examples/launch_testing/launch_testing_examples) by extensions ['colcon_pkg']
[0.165s] Level 1:colcon.colcon_core.package_identification:_identify(archived_repos/examples/launch_testing/launch_testing_examples) by extension 'colcon_pkg'
[0.165s] Level 1:colcon.colcon_core.package_identification:_identify(archived_repos/examples/launch_testing/launch_testing_examples) by extensions ['colcon_meta']
[0.165s] Level 1:colcon.colcon_core.package_identification:_identify(archived_repos/examples/launch_testing/launch_testing_examples) by extension 'colcon_meta'
[0.165s] Level 1:colcon.colcon_core.package_identification:_identify(archived_repos/examples/launch_testing/launch_testing_examples) by extensions ['ros']
[0.165s] Level 1:colcon.colcon_core.package_identification:_identify(archived_repos/examples/launch_testing/launch_testing_examples) by extension 'ros'
[0.166s] DEBUG:colcon.colcon_core.package_identification:Package 'archived_repos/examples/launch_testing/launch_testing_examples' with type 'ros.ament_python' and name 'launch_testing_examples'
[0.167s] Level 1:colcon.colcon_core.package_identification:_identify(archived_repos/examples/rclcpp) by extensions ['ignore', 'ignore_ament_install']
[0.167s] Level 1:colcon.colcon_core.package_identification:_identify(archived_repos/examples/rclcpp) by extension 'ignore'
[0.167s] Level 1:colcon.colcon_core.package_identification:_identify(archived_repos/examples/rclcpp) by extension 'ignore_ament_install'
[0.167s] Level 1:colcon.colcon_core.package_identification:_identify(archived_repos/examples/rclcpp) by extensions ['colcon_pkg']
[0.167s] Level 1:colcon.colcon_core.package_identification:_identify(archived_repos/examples/rclcpp) by extension 'colcon_pkg'
[0.167s] Level 1:colcon.colcon_core.package_identification:_identify(archived_repos/examples/rclcpp) by extensions ['colcon_meta']
[0.167s] Level 1:colcon.colcon_core.package_identification:_identify(archived_repos/examples/rclcpp) by extension 'colcon_meta'
[0.167s] Level 1:colcon.colcon_core.package_identification:_identify(archived_repos/examples/rclcpp) by extensions ['ros']
[0.167s] Level 1:colcon.colcon_core.package_identification:_identify(archived_repos/examples/rclcpp) by extension 'ros'
[0.167s] Level 1:colcon.colcon_core.package_identification:_identify(archived_repos/examples/rclcpp) by extensions ['cmake', 'python']
[0.167s] Level 1:colcon.colcon_core.package_identification:_identify(archived_repos/examples/rclcpp) by extension 'cmake'
[0.167s] Level 1:colcon.colcon_core.package_identification:_identify(archived_repos/examples/rclcpp) by extension 'python'
[0.167s] Level 1:colcon.colcon_core.package_identification:_identify(archived_repos/examples/rclcpp) by extensions ['python_setup_py']
[0.167s] Level 1:colcon.colcon_core.package_identification:_identify(archived_repos/examples/rclcpp) by extension 'python_setup_py'
[0.167s] Level 1:colcon.colcon_core.package_identification:_identify(archived_repos/examples/rclcpp/actions) by extensions ['ignore', 'ignore_ament_install']
[0.167s] Level 1:colcon.colcon_core.package_identification:_identify(archived_repos/examples/rclcpp/actions) by extension 'ignore'
[0.167s] Level 1:colcon.colcon_core.package_identification:_identify(archived_repos/examples/rclcpp/actions) by extension 'ignore_ament_install'
[0.167s] Level 1:colcon.colcon_core.package_identification:_identify(archived_repos/examples/rclcpp/actions) by extensions ['colcon_pkg']
[0.167s] Level 1:colcon.colcon_core.package_identification:_identify(archived_repos/examples/rclcpp/actions) by extension 'colcon_pkg'
[0.167s] Level 1:colcon.colcon_core.package_identification:_identify(archived_repos/examples/rclcpp/actions) by extensions ['colcon_meta']
[0.167s] Level 1:colcon.colcon_core.package_identification:_identify(archived_repos/examples/rclcpp/actions) by extension 'colcon_meta'
[0.167s] Level 1:colcon.colcon_core.package_identification:_identify(archived_repos/examples/rclcpp/actions) by extensions ['ros']
[0.167s] Level 1:colcon.colcon_core.package_identification:_identify(archived_repos/examples/rclcpp/actions) by extension 'ros'
[0.167s] Level 1:colcon.colcon_core.package_identification:_identify(archived_repos/examples/rclcpp/actions) by extensions ['cmake', 'python']
[0.167s] Level 1:colcon.colcon_core.package_identification:_identify(archived_repos/examples/rclcpp/actions) by extension 'cmake'
[0.167s] Level 1:colcon.colcon_core.package_identification:_identify(archived_repos/examples/rclcpp/actions) by extension 'python'
[0.167s] Level 1:colcon.colcon_core.package_identification:_identify(archived_repos/examples/rclcpp/actions) by extensions ['python_setup_py']
[0.167s] Level 1:colcon.colcon_core.package_identification:_identify(archived_repos/examples/rclcpp/actions) by extension 'python_setup_py'
[0.167s] Level 1:colcon.colcon_core.package_identification:_identify(archived_repos/examples/rclcpp/actions/minimal_action_client) by extensions ['ignore', 'ignore_ament_install']
[0.167s] Level 1:colcon.colcon_core.package_identification:_identify(archived_repos/examples/rclcpp/actions/minimal_action_client) by extension 'ignore'
[0.167s] Level 1:colcon.colcon_core.package_identification:_identify(archived_repos/examples/rclcpp/actions/minimal_action_client) by extension 'ignore_ament_install'
[0.167s] Level 1:colcon.colcon_core.package_identification:_identify(archived_repos/examples/rclcpp/actions/minimal_action_client) by extensions ['colcon_pkg']
[0.167s] Level 1:colcon.colcon_core.package_identification:_identify(archived_repos/examples/rclcpp/actions/minimal_action_client) by extension 'colcon_pkg'
[0.167s] Level 1:colcon.colcon_core.package_identification:_identify(archived_repos/examples/rclcpp/actions/minimal_action_client) by extensions ['colcon_meta']
[0.167s] Level 1:colcon.colcon_core.package_identification:_identify(archived_repos/examples/rclcpp/actions/minimal_action_client) by extension 'colcon_meta'
[0.167s] Level 1:colcon.colcon_core.package_identification:_identify(archived_repos/examples/rclcpp/actions/minimal_action_client) by extensions ['ros']
[0.167s] Level 1:colcon.colcon_core.package_identification:_identify(archived_repos/examples/rclcpp/actions/minimal_action_client) by extension 'ros'
[0.168s] DEBUG:colcon.colcon_core.package_identification:Package 'archived_repos/examples/rclcpp/actions/minimal_action_client' with type 'ros.ament_cmake' and name 'examples_rclcpp_minimal_action_client'
[0.168s] Level 1:colcon.colcon_core.package_identification:_identify(archived_repos/examples/rclcpp/actions/minimal_action_server) by extensions ['ignore', 'ignore_ament_install']
[0.168s] Level 1:colcon.colcon_core.package_identification:_identify(archived_repos/examples/rclcpp/actions/minimal_action_server) by extension 'ignore'
[0.168s] Level 1:colcon.colcon_core.package_identification:_identify(archived_repos/examples/rclcpp/actions/minimal_action_server) by extension 'ignore_ament_install'
[0.168s] Level 1:colcon.colcon_core.package_identification:_identify(archived_repos/examples/rclcpp/actions/minimal_action_server) by extensions ['colcon_pkg']
[0.168s] Level 1:colcon.colcon_core.package_identification:_identify(archived_repos/examples/rclcpp/actions/minimal_action_server) by extension 'colcon_pkg'
[0.168s] Level 1:colcon.colcon_core.package_identification:_identify(archived_repos/examples/rclcpp/actions/minimal_action_server) by extensions ['colcon_meta']
[0.168s] Level 1:colcon.colcon_core.package_identification:_identify(archived_repos/examples/rclcpp/actions/minimal_action_server) by extension 'colcon_meta'
[0.168s] Level 1:colcon.colcon_core.package_identification:_identify(archived_repos/examples/rclcpp/actions/minimal_action_server) by extensions ['ros']
[0.168s] Level 1:colcon.colcon_core.package_identification:_identify(archived_repos/examples/rclcpp/actions/minimal_action_server) by extension 'ros'
[0.168s] DEBUG:colcon.colcon_core.package_identification:Package 'archived_repos/examples/rclcpp/actions/minimal_action_server' with type 'ros.ament_cmake' and name 'examples_rclcpp_minimal_action_server'
[0.168s] Level 1:colcon.colcon_core.package_identification:_identify(archived_repos/examples/rclcpp/composition) by extensions ['ignore', 'ignore_ament_install']
[0.168s] Level 1:colcon.colcon_core.package_identification:_identify(archived_repos/examples/rclcpp/composition) by extension 'ignore'
[0.168s] Level 1:colcon.colcon_core.package_identification:_identify(archived_repos/examples/rclcpp/composition) by extension 'ignore_ament_install'
[0.169s] Level 1:colcon.colcon_core.package_identification:_identify(archived_repos/examples/rclcpp/composition) by extensions ['colcon_pkg']
[0.169s] Level 1:colcon.colcon_core.package_identification:_identify(archived_repos/examples/rclcpp/composition) by extension 'colcon_pkg'
[0.169s] Level 1:colcon.colcon_core.package_identification:_identify(archived_repos/examples/rclcpp/composition) by extensions ['colcon_meta']
[0.169s] Level 1:colcon.colcon_core.package_identification:_identify(archived_repos/examples/rclcpp/composition) by extension 'colcon_meta'
[0.169s] Level 1:colcon.colcon_core.package_identification:_identify(archived_repos/examples/rclcpp/composition) by extensions ['ros']
[0.169s] Level 1:colcon.colcon_core.package_identification:_identify(archived_repos/examples/rclcpp/composition) by extension 'ros'
[0.169s] Level 1:colcon.colcon_core.package_identification:_identify(archived_repos/examples/rclcpp/composition) by extensions ['cmake', 'python']
[0.169s] Level 1:colcon.colcon_core.package_identification:_identify(archived_repos/examples/rclcpp/composition) by extension 'cmake'
[0.169s] Level 1:colcon.colcon_core.package_identification:_identify(archived_repos/examples/rclcpp/composition) by extension 'python'
[0.169s] Level 1:colcon.colcon_core.package_identification:_identify(archived_repos/examples/rclcpp/composition) by extensions ['python_setup_py']
[0.169s] Level 1:colcon.colcon_core.package_identification:_identify(archived_repos/examples/rclcpp/composition) by extension 'python_setup_py'
[0.169s] Level 1:colcon.colcon_core.package_identification:_identify(archived_repos/examples/rclcpp/composition/minimal_composition) by extensions ['ignore', 'ignore_ament_install']
[0.169s] Level 1:colcon.colcon_core.package_identification:_identify(archived_repos/examples/rclcpp/composition/minimal_composition) by extension 'ignore'
[0.169s] Level 1:colcon.colcon_core.package_identification:_identify(archived_repos/examples/rclcpp/composition/minimal_composition) by extension 'ignore_ament_install'
[0.169s] Level 1:colcon.colcon_core.package_identification:_identify(archived_repos/examples/rclcpp/composition/minimal_composition) by extensions ['colcon_pkg']
[0.169s] Level 1:colcon.colcon_core.package_identification:_identify(archived_repos/examples/rclcpp/composition/minimal_composition) by extension 'colcon_pkg'
[0.169s] Level 1:colcon.colcon_core.package_identification:_identify(archived_repos/examples/rclcpp/composition/minimal_composition) by extensions ['colcon_meta']
[0.169s] Level 1:colcon.colcon_core.package_identification:_identify(archived_repos/examples/rclcpp/composition/minimal_composition) by extension 'colcon_meta'
[0.169s] Level 1:colcon.colcon_core.package_identification:_identify(archived_repos/examples/rclcpp/composition/minimal_composition) by extensions ['ros']
[0.169s] Level 1:colcon.colcon_core.package_identification:_identify(archived_repos/examples/rclcpp/composition/minimal_composition) by extension 'ros'
[0.169s] DEBUG:colcon.colcon_core.package_identification:Package 'archived_repos/examples/rclcpp/composition/minimal_composition' with type 'ros.ament_cmake' and name 'examples_rclcpp_minimal_composition'
[0.169s] Level 1:colcon.colcon_core.package_identification:_identify(archived_repos/examples/rclcpp/executors) by extensions ['ignore', 'ignore_ament_install']
[0.169s] Level 1:colcon.colcon_core.package_identification:_identify(archived_repos/examples/rclcpp/executors) by extension 'ignore'
[0.169s] Level 1:colcon.colcon_core.package_identification:_identify(archived_repos/examples/rclcpp/executors) by extension 'ignore_ament_install'
[0.169s] Level 1:colcon.colcon_core.package_identification:_identify(archived_repos/examples/rclcpp/executors) by extensions ['colcon_pkg']
[0.169s] Level 1:colcon.colcon_core.package_identification:_identify(archived_repos/examples/rclcpp/executors) by extension 'colcon_pkg'
[0.170s] Level 1:colcon.colcon_core.package_identification:_identify(archived_repos/examples/rclcpp/executors) by extensions ['colcon_meta']
[0.170s] Level 1:colcon.colcon_core.package_identification:_identify(archived_repos/examples/rclcpp/executors) by extension 'colcon_meta'
[0.170s] Level 1:colcon.colcon_core.package_identification:_identify(archived_repos/examples/rclcpp/executors) by extensions ['ros']
[0.170s] Level 1:colcon.colcon_core.package_identification:_identify(archived_repos/examples/rclcpp/executors) by extension 'ros'
[0.170s] Level 1:colcon.colcon_core.package_identification:_identify(archived_repos/examples/rclcpp/executors) by extensions ['cmake', 'python']
[0.170s] Level 1:colcon.colcon_core.package_identification:_identify(archived_repos/examples/rclcpp/executors) by extension 'cmake'
[0.170s] Level 1:colcon.colcon_core.package_identification:_identify(archived_repos/examples/rclcpp/executors) by extension 'python'
[0.170s] Level 1:colcon.colcon_core.package_identification:_identify(archived_repos/examples/rclcpp/executors) by extensions ['python_setup_py']
[0.170s] Level 1:colcon.colcon_core.package_identification:_identify(archived_repos/examples/rclcpp/executors) by extension 'python_setup_py'
[0.170s] Level 1:colcon.colcon_core.package_identification:_identify(archived_repos/examples/rclcpp/executors/cbg_executor) by extensions ['ignore', 'ignore_ament_install']
[0.170s] Level 1:colcon.colcon_core.package_identification:_identify(archived_repos/examples/rclcpp/executors/cbg_executor) by extension 'ignore'
[0.170s] Level 1:colcon.colcon_core.package_identification:_identify(archived_repos/examples/rclcpp/executors/cbg_executor) by extension 'ignore_ament_install'
[0.170s] Level 1:colcon.colcon_core.package_identification:_identify(archived_repos/examples/rclcpp/executors/cbg_executor) by extensions ['colcon_pkg']
[0.170s] Level 1:colcon.colcon_core.package_identification:_identify(archived_repos/examples/rclcpp/executors/cbg_executor) by extension 'colcon_pkg'
[0.170s] Level 1:colcon.colcon_core.package_identification:_identify(archived_repos/examples/rclcpp/executors/cbg_executor) by extensions ['colcon_meta']
[0.170s] Level 1:colcon.colcon_core.package_identification:_identify(archived_repos/examples/rclcpp/executors/cbg_executor) by extension 'colcon_meta'
[0.170s] Level 1:colcon.colcon_core.package_identification:_identify(archived_repos/examples/rclcpp/executors/cbg_executor) by extensions ['ros']
[0.170s] Level 1:colcon.colcon_core.package_identification:_identify(archived_repos/examples/rclcpp/executors/cbg_executor) by extension 'ros'
[0.170s] DEBUG:colcon.colcon_core.package_identification:Package 'archived_repos/examples/rclcpp/executors/cbg_executor' with type 'ros.ament_cmake' and name 'examples_rclcpp_cbg_executor'
[0.170s] Level 1:colcon.colcon_core.package_identification:_identify(archived_repos/examples/rclcpp/executors/multithreaded_executor) by extensions ['ignore', 'ignore_ament_install']
[0.170s] Level 1:colcon.colcon_core.package_identification:_identify(archived_repos/examples/rclcpp/executors/multithreaded_executor) by extension 'ignore'
[0.170s] Level 1:colcon.colcon_core.package_identification:_identify(archived_repos/examples/rclcpp/executors/multithreaded_executor) by extension 'ignore_ament_install'
[0.170s] Level 1:colcon.colcon_core.package_identification:_identify(archived_repos/examples/rclcpp/executors/multithreaded_executor) by extensions ['colcon_pkg']
[0.171s] Level 1:colcon.colcon_core.package_identification:_identify(archived_repos/examples/rclcpp/executors/multithreaded_executor) by extension 'colcon_pkg'
[0.171s] Level 1:colcon.colcon_core.package_identification:_identify(archived_repos/examples/rclcpp/executors/multithreaded_executor) by extensions ['colcon_meta']
[0.171s] Level 1:colcon.colcon_core.package_identification:_identify(archived_repos/examples/rclcpp/executors/multithreaded_executor) by extension 'colcon_meta'
[0.171s] Level 1:colcon.colcon_core.package_identification:_identify(archived_repos/examples/rclcpp/executors/multithreaded_executor) by extensions ['ros']
[0.171s] Level 1:colcon.colcon_core.package_identification:_identify(archived_repos/examples/rclcpp/executors/multithreaded_executor) by extension 'ros'
[0.171s] DEBUG:colcon.colcon_core.package_identification:Package 'archived_repos/examples/rclcpp/executors/multithreaded_executor' with type 'ros.ament_cmake' and name 'examples_rclcpp_multithreaded_executor'
[0.171s] Level 1:colcon.colcon_core.package_identification:_identify(archived_repos/examples/rclcpp/services) by extensions ['ignore', 'ignore_ament_install']
[0.171s] Level 1:colcon.colcon_core.package_identification:_identify(archived_repos/examples/rclcpp/services) by extension 'ignore'
[0.171s] Level 1:colcon.colcon_core.package_identification:_identify(archived_repos/examples/rclcpp/services) by extension 'ignore_ament_install'
[0.171s] Level 1:colcon.colcon_core.package_identification:_identify(archived_repos/examples/rclcpp/services) by extensions ['colcon_pkg']
[0.171s] Level 1:colcon.colcon_core.package_identification:_identify(archived_repos/examples/rclcpp/services) by extension 'colcon_pkg'
[0.171s] Level 1:colcon.colcon_core.package_identification:_identify(archived_repos/examples/rclcpp/services) by extensions ['colcon_meta']
[0.171s] Level 1:colcon.colcon_core.package_identification:_identify(archived_repos/examples/rclcpp/services) by extension 'colcon_meta'
[0.171s] Level 1:colcon.colcon_core.package_identification:_identify(archived_repos/examples/rclcpp/services) by extensions ['ros']
[0.171s] Level 1:colcon.colcon_core.package_identification:_identify(archived_repos/examples/rclcpp/services) by extension 'ros'
[0.171s] Level 1:colcon.colcon_core.package_identification:_identify(archived_repos/examples/rclcpp/services) by extensions ['cmake', 'python']
[0.171s] Level 1:colcon.colcon_core.package_identification:_identify(archived_repos/examples/rclcpp/services) by extension 'cmake'
[0.171s] Level 1:colcon.colcon_core.package_identification:_identify(archived_repos/examples/rclcpp/services) by extension 'python'
[0.171s] Level 1:colcon.colcon_core.package_identification:_identify(archived_repos/examples/rclcpp/services) by extensions ['python_setup_py']
[0.171s] Level 1:colcon.colcon_core.package_identification:_identify(archived_repos/examples/rclcpp/services) by extension 'python_setup_py'
[0.171s] Level 1:colcon.colcon_core.package_identification:_identify(archived_repos/examples/rclcpp/services/async_client) by extensions ['ignore', 'ignore_ament_install']
[0.171s] Level 1:colcon.colcon_core.package_identification:_identify(archived_repos/examples/rclcpp/services/async_client) by extension 'ignore'
[0.171s] Level 1:colcon.colcon_core.package_identification:_identify(archived_repos/examples/rclcpp/services/async_client) by extension 'ignore_ament_install'
[0.171s] Level 1:colcon.colcon_core.package_identification:_identify(archived_repos/examples/rclcpp/services/async_client) by extensions ['colcon_pkg']
[0.171s] Level 1:colcon.colcon_core.package_identification:_identify(archived_repos/examples/rclcpp/services/async_client) by extension 'colcon_pkg'
[0.171s] Level 1:colcon.colcon_core.package_identification:_identify(archived_repos/examples/rclcpp/services/async_client) by extensions ['colcon_meta']
[0.171s] Level 1:colcon.colcon_core.package_identification:_identify(archived_repos/examples/rclcpp/services/async_client) by extension 'colcon_meta'
[0.171s] Level 1:colcon.colcon_core.package_identification:_identify(archived_repos/examples/rclcpp/services/async_client) by extensions ['ros']
[0.171s] Level 1:colcon.colcon_core.package_identification:_identify(archived_repos/examples/rclcpp/services/async_client) by extension 'ros'
[0.172s] DEBUG:colcon.colcon_core.package_identification:Package 'archived_repos/examples/rclcpp/services/async_client' with type 'ros.ament_cmake' and name 'examples_rclcpp_async_client'
[0.172s] Level 1:colcon.colcon_core.package_identification:_identify(archived_repos/examples/rclcpp/services/minimal_client) by extensions ['ignore', 'ignore_ament_install']
[0.172s] Level 1:colcon.colcon_core.package_identification:_identify(archived_repos/examples/rclcpp/services/minimal_client) by extension 'ignore'
[0.172s] Level 1:colcon.colcon_core.package_identification:_identify(archived_repos/examples/rclcpp/services/minimal_client) by extension 'ignore_ament_install'
[0.172s] Level 1:colcon.colcon_core.package_identification:_identify(archived_repos/examples/rclcpp/services/minimal_client) by extensions ['colcon_pkg']
[0.172s] Level 1:colcon.colcon_core.package_identification:_identify(archived_repos/examples/rclcpp/services/minimal_client) by extension 'colcon_pkg'
[0.172s] Level 1:colcon.colcon_core.package_identification:_identify(archived_repos/examples/rclcpp/services/minimal_client) by extensions ['colcon_meta']
[0.172s] Level 1:colcon.colcon_core.package_identification:_identify(archived_repos/examples/rclcpp/services/minimal_client) by extension 'colcon_meta'
[0.172s] Level 1:colcon.colcon_core.package_identification:_identify(archived_repos/examples/rclcpp/services/minimal_client) by extensions ['ros']
[0.172s] Level 1:colcon.colcon_core.package_identification:_identify(archived_repos/examples/rclcpp/services/minimal_client) by extension 'ros'
[0.172s] DEBUG:colcon.colcon_core.package_identification:Package 'archived_repos/examples/rclcpp/services/minimal_client' with type 'ros.ament_cmake' and name 'examples_rclcpp_minimal_client'
[0.172s] Level 1:colcon.colcon_core.package_identification:_identify(archived_repos/examples/rclcpp/services/minimal_service) by extensions ['ignore', 'ignore_ament_install']
[0.172s] Level 1:colcon.colcon_core.package_identification:_identify(archived_repos/examples/rclcpp/services/minimal_service) by extension 'ignore'
[0.172s] Level 1:colcon.colcon_core.package_identification:_identify(archived_repos/examples/rclcpp/services/minimal_service) by extension 'ignore_ament_install'
[0.172s] Level 1:colcon.colcon_core.package_identification:_identify(archived_repos/examples/rclcpp/services/minimal_service) by extensions ['colcon_pkg']
[0.172s] Level 1:colcon.colcon_core.package_identification:_identify(archived_repos/examples/rclcpp/services/minimal_service) by extension 'colcon_pkg'
[0.172s] Level 1:colcon.colcon_core.package_identification:_identify(archived_repos/examples/rclcpp/services/minimal_service) by extensions ['colcon_meta']
[0.172s] Level 1:colcon.colcon_core.package_identification:_identify(archived_repos/examples/rclcpp/services/minimal_service) by extension 'colcon_meta'
[0.173s] Level 1:colcon.colcon_core.package_identification:_identify(archived_repos/examples/rclcpp/services/minimal_service) by extensions ['ros']
[0.173s] Level 1:colcon.colcon_core.package_identification:_identify(archived_repos/examples/rclcpp/services/minimal_service) by extension 'ros'
[0.173s] DEBUG:colcon.colcon_core.package_identification:Package 'archived_repos/examples/rclcpp/services/minimal_service' with type 'ros.ament_cmake' and name 'examples_rclcpp_minimal_service'
[0.173s] Level 1:colcon.colcon_core.package_identification:_identify(archived_repos/examples/rclcpp/timers) by extensions ['ignore', 'ignore_ament_install']
[0.173s] Level 1:colcon.colcon_core.package_identification:_identify(archived_repos/examples/rclcpp/timers) by extension 'ignore'
[0.173s] Level 1:colcon.colcon_core.package_identification:_identify(archived_repos/examples/rclcpp/timers) by extension 'ignore_ament_install'
[0.173s] Level 1:colcon.colcon_core.package_identification:_identify(archived_repos/examples/rclcpp/timers) by extensions ['colcon_pkg']
[0.173s] Level 1:colcon.colcon_core.package_identification:_identify(archived_repos/examples/rclcpp/timers) by extension 'colcon_pkg'
[0.173s] Level 1:colcon.colcon_core.package_identification:_identify(archived_repos/examples/rclcpp/timers) by extensions ['colcon_meta']
[0.173s] Level 1:colcon.colcon_core.package_identification:_identify(archived_repos/examples/rclcpp/timers) by extension 'colcon_meta'
[0.173s] Level 1:colcon.colcon_core.package_identification:_identify(archived_repos/examples/rclcpp/timers) by extensions ['ros']
[0.173s] Level 1:colcon.colcon_core.package_identification:_identify(archived_repos/examples/rclcpp/timers) by extension 'ros'
[0.173s] Level 1:colcon.colcon_core.package_identification:_identify(archived_repos/examples/rclcpp/timers) by extensions ['cmake', 'python']
[0.173s] Level 1:colcon.colcon_core.package_identification:_identify(archived_repos/examples/rclcpp/timers) by extension 'cmake'
[0.173s] Level 1:colcon.colcon_core.package_identification:_identify(archived_repos/examples/rclcpp/timers) by extension 'python'
[0.173s] Level 1:colcon.colcon_core.package_identification:_identify(archived_repos/examples/rclcpp/timers) by extensions ['python_setup_py']
[0.173s] Level 1:colcon.colcon_core.package_identification:_identify(archived_repos/examples/rclcpp/timers) by extension 'python_setup_py'
[0.173s] Level 1:colcon.colcon_core.package_identification:_identify(archived_repos/examples/rclcpp/timers/minimal_timer) by extensions ['ignore', 'ignore_ament_install']
[0.173s] Level 1:colcon.colcon_core.package_identification:_identify(archived_repos/examples/rclcpp/timers/minimal_timer) by extension 'ignore'
[0.173s] Level 1:colcon.colcon_core.package_identification:_identify(archived_repos/examples/rclcpp/timers/minimal_timer) by extension 'ignore_ament_install'
[0.173s] Level 1:colcon.colcon_core.package_identification:_identify(archived_repos/examples/rclcpp/timers/minimal_timer) by extensions ['colcon_pkg']
[0.173s] Level 1:colcon.colcon_core.package_identification:_identify(archived_repos/examples/rclcpp/timers/minimal_timer) by extension 'colcon_pkg'
[0.173s] Level 1:colcon.colcon_core.package_identification:_identify(archived_repos/examples/rclcpp/timers/minimal_timer) by extensions ['colcon_meta']
[0.173s] Level 1:colcon.colcon_core.package_identification:_identify(archived_repos/examples/rclcpp/timers/minimal_timer) by extension 'colcon_meta'
[0.173s] Level 1:colcon.colcon_core.package_identification:_identify(archived_repos/examples/rclcpp/timers/minimal_timer) by extensions ['ros']
[0.173s] Level 1:colcon.colcon_core.package_identification:_identify(archived_repos/examples/rclcpp/timers/minimal_timer) by extension 'ros'
[0.174s] DEBUG:colcon.colcon_core.package_identification:Package 'archived_repos/examples/rclcpp/timers/minimal_timer' with type 'ros.ament_cmake' and name 'examples_rclcpp_minimal_timer'
[0.174s] Level 1:colcon.colcon_core.package_identification:_identify(archived_repos/examples/rclcpp/topics) by extensions ['ignore', 'ignore_ament_install']
[0.174s] Level 1:colcon.colcon_core.package_identification:_identify(archived_repos/examples/rclcpp/topics) by extension 'ignore'
[0.174s] Level 1:colcon.colcon_core.package_identification:_identify(archived_repos/examples/rclcpp/topics) by extension 'ignore_ament_install'
[0.174s] Level 1:colcon.colcon_core.package_identification:_identify(archived_repos/examples/rclcpp/topics) by extensions ['colcon_pkg']
[0.174s] Level 1:colcon.colcon_core.package_identification:_identify(archived_repos/examples/rclcpp/topics) by extension 'colcon_pkg'
[0.174s] Level 1:colcon.colcon_core.package_identification:_identify(archived_repos/examples/rclcpp/topics) by extensions ['colcon_meta']
[0.174s] Level 1:colcon.colcon_core.package_identification:_identify(archived_repos/examples/rclcpp/topics) by extension 'colcon_meta'
[0.174s] Level 1:colcon.colcon_core.package_identification:_identify(archived_repos/examples/rclcpp/topics) by extensions ['ros']
[0.174s] Level 1:colcon.colcon_core.package_identification:_identify(archived_repos/examples/rclcpp/topics) by extension 'ros'
[0.174s] Level 1:colcon.colcon_core.package_identification:_identify(archived_repos/examples/rclcpp/topics) by extensions ['cmake', 'python']
[0.174s] Level 1:colcon.colcon_core.package_identification:_identify(archived_repos/examples/rclcpp/topics) by extension 'cmake'
[0.174s] Level 1:colcon.colcon_core.package_identification:_identify(archived_repos/examples/rclcpp/topics) by extension 'python'
[0.174s] Level 1:colcon.colcon_core.package_identification:_identify(archived_repos/examples/rclcpp/topics) by extensions ['python_setup_py']
[0.174s] Level 1:colcon.colcon_core.package_identification:_identify(archived_repos/examples/rclcpp/topics) by extension 'python_setup_py'
[0.174s] Level 1:colcon.colcon_core.package_identification:_identify(archived_repos/examples/rclcpp/topics/minimal_publisher) by extensions ['ignore', 'ignore_ament_install']
[0.174s] Level 1:colcon.colcon_core.package_identification:_identify(archived_repos/examples/rclcpp/topics/minimal_publisher) by extension 'ignore'
[0.174s] Level 1:colcon.colcon_core.package_identification:_identify(archived_repos/examples/rclcpp/topics/minimal_publisher) by extension 'ignore_ament_install'
[0.174s] Level 1:colcon.colcon_core.package_identification:_identify(archived_repos/examples/rclcpp/topics/minimal_publisher) by extensions ['colcon_pkg']
[0.174s] Level 1:colcon.colcon_core.package_identification:_identify(archived_repos/examples/rclcpp/topics/minimal_publisher) by extension 'colcon_pkg'
[0.174s] Level 1:colcon.colcon_core.package_identification:_identify(archived_repos/examples/rclcpp/topics/minimal_publisher) by extensions ['colcon_meta']
[0.174s] Level 1:colcon.colcon_core.package_identification:_identify(archived_repos/examples/rclcpp/topics/minimal_publisher) by extension 'colcon_meta'
[0.174s] Level 1:colcon.colcon_core.package_identification:_identify(archived_repos/examples/rclcpp/topics/minimal_publisher) by extensions ['ros']
[0.174s] Level 1:colcon.colcon_core.package_identification:_identify(archived_repos/examples/rclcpp/topics/minimal_publisher) by extension 'ros'
[0.175s] DEBUG:colcon.colcon_core.package_identification:Package 'archived_repos/examples/rclcpp/topics/minimal_publisher' with type 'ros.ament_cmake' and name 'examples_rclcpp_minimal_publisher'
[0.175s] Level 1:colcon.colcon_core.package_identification:_identify(archived_repos/examples/rclcpp/topics/minimal_subscriber) by extensions ['ignore', 'ignore_ament_install']
[0.175s] Level 1:colcon.colcon_core.package_identification:_identify(archived_repos/examples/rclcpp/topics/minimal_subscriber) by extension 'ignore'
[0.175s] Level 1:colcon.colcon_core.package_identification:_identify(archived_repos/examples/rclcpp/topics/minimal_subscriber) by extension 'ignore_ament_install'
[0.175s] Level 1:colcon.colcon_core.package_identification:_identify(archived_repos/examples/rclcpp/topics/minimal_subscriber) by extensions ['colcon_pkg']
[0.175s] Level 1:colcon.colcon_core.package_identification:_identify(archived_repos/examples/rclcpp/topics/minimal_subscriber) by extension 'colcon_pkg'
[0.175s] Level 1:colcon.colcon_core.package_identification:_identify(archived_repos/examples/rclcpp/topics/minimal_subscriber) by extensions ['colcon_meta']
[0.175s] Level 1:colcon.colcon_core.package_identification:_identify(archived_repos/examples/rclcpp/topics/minimal_subscriber) by extension 'colcon_meta'
[0.175s] Level 1:colcon.colcon_core.package_identification:_identify(archived_repos/examples/rclcpp/topics/minimal_subscriber) by extensions ['ros']
[0.175s] Level 1:colcon.colcon_core.package_identification:_identify(archived_repos/examples/rclcpp/topics/minimal_subscriber) by extension 'ros'
[0.175s] DEBUG:colcon.colcon_core.package_identification:Package 'archived_repos/examples/rclcpp/topics/minimal_subscriber' with type 'ros.ament_cmake' and name 'examples_rclcpp_minimal_subscriber'
[0.175s] Level 1:colcon.colcon_core.package_identification:_identify(archived_repos/examples/rclcpp/wait_set) by extensions ['ignore', 'ignore_ament_install']
[0.175s] Level 1:colcon.colcon_core.package_identification:_identify(archived_repos/examples/rclcpp/wait_set) by extension 'ignore'
[0.175s] Level 1:colcon.colcon_core.package_identification:_identify(archived_repos/examples/rclcpp/wait_set) by extension 'ignore_ament_install'
[0.175s] Level 1:colcon.colcon_core.package_identification:_identify(archived_repos/examples/rclcpp/wait_set) by extensions ['colcon_pkg']
[0.175s] Level 1:colcon.colcon_core.package_identification:_identify(archived_repos/examples/rclcpp/wait_set) by extension 'colcon_pkg'
[0.175s] Level 1:colcon.colcon_core.package_identification:_identify(archived_repos/examples/rclcpp/wait_set) by extensions ['colcon_meta']
[0.175s] Level 1:colcon.colcon_core.package_identification:_identify(archived_repos/examples/rclcpp/wait_set) by extension 'colcon_meta'
[0.175s] Level 1:colcon.colcon_core.package_identification:_identify(archived_repos/examples/rclcpp/wait_set) by extensions ['ros']
[0.175s] Level 1:colcon.colcon_core.package_identification:_identify(archived_repos/examples/rclcpp/wait_set) by extension 'ros'
[0.176s] DEBUG:colcon.colcon_core.package_identification:Package 'archived_repos/examples/rclcpp/wait_set' with type 'ros.ament_cmake' and name 'examples_rclcpp_wait_set'
[0.176s] Level 1:colcon.colcon_core.package_identification:_identify(archived_repos/examples/rclpy) by extensions ['ignore', 'ignore_ament_install']
[0.176s] Level 1:colcon.colcon_core.package_identification:_identify(archived_repos/examples/rclpy) by extension 'ignore'
[0.176s] Level 1:colcon.colcon_core.package_identification:_identify(archived_repos/examples/rclpy) by extension 'ignore_ament_install'
[0.176s] Level 1:colcon.colcon_core.package_identification:_identify(archived_repos/examples/rclpy) by extensions ['colcon_pkg']
[0.176s] Level 1:colcon.colcon_core.package_identification:_identify(archived_repos/examples/rclpy) by extension 'colcon_pkg'
[0.176s] Level 1:colcon.colcon_core.package_identification:_identify(archived_repos/examples/rclpy) by extensions ['colcon_meta']
[0.176s] Level 1:colcon.colcon_core.package_identification:_identify(archived_repos/examples/rclpy) by extension 'colcon_meta'
[0.176s] Level 1:colcon.colcon_core.package_identification:_identify(archived_repos/examples/rclpy) by extensions ['ros']
[0.176s] Level 1:colcon.colcon_core.package_identification:_identify(archived_repos/examples/rclpy) by extension 'ros'
[0.176s] Level 1:colcon.colcon_core.package_identification:_identify(archived_repos/examples/rclpy) by extensions ['cmake', 'python']
[0.176s] Level 1:colcon.colcon_core.package_identification:_identify(archived_repos/examples/rclpy) by extension 'cmake'
[0.176s] Level 1:colcon.colcon_core.package_identification:_identify(archived_repos/examples/rclpy) by extension 'python'
[0.176s] Level 1:colcon.colcon_core.package_identification:_identify(archived_repos/examples/rclpy) by extensions ['python_setup_py']
[0.176s] Level 1:colcon.colcon_core.package_identification:_identify(archived_repos/examples/rclpy) by extension 'python_setup_py'
[0.176s] Level 1:colcon.colcon_core.package_identification:_identify(archived_repos/examples/rclpy/actions) by extensions ['ignore', 'ignore_ament_install']
[0.176s] Level 1:colcon.colcon_core.package_identification:_identify(archived_repos/examples/rclpy/actions) by extension 'ignore'
[0.176s] Level 1:colcon.colcon_core.package_identification:_identify(archived_repos/examples/rclpy/actions) by extension 'ignore_ament_install'
[0.176s] Level 1:colcon.colcon_core.package_identification:_identify(archived_repos/examples/rclpy/actions) by extensions ['colcon_pkg']
[0.176s] Level 1:colcon.colcon_core.package_identification:_identify(archived_repos/examples/rclpy/actions) by extension 'colcon_pkg'
[0.176s] Level 1:colcon.colcon_core.package_identification:_identify(archived_repos/examples/rclpy/actions) by extensions ['colcon_meta']
[0.176s] Level 1:colcon.colcon_core.package_identification:_identify(archived_repos/examples/rclpy/actions) by extension 'colcon_meta'
[0.176s] Level 1:colcon.colcon_core.package_identification:_identify(archived_repos/examples/rclpy/actions) by extensions ['ros']
[0.176s] Level 1:colcon.colcon_core.package_identification:_identify(archived_repos/examples/rclpy/actions) by extension 'ros'
[0.176s] Level 1:colcon.colcon_core.package_identification:_identify(archived_repos/examples/rclpy/actions) by extensions ['cmake', 'python']
[0.176s] Level 1:colcon.colcon_core.package_identification:_identify(archived_repos/examples/rclpy/actions) by extension 'cmake'
[0.176s] Level 1:colcon.colcon_core.package_identification:_identify(archived_repos/examples/rclpy/actions) by extension 'python'
[0.176s] Level 1:colcon.colcon_core.package_identification:_identify(archived_repos/examples/rclpy/actions) by extensions ['python_setup_py']
[0.176s] Level 1:colcon.colcon_core.package_identification:_identify(archived_repos/examples/rclpy/actions) by extension 'python_setup_py'
[0.176s] Level 1:colcon.colcon_core.package_identification:_identify(archived_repos/examples/rclpy/actions/minimal_action_client) by extensions ['ignore', 'ignore_ament_install']
[0.176s] Level 1:colcon.colcon_core.package_identification:_identify(archived_repos/examples/rclpy/actions/minimal_action_client) by extension 'ignore'
[0.176s] Level 1:colcon.colcon_core.package_identification:_identify(archived_repos/examples/rclpy/actions/minimal_action_client) by extension 'ignore_ament_install'
[0.177s] Level 1:colcon.colcon_core.package_identification:_identify(archived_repos/examples/rclpy/actions/minimal_action_client) by extensions ['colcon_pkg']
[0.177s] Level 1:colcon.colcon_core.package_identification:_identify(archived_repos/examples/rclpy/actions/minimal_action_client) by extension 'colcon_pkg'
[0.177s] Level 1:colcon.colcon_core.package_identification:_identify(archived_repos/examples/rclpy/actions/minimal_action_client) by extensions ['colcon_meta']
[0.177s] Level 1:colcon.colcon_core.package_identification:_identify(archived_repos/examples/rclpy/actions/minimal_action_client) by extension 'colcon_meta'
[0.177s] Level 1:colcon.colcon_core.package_identification:_identify(archived_repos/examples/rclpy/actions/minimal_action_client) by extensions ['ros']
[0.177s] Level 1:colcon.colcon_core.package_identification:_identify(archived_repos/examples/rclpy/actions/minimal_action_client) by extension 'ros'
[0.177s] DEBUG:colcon.colcon_core.package_identification:Package 'archived_repos/examples/rclpy/actions/minimal_action_client' with type 'ros.ament_python' and name 'examples_rclpy_minimal_action_client'
[0.177s] Level 1:colcon.colcon_core.package_identification:_identify(archived_repos/examples/rclpy/actions/minimal_action_server) by extensions ['ignore', 'ignore_ament_install']
[0.177s] Level 1:colcon.colcon_core.package_identification:_identify(archived_repos/examples/rclpy/actions/minimal_action_server) by extension 'ignore'
[0.177s] Level 1:colcon.colcon_core.package_identification:_identify(archived_repos/examples/rclpy/actions/minimal_action_server) by extension 'ignore_ament_install'
[0.177s] Level 1:colcon.colcon_core.package_identification:_identify(archived_repos/examples/rclpy/actions/minimal_action_server) by extensions ['colcon_pkg']
[0.177s] Level 1:colcon.colcon_core.package_identification:_identify(archived_repos/examples/rclpy/actions/minimal_action_server) by extension 'colcon_pkg'
[0.177s] Level 1:colcon.colcon_core.package_identification:_identify(archived_repos/examples/rclpy/actions/minimal_action_server) by extensions ['colcon_meta']
[0.177s] Level 1:colcon.colcon_core.package_identification:_identify(archived_repos/examples/rclpy/actions/minimal_action_server) by extension 'colcon_meta'
[0.177s] Level 1:colcon.colcon_core.package_identification:_identify(archived_repos/examples/rclpy/actions/minimal_action_server) by extensions ['ros']
[0.177s] Level 1:colcon.colcon_core.package_identification:_identify(archived_repos/examples/rclpy/actions/minimal_action_server) by extension 'ros'
[0.177s] DEBUG:colcon.colcon_core.package_identification:Package 'archived_repos/examples/rclpy/actions/minimal_action_server' with type 'ros.ament_python' and name 'examples_rclpy_minimal_action_server'
[0.177s] Level 1:colcon.colcon_core.package_identification:_identify(archived_repos/examples/rclpy/executors) by extensions ['ignore', 'ignore_ament_install']
[0.177s] Level 1:colcon.colcon_core.package_identification:_identify(archived_repos/examples/rclpy/executors) by extension 'ignore'
[0.178s] Level 1:colcon.colcon_core.package_identification:_identify(archived_repos/examples/rclpy/executors) by extension 'ignore_ament_install'
[0.178s] Level 1:colcon.colcon_core.package_identification:_identify(archived_repos/examples/rclpy/executors) by extensions ['colcon_pkg']
[0.178s] Level 1:colcon.colcon_core.package_identification:_identify(archived_repos/examples/rclpy/executors) by extension 'colcon_pkg'
[0.178s] Level 1:colcon.colcon_core.package_identification:_identify(archived_repos/examples/rclpy/executors) by extensions ['colcon_meta']
[0.178s] Level 1:colcon.colcon_core.package_identification:_identify(archived_repos/examples/rclpy/executors) by extension 'colcon_meta'
[0.178s] Level 1:colcon.colcon_core.package_identification:_identify(archived_repos/examples/rclpy/executors) by extensions ['ros']
[0.178s] Level 1:colcon.colcon_core.package_identification:_identify(archived_repos/examples/rclpy/executors) by extension 'ros'
[0.178s] DEBUG:colcon.colcon_core.package_identification:Package 'archived_repos/examples/rclpy/executors' with type 'ros.ament_python' and name 'examples_rclpy_executors'
[0.178s] Level 1:colcon.colcon_core.package_identification:_identify(archived_repos/examples/rclpy/guard_conditions) by extensions ['ignore', 'ignore_ament_install']
[0.178s] Level 1:colcon.colcon_core.package_identification:_identify(archived_repos/examples/rclpy/guard_conditions) by extension 'ignore'
[0.178s] Level 1:colcon.colcon_core.package_identification:_identify(archived_repos/examples/rclpy/guard_conditions) by extension 'ignore_ament_install'
[0.178s] Level 1:colcon.colcon_core.package_identification:_identify(archived_repos/examples/rclpy/guard_conditions) by extensions ['colcon_pkg']
[0.178s] Level 1:colcon.colcon_core.package_identification:_identify(archived_repos/examples/rclpy/guard_conditions) by extension 'colcon_pkg'
[0.178s] Level 1:colcon.colcon_core.package_identification:_identify(archived_repos/examples/rclpy/guard_conditions) by extensions ['colcon_meta']
[0.178s] Level 1:colcon.colcon_core.package_identification:_identify(archived_repos/examples/rclpy/guard_conditions) by extension 'colcon_meta'
[0.178s] Level 1:colcon.colcon_core.package_identification:_identify(archived_repos/examples/rclpy/guard_conditions) by extensions ['ros']
[0.178s] Level 1:colcon.colcon_core.package_identification:_identify(archived_repos/examples/rclpy/guard_conditions) by extension 'ros'
[0.178s] DEBUG:colcon.colcon_core.package_identification:Package 'archived_repos/examples/rclpy/guard_conditions' with type 'ros.ament_python' and name 'examples_rclpy_guard_conditions'
[0.178s] Level 1:colcon.colcon_core.package_identification:_identify(archived_repos/examples/rclpy/services) by extensions ['ignore', 'ignore_ament_install']
[0.179s] Level 1:colcon.colcon_core.package_identification:_identify(archived_repos/examples/rclpy/services) by extension 'ignore'
[0.179s] Level 1:colcon.colcon_core.package_identification:_identify(archived_repos/examples/rclpy/services) by extension 'ignore_ament_install'
[0.179s] Level 1:colcon.colcon_core.package_identification:_identify(archived_repos/examples/rclpy/services) by extensions ['colcon_pkg']
[0.179s] Level 1:colcon.colcon_core.package_identification:_identify(archived_repos/examples/rclpy/services) by extension 'colcon_pkg'
[0.179s] Level 1:colcon.colcon_core.package_identification:_identify(archived_repos/examples/rclpy/services) by extensions ['colcon_meta']
[0.179s] Level 1:colcon.colcon_core.package_identification:_identify(archived_repos/examples/rclpy/services) by extension 'colcon_meta'
[0.179s] Level 1:colcon.colcon_core.package_identification:_identify(archived_repos/examples/rclpy/services) by extensions ['ros']
[0.179s] Level 1:colcon.colcon_core.package_identification:_identify(archived_repos/examples/rclpy/services) by extension 'ros'
[0.179s] Level 1:colcon.colcon_core.package_identification:_identify(archived_repos/examples/rclpy/services) by extensions ['cmake', 'python']
[0.179s] Level 1:colcon.colcon_core.package_identification:_identify(archived_repos/examples/rclpy/services) by extension 'cmake'
[0.179s] Level 1:colcon.colcon_core.package_identification:_identify(archived_repos/examples/rclpy/services) by extension 'python'
[0.179s] Level 1:colcon.colcon_core.package_identification:_identify(archived_repos/examples/rclpy/services) by extensions ['python_setup_py']
[0.179s] Level 1:colcon.colcon_core.package_identification:_identify(archived_repos/examples/rclpy/services) by extension 'python_setup_py'
[0.179s] Level 1:colcon.colcon_core.package_identification:_identify(archived_repos/examples/rclpy/services/minimal_client) by extensions ['ignore', 'ignore_ament_install']
[0.179s] Level 1:colcon.colcon_core.package_identification:_identify(archived_repos/examples/rclpy/services/minimal_client) by extension 'ignore'
[0.179s] Level 1:colcon.colcon_core.package_identification:_identify(archived_repos/examples/rclpy/services/minimal_client) by extension 'ignore_ament_install'
[0.179s] Level 1:colcon.colcon_core.package_identification:_identify(archived_repos/examples/rclpy/services/minimal_client) by extensions ['colcon_pkg']
[0.179s] Level 1:colcon.colcon_core.package_identification:_identify(archived_repos/examples/rclpy/services/minimal_client) by extension 'colcon_pkg'
[0.179s] Level 1:colcon.colcon_core.package_identification:_identify(archived_repos/examples/rclpy/services/minimal_client) by extensions ['colcon_meta']
[0.179s] Level 1:colcon.colcon_core.package_identification:_identify(archived_repos/examples/rclpy/services/minimal_client) by extension 'colcon_meta'
[0.179s] Level 1:colcon.colcon_core.package_identification:_identify(archived_repos/examples/rclpy/services/minimal_client) by extensions ['ros']
[0.179s] Level 1:colcon.colcon_core.package_identification:_identify(archived_repos/examples/rclpy/services/minimal_client) by extension 'ros'
[0.179s] DEBUG:colcon.colcon_core.package_identification:Package 'archived_repos/examples/rclpy/services/minimal_client' with type 'ros.ament_python' and name 'examples_rclpy_minimal_client'
[0.179s] Level 1:colcon.colcon_core.package_identification:_identify(archived_repos/examples/rclpy/services/minimal_service) by extensions ['ignore', 'ignore_ament_install']
[0.179s] Level 1:colcon.colcon_core.package_identification:_identify(archived_repos/examples/rclpy/services/minimal_service) by extension 'ignore'
[0.179s] Level 1:colcon.colcon_core.package_identification:_identify(archived_repos/examples/rclpy/services/minimal_service) by extension 'ignore_ament_install'
[0.179s] Level 1:colcon.colcon_core.package_identification:_identify(archived_repos/examples/rclpy/services/minimal_service) by extensions ['colcon_pkg']
[0.179s] Level 1:colcon.colcon_core.package_identification:_identify(archived_repos/examples/rclpy/services/minimal_service) by extension 'colcon_pkg'
[0.179s] Level 1:colcon.colcon_core.package_identification:_identify(archived_repos/examples/rclpy/services/minimal_service) by extensions ['colcon_meta']
[0.179s] Level 1:colcon.colcon_core.package_identification:_identify(archived_repos/examples/rclpy/services/minimal_service) by extension 'colcon_meta'
[0.180s] Level 1:colcon.colcon_core.package_identification:_identify(archived_repos/examples/rclpy/services/minimal_service) by extensions ['ros']
[0.180s] Level 1:colcon.colcon_core.package_identification:_identify(archived_repos/examples/rclpy/services/minimal_service) by extension 'ros'
[0.180s] DEBUG:colcon.colcon_core.package_identification:Package 'archived_repos/examples/rclpy/services/minimal_service' with type 'ros.ament_python' and name 'examples_rclpy_minimal_service'
[0.180s] Level 1:colcon.colcon_core.package_identification:_identify(archived_repos/examples/rclpy/topics) by extensions ['ignore', 'ignore_ament_install']
[0.180s] Level 1:colcon.colcon_core.package_identification:_identify(archived_repos/examples/rclpy/topics) by extension 'ignore'
[0.180s] Level 1:colcon.colcon_core.package_identification:_identify(archived_repos/examples/rclpy/topics) by extension 'ignore_ament_install'
[0.180s] Level 1:colcon.colcon_core.package_identification:_identify(archived_repos/examples/rclpy/topics) by extensions ['colcon_pkg']
[0.180s] Level 1:colcon.colcon_core.package_identification:_identify(archived_repos/examples/rclpy/topics) by extension 'colcon_pkg'
[0.180s] Level 1:colcon.colcon_core.package_identification:_identify(archived_repos/examples/rclpy/topics) by extensions ['colcon_meta']
[0.180s] Level 1:colcon.colcon_core.package_identification:_identify(archived_repos/examples/rclpy/topics) by extension 'colcon_meta'
[0.180s] Level 1:colcon.colcon_core.package_identification:_identify(archived_repos/examples/rclpy/topics) by extensions ['ros']
[0.180s] Level 1:colcon.colcon_core.package_identification:_identify(archived_repos/examples/rclpy/topics) by extension 'ros'
[0.180s] Level 1:colcon.colcon_core.package_identification:_identify(archived_repos/examples/rclpy/topics) by extensions ['cmake', 'python']
[0.180s] Level 1:colcon.colcon_core.package_identification:_identify(archived_repos/examples/rclpy/topics) by extension 'cmake'
[0.180s] Level 1:colcon.colcon_core.package_identification:_identify(archived_repos/examples/rclpy/topics) by extension 'python'
[0.180s] Level 1:colcon.colcon_core.package_identification:_identify(archived_repos/examples/rclpy/topics) by extensions ['python_setup_py']
[0.180s] Level 1:colcon.colcon_core.package_identification:_identify(archived_repos/examples/rclpy/topics) by extension 'python_setup_py'
[0.180s] Level 1:colcon.colcon_core.package_identification:_identify(archived_repos/examples/rclpy/topics/minimal_publisher) by extensions ['ignore', 'ignore_ament_install']
[0.180s] Level 1:colcon.colcon_core.package_identification:_identify(archived_repos/examples/rclpy/topics/minimal_publisher) by extension 'ignore'
[0.180s] Level 1:colcon.colcon_core.package_identification:_identify(archived_repos/examples/rclpy/topics/minimal_publisher) by extension 'ignore_ament_install'
[0.180s] Level 1:colcon.colcon_core.package_identification:_identify(archived_repos/examples/rclpy/topics/minimal_publisher) by extensions ['colcon_pkg']
[0.180s] Level 1:colcon.colcon_core.package_identification:_identify(archived_repos/examples/rclpy/topics/minimal_publisher) by extension 'colcon_pkg'
[0.180s] Level 1:colcon.colcon_core.package_identification:_identify(archived_repos/examples/rclpy/topics/minimal_publisher) by extensions ['colcon_meta']
[0.180s] Level 1:colcon.colcon_core.package_identification:_identify(archived_repos/examples/rclpy/topics/minimal_publisher) by extension 'colcon_meta'
[0.180s] Level 1:colcon.colcon_core.package_identification:_identify(archived_repos/examples/rclpy/topics/minimal_publisher) by extensions ['ros']
[0.180s] Level 1:colcon.colcon_core.package_identification:_identify(archived_repos/examples/rclpy/topics/minimal_publisher) by extension 'ros'
[0.181s] DEBUG:colcon.colcon_core.package_identification:Package 'archived_repos/examples/rclpy/topics/minimal_publisher' with type 'ros.ament_python' and name 'examples_rclpy_minimal_publisher'
[0.181s] Level 1:colcon.colcon_core.package_identification:_identify(archived_repos/examples/rclpy/topics/minimal_subscriber) by extensions ['ignore', 'ignore_ament_install']
[0.181s] Level 1:colcon.colcon_core.package_identification:_identify(archived_repos/examples/rclpy/topics/minimal_subscriber) by extension 'ignore'
[0.181s] Level 1:colcon.colcon_core.package_identification:_identify(archived_repos/examples/rclpy/topics/minimal_subscriber) by extension 'ignore_ament_install'
[0.181s] Level 1:colcon.colcon_core.package_identification:_identify(archived_repos/examples/rclpy/topics/minimal_subscriber) by extensions ['colcon_pkg']
[0.181s] Level 1:colcon.colcon_core.package_identification:_identify(archived_repos/examples/rclpy/topics/minimal_subscriber) by extension 'colcon_pkg'
[0.181s] Level 1:colcon.colcon_core.package_identification:_identify(archived_repos/examples/rclpy/topics/minimal_subscriber) by extensions ['colcon_meta']
[0.181s] Level 1:colcon.colcon_core.package_identification:_identify(archived_repos/examples/rclpy/topics/minimal_subscriber) by extension 'colcon_meta'
[0.181s] Level 1:colcon.colcon_core.package_identification:_identify(archived_repos/examples/rclpy/topics/minimal_subscriber) by extensions ['ros']
[0.181s] Level 1:colcon.colcon_core.package_identification:_identify(archived_repos/examples/rclpy/topics/minimal_subscriber) by extension 'ros'
[0.181s] DEBUG:colcon.colcon_core.package_identification:Package 'archived_repos/examples/rclpy/topics/minimal_subscriber' with type 'ros.ament_python' and name 'examples_rclpy_minimal_subscriber'
[0.181s] Level 1:colcon.colcon_core.package_identification:_identify(archived_repos/examples/rclpy/topics/pointcloud_publisher) by extensions ['ignore', 'ignore_ament_install']
[0.181s] Level 1:colcon.colcon_core.package_identification:_identify(archived_repos/examples/rclpy/topics/pointcloud_publisher) by extension 'ignore'
[0.181s] Level 1:colcon.colcon_core.package_identification:_identify(archived_repos/examples/rclpy/topics/pointcloud_publisher) by extension 'ignore_ament_install'
[0.181s] Level 1:colcon.colcon_core.package_identification:_identify(archived_repos/examples/rclpy/topics/pointcloud_publisher) by extensions ['colcon_pkg']
[0.181s] Level 1:colcon.colcon_core.package_identification:_identify(archived_repos/examples/rclpy/topics/pointcloud_publisher) by extension 'colcon_pkg'
[0.181s] Level 1:colcon.colcon_core.package_identification:_identify(archived_repos/examples/rclpy/topics/pointcloud_publisher) by extensions ['colcon_meta']
[0.181s] Level 1:colcon.colcon_core.package_identification:_identify(archived_repos/examples/rclpy/topics/pointcloud_publisher) by extension 'colcon_meta'
[0.181s] Level 1:colcon.colcon_core.package_identification:_identify(archived_repos/examples/rclpy/topics/pointcloud_publisher) by extensions ['ros']
[0.181s] Level 1:colcon.colcon_core.package_identification:_identify(archived_repos/examples/rclpy/topics/pointcloud_publisher) by extension 'ros'
[0.182s] DEBUG:colcon.colcon_core.package_identification:Package 'archived_repos/examples/rclpy/topics/pointcloud_publisher' with type 'ros.ament_python' and name 'examples_rclpy_pointcloud_publisher'
[0.182s] Level 1:colcon.colcon_core.package_identification:_identify(archived_repos/ros_tutorials) by extensions ['ignore', 'ignore_ament_install']
[0.182s] Level 1:colcon.colcon_core.package_identification:_identify(archived_repos/ros_tutorials) by extension 'ignore'
[0.182s] Level 1:colcon.colcon_core.package_identification:_identify(archived_repos/ros_tutorials) by extension 'ignore_ament_install'
[0.182s] Level 1:colcon.colcon_core.package_identification:_identify(archived_repos/ros_tutorials) by extensions ['colcon_pkg']
[0.182s] Level 1:colcon.colcon_core.package_identification:_identify(archived_repos/ros_tutorials) by extension 'colcon_pkg'
[0.182s] Level 1:colcon.colcon_core.package_identification:_identify(archived_repos/ros_tutorials) by extensions ['colcon_meta']
[0.182s] Level 1:colcon.colcon_core.package_identification:_identify(archived_repos/ros_tutorials) by extension 'colcon_meta'
[0.182s] Level 1:colcon.colcon_core.package_identification:_identify(archived_repos/ros_tutorials) by extensions ['ros']
[0.182s] Level 1:colcon.colcon_core.package_identification:_identify(archived_repos/ros_tutorials) by extension 'ros'
[0.182s] Level 1:colcon.colcon_core.package_identification:_identify(archived_repos/ros_tutorials) by extensions ['cmake', 'python']
[0.182s] Level 1:colcon.colcon_core.package_identification:_identify(archived_repos/ros_tutorials) by extension 'cmake'
[0.182s] Level 1:colcon.colcon_core.package_identification:_identify(archived_repos/ros_tutorials) by extension 'python'
[0.182s] Level 1:colcon.colcon_core.package_identification:_identify(archived_repos/ros_tutorials) by extensions ['python_setup_py']
[0.182s] Level 1:colcon.colcon_core.package_identification:_identify(archived_repos/ros_tutorials) by extension 'python_setup_py'
[0.182s] Level 1:colcon.colcon_core.package_identification:_identify(archived_repos/ros_tutorials/ros_tutorials) by extensions ['ignore', 'ignore_ament_install']
[0.182s] Level 1:colcon.colcon_core.package_identification:_identify(archived_repos/ros_tutorials/ros_tutorials) by extension 'ignore'
[0.182s] Level 1:colcon.colcon_core.package_identification:_identify(archived_repos/ros_tutorials/ros_tutorials) ignored
[0.182s] Level 1:colcon.colcon_core.package_identification:_identify(archived_repos/ros_tutorials/roscpp_tutorials) by extensions ['ignore', 'ignore_ament_install']
[0.182s] Level 1:colcon.colcon_core.package_identification:_identify(archived_repos/ros_tutorials/roscpp_tutorials) by extension 'ignore'
[0.182s] Level 1:colcon.colcon_core.package_identification:_identify(archived_repos/ros_tutorials/roscpp_tutorials) ignored
[0.182s] Level 1:colcon.colcon_core.package_identification:_identify(archived_repos/ros_tutorials/rospy_tutorials) by extensions ['ignore', 'ignore_ament_install']
[0.182s] Level 1:colcon.colcon_core.package_identification:_identify(archived_repos/ros_tutorials/rospy_tutorials) by extension 'ignore'
[0.182s] Level 1:colcon.colcon_core.package_identification:_identify(archived_repos/ros_tutorials/rospy_tutorials) ignored
[0.182s] Level 1:colcon.colcon_core.package_identification:_identify(archived_repos/ros_tutorials/turtlesim) by extensions ['ignore', 'ignore_ament_install']
[0.182s] Level 1:colcon.colcon_core.package_identification:_identify(archived_repos/ros_tutorials/turtlesim) by extension 'ignore'
[0.182s] Level 1:colcon.colcon_core.package_identification:_identify(archived_repos/ros_tutorials/turtlesim) by extension 'ignore_ament_install'
[0.182s] Level 1:colcon.colcon_core.package_identification:_identify(archived_repos/ros_tutorials/turtlesim) by extensions ['colcon_pkg']
[0.182s] Level 1:colcon.colcon_core.package_identification:_identify(archived_repos/ros_tutorials/turtlesim) by extension 'colcon_pkg'
[0.182s] Level 1:colcon.colcon_core.package_identification:_identify(archived_repos/ros_tutorials/turtlesim) by extensions ['colcon_meta']
[0.182s] Level 1:colcon.colcon_core.package_identification:_identify(archived_repos/ros_tutorials/turtlesim) by extension 'colcon_meta'
[0.182s] Level 1:colcon.colcon_core.package_identification:_identify(archived_repos/ros_tutorials/turtlesim) by extensions ['ros']
[0.182s] Level 1:colcon.colcon_core.package_identification:_identify(archived_repos/ros_tutorials/turtlesim) by extension 'ros'
[0.183s] DEBUG:colcon.colcon_core.package_identification:Package 'archived_repos/ros_tutorials/turtlesim' with type 'ros.ament_cmake' and name 'turtlesim'
[0.183s] Level 1:colcon.colcon_core.package_identification:_identify(build) by extensions ['ignore', 'ignore_ament_install']
[0.183s] Level 1:colcon.colcon_core.package_identification:_identify(build) by extension 'ignore'
[0.183s] Level 1:colcon.colcon_core.package_identification:_identify(build) ignored
[0.183s] Level 1:colcon.colcon_core.package_identification:_identify(install) by extensions ['ignore', 'ignore_ament_install']
[0.183s] Level 1:colcon.colcon_core.package_identification:_identify(install) by extension 'ignore'
[0.183s] Level 1:colcon.colcon_core.package_identification:_identify(install) ignored
[0.183s] Level 1:colcon.colcon_core.package_identification:_identify(log) by extensions ['ignore', 'ignore_ament_install']
[0.183s] Level 1:colcon.colcon_core.package_identification:_identify(log) by extension 'ignore'
[0.183s] Level 1:colcon.colcon_core.package_identification:_identify(log) ignored
[0.183s] Level 1:colcon.colcon_core.package_identification:_identify(src) by extensions ['ignore', 'ignore_ament_install']
[0.184s] Level 1:colcon.colcon_core.package_identification:_identify(src) by extension 'ignore'
[0.184s] Level 1:colcon.colcon_core.package_identification:_identify(src) by extension 'ignore_ament_install'
[0.184s] Level 1:colcon.colcon_core.package_identification:_identify(src) by extensions ['colcon_pkg']
[0.184s] Level 1:colcon.colcon_core.package_identification:_identify(src) by extension 'colcon_pkg'
[0.184s] Level 1:colcon.colcon_core.package_identification:_identify(src) by extensions ['colcon_meta']
[0.184s] Level 1:colcon.colcon_core.package_identification:_identify(src) by extension 'colcon_meta'
[0.184s] Level 1:colcon.colcon_core.package_identification:_identify(src) by extensions ['ros']
[0.184s] Level 1:colcon.colcon_core.package_identification:_identify(src) by extension 'ros'
[0.184s] Level 1:colcon.colcon_core.package_identification:_identify(src) by extensions ['cmake', 'python']
[0.184s] Level 1:colcon.colcon_core.package_identification:_identify(src) by extension 'cmake'
[0.184s] Level 1:colcon.colcon_core.package_identification:_identify(src) by extension 'python'
[0.184s] Level 1:colcon.colcon_core.package_identification:_identify(src) by extensions ['python_setup_py']
[0.184s] Level 1:colcon.colcon_core.package_identification:_identify(src) by extension 'python_setup_py'
[0.184s] Level 1:colcon.colcon_core.package_identification:_identify(src/my_robot_bringup) by extensions ['ignore', 'ignore_ament_install']
[0.184s] Level 1:colcon.colcon_core.package_identification:_identify(src/my_robot_bringup) by extension 'ignore'
[0.184s] Level 1:colcon.colcon_core.package_identification:_identify(src/my_robot_bringup) by extension 'ignore_ament_install'
[0.184s] Level 1:colcon.colcon_core.package_identification:_identify(src/my_robot_bringup) by extensions ['colcon_pkg']
[0.184s] Level 1:colcon.colcon_core.package_identification:_identify(src/my_robot_bringup) by extension 'colcon_pkg'
[0.184s] Level 1:colcon.colcon_core.package_identification:_identify(src/my_robot_bringup) by extensions ['colcon_meta']
[0.184s] Level 1:colcon.colcon_core.package_identification:_identify(src/my_robot_bringup) by extension 'colcon_meta'
[0.184s] Level 1:colcon.colcon_core.package_identification:_identify(src/my_robot_bringup) by extensions ['ros']
[0.184s] Level 1:colcon.colcon_core.package_identification:_identify(src/my_robot_bringup) by extension 'ros'
[0.184s] DEBUG:colcon.colcon_core.package_identification:Package 'src/my_robot_bringup' with type 'ros.ament_cmake' and name 'my_robot_bringup'
[0.184s] Level 1:colcon.colcon_core.package_discovery:discover_packages(recursive) using defaults
[0.184s] Level 1:colcon.colcon_core.package_discovery:discover_packages(ignore) discover
[0.184s] Level 1:colcon.colcon_core.package_discovery:discover_packages(ignore) using defaults
[0.184s] Level 1:colcon.colcon_core.package_discovery:discover_packages(path) discover
[0.184s] Level 1:colcon.colcon_core.package_discovery:discover_packages(path) using defaults
[0.196s] INFO:colcon.colcon_core.package_selection:Skipping not selected package 'examples_rclcpp_async_client' in 'archived_repos/examples/rclcpp/services/async_client'
[0.196s] INFO:colcon.colcon_core.package_selection:Skipping not selected package 'examples_rclcpp_cbg_executor' in 'archived_repos/examples/rclcpp/executors/cbg_executor'
[0.196s] INFO:colcon.colcon_core.package_selection:Skipping not selected package 'examples_rclcpp_minimal_action_client' in 'archived_repos/examples/rclcpp/actions/minimal_action_client'
[0.196s] INFO:colcon.colcon_core.package_selection:Skipping not selected package 'examples_rclcpp_minimal_action_server' in 'archived_repos/examples/rclcpp/actions/minimal_action_server'
[0.196s] INFO:colcon.colcon_core.package_selection:Skipping not selected package 'examples_rclcpp_minimal_client' in 'archived_repos/examples/rclcpp/services/minimal_client'
[0.196s] INFO:colcon.colcon_core.package_selection:Skipping not selected package 'examples_rclcpp_minimal_composition' in 'archived_repos/examples/rclcpp/composition/minimal_composition'
[0.196s] INFO:colcon.colcon_core.package_selection:Skipping not selected package 'examples_rclcpp_minimal_publisher' in 'archived_repos/examples/rclcpp/topics/minimal_publisher'
[0.196s] INFO:colcon.colcon_core.package_selection:Skipping not selected package 'examples_rclcpp_minimal_service' in 'archived_repos/examples/rclcpp/services/minimal_service'
[0.196s] INFO:colcon.colcon_core.package_selection:Skipping not selected package 'examples_rclcpp_minimal_subscriber' in 'archived_repos/examples/rclcpp/topics/minimal_subscriber'
[0.196s] INFO:colcon.colcon_core.package_selection:Skipping not selected package 'examples_rclcpp_minimal_timer' in 'archived_repos/examples/rclcpp/timers/minimal_timer'
[0.196s] INFO:colcon.colcon_core.package_selection:Skipping not selected package 'examples_rclcpp_multithreaded_executor' in 'archived_repos/examples/rclcpp/executors/multithreaded_executor'
[0.196s] INFO:colcon.colcon_core.package_selection:Skipping not selected package 'examples_rclcpp_wait_set' in 'archived_repos/examples/rclcpp/wait_set'
[0.196s] INFO:colcon.colcon_core.package_selection:Skipping not selected package 'examples_rclpy_executors' in 'archived_repos/examples/rclpy/executors'
[0.196s] INFO:colcon.colcon_core.package_selection:Skipping not selected package 'examples_rclpy_guard_conditions' in 'archived_repos/examples/rclpy/guard_conditions'
[0.196s] INFO:colcon.colcon_core.package_selection:Skipping not selected package 'examples_rclpy_minimal_action_client' in 'archived_repos/examples/rclpy/actions/minimal_action_client'
[0.196s] INFO:colcon.colcon_core.package_selection:Skipping not selected package 'examples_rclpy_minimal_action_server' in 'archived_repos/examples/rclpy/actions/minimal_action_server'
[0.196s] INFO:colcon.colcon_core.package_selection:Skipping not selected package 'examples_rclpy_minimal_client' in 'archived_repos/examples/rclpy/services/minimal_client'
[0.196s] INFO:colcon.colcon_core.package_selection:Skipping not selected package 'examples_rclpy_minimal_publisher' in 'archived_repos/examples/rclpy/topics/minimal_publisher'
[0.196s] INFO:colcon.colcon_core.package_selection:Skipping not selected package 'examples_rclpy_minimal_service' in 'archived_repos/examples/rclpy/services/minimal_service'
[0.196s] INFO:colcon.colcon_core.package_selection:Skipping not selected package 'examples_rclpy_minimal_subscriber' in 'archived_repos/examples/rclpy/topics/minimal_subscriber'
[0.196s] INFO:colcon.colcon_core.package_selection:Skipping not selected package 'examples_rclpy_pointcloud_publisher' in 'archived_repos/examples/rclpy/topics/pointcloud_publisher'
[0.196s] INFO:colcon.colcon_core.package_selection:Skipping not selected package 'launch_testing_examples' in 'archived_repos/examples/launch_testing/launch_testing_examples'
[0.196s] INFO:colcon.colcon_core.package_selection:Skipping not selected package 'turtlesim' in 'archived_repos/ros_tutorials/turtlesim'
[0.197s] Level 5:colcon.colcon_core.verb:set package 'my_robot_bringup' build argument 'cmake_args' from command line to 'None'
[0.197s] Level 5:colcon.colcon_core.verb:set package 'my_robot_bringup' build argument 'cmake_target' from command line to 'None'
[0.197s] Level 5:colcon.colcon_core.verb:set package 'my_robot_bringup' build argument 'cmake_target_skip_unavailable' from command line to 'False'
[0.197s] Level 5:colcon.colcon_core.verb:set package 'my_robot_bringup' build argument 'cmake_clean_cache' from command line to 'False'
[0.197s] Level 5:colcon.colcon_core.verb:set package 'my_robot_bringup' build argument 'cmake_clean_first' from command line to 'False'
[0.197s] Level 5:colcon.colcon_core.verb:set package 'my_robot_bringup' build argument 'cmake_force_configure' from command line to 'False'
[0.197s] Level 5:colcon.colcon_core.verb:set package 'my_robot_bringup' build argument 'ament_cmake_args' from command line to 'None'
[0.197s] Level 5:colcon.colcon_core.verb:set package 'my_robot_bringup' build argument 'catkin_cmake_args' from command line to 'None'
[0.197s] Level 5:colcon.colcon_core.verb:set package 'my_robot_bringup' build argument 'catkin_skip_building_tests' from command line to 'False'
[0.197s] DEBUG:colcon.colcon_core.verb:Building package 'my_robot_bringup' with the following arguments: {'ament_cmake_args': None, 'build_base': '/home/ubuntu/ros2_ws/build/my_robot_bringup', 'catkin_cmake_args': None, 'catkin_skip_building_tests': False, 'cmake_args': None, 'cmake_clean_cache': False, 'cmake_clean_first': False, 'cmake_force_configure': False, 'cmake_target': None, 'cmake_target_skip_unavailable': False, 'install_base': '/home/ubuntu/ros2_ws/install/my_robot_bringup', 'merge_install': False, 'path': '/home/ubuntu/ros2_ws/src/my_robot_bringup', 'symlink_install': False, 'test_result_base': None}
[0.197s] INFO:colcon.colcon_core.executor:Executing jobs using 'parallel' executor
[0.197s] DEBUG:colcon.colcon_parallel_executor.executor.parallel:run_until_complete
[0.197s] INFO:colcon.colcon_ros.task.ament_cmake.build:Building ROS package in '/home/ubuntu/ros2_ws/src/my_robot_bringup' with build type 'ament_cmake'
[0.197s] INFO:colcon.colcon_cmake.task.cmake.build:Building CMake package in '/home/ubuntu/ros2_ws/src/my_robot_bringup'
[0.199s] INFO:colcon.colcon_core.plugin_system:Skipping extension 'colcon_core.shell.bat': Not used on non-Windows systems
[0.199s] INFO:colcon.colcon_core.shell:Skip shell extension 'powershell' for command environment: Not usable outside of PowerShell
[0.199s] DEBUG:colcon.colcon_core.shell:Skip shell extension 'dsv' for command environment
[0.207s] DEBUG:colcon.colcon_core.event_handler.log_command:Invoking command in '/home/ubuntu/ros2_ws/build/my_robot_bringup': CMAKE_PREFIX_PATH=${CMAKE_PREFIX_PATH}:/home/ubuntu/ros2_ws/install/launch_testing_examples:/home/ubuntu/ros2_ws/install/examples_rclpy_pointcloud_publisher:/home/ubuntu/ros2_ws/install/examples_rclpy_minimal_subscriber:/home/ubuntu/ros2_ws/install/examples_rclpy_minimal_service:/home/ubuntu/ros2_ws/install/examples_rclpy_minimal_publisher:/home/ubuntu/ros2_ws/install/examples_rclpy_minimal_client:/home/ubuntu/ros2_ws/install/examples_rclpy_minimal_action_server:/home/ubuntu/ros2_ws/install/examples_rclpy_minimal_action_client:/home/ubuntu/ros2_ws/install/examples_rclpy_guard_conditions:/home/ubuntu/ros2_ws/install/examples_rclpy_executors:/opt/ros/humble /usr/bin/cmake --build /home/ubuntu/ros2_ws/build/my_robot_bringup -- -j16 -l16
[0.241s] DEBUG:colcon.colcon_core.event_handler.log_command:Invoked command in '/home/ubuntu/ros2_ws/build/my_robot_bringup' returned '0': CMAKE_PREFIX_PATH=${CMAKE_PREFIX_PATH}:/home/ubuntu/ros2_ws/install/launch_testing_examples:/home/ubuntu/ros2_ws/install/examples_rclpy_pointcloud_publisher:/home/ubuntu/ros2_ws/install/examples_rclpy_minimal_subscriber:/home/ubuntu/ros2_ws/install/examples_rclpy_minimal_service:/home/ubuntu/ros2_ws/install/examples_rclpy_minimal_publisher:/home/ubuntu/ros2_ws/install/examples_rclpy_minimal_client:/home/ubuntu/ros2_ws/install/examples_rclpy_minimal_action_server:/home/ubuntu/ros2_ws/install/examples_rclpy_minimal_action_client:/home/ubuntu/ros2_ws/install/examples_rclpy_guard_conditions:/home/ubuntu/ros2_ws/install/examples_rclpy_executors:/opt/ros/humble /usr/bin/cmake --build /home/ubuntu/ros2_ws/build/my_robot_bringup -- -j16 -l16
[0.250s] DEBUG:colcon.colcon_core.event_handler.log_command:Invoking command in '/home/ubuntu/ros2_ws/build/my_robot_bringup': CMAKE_PREFIX_PATH=${CMAKE_PREFIX_PATH}:/home/ubuntu/ros2_ws/install/launch_testing_examples:/home/ubuntu/ros2_ws/install/examples_rclpy_pointcloud_publisher:/home/ubuntu/ros2_ws/install/examples_rclpy_minimal_subscriber:/home/ubuntu/ros2_ws/install/examples_rclpy_minimal_service:/home/ubuntu/ros2_ws/install/examples_rclpy_minimal_publisher:/home/ubuntu/ros2_ws/install/examples_rclpy_minimal_client:/home/ubuntu/ros2_ws/install/examples_rclpy_minimal_action_server:/home/ubuntu/ros2_ws/install/examples_rclpy_minimal_action_client:/home/ubuntu/ros2_ws/install/examples_rclpy_guard_conditions:/home/ubuntu/ros2_ws/install/examples_rclpy_executors:/opt/ros/humble /usr/bin/cmake --install /home/ubuntu/ros2_ws/build/my_robot_bringup
[0.258s] Level 1:colcon.colcon_core.environment:create_environment_scripts_only(my_robot_bringup)
[0.262s] DEBUG:colcon.colcon_core.event_handler.log_command:Invoked command in '/home/ubuntu/ros2_ws/build/my_robot_bringup' returned '0': CMAKE_PREFIX_PATH=${CMAKE_PREFIX_PATH}:/home/ubuntu/ros2_ws/install/launch_testing_examples:/home/ubuntu/ros2_ws/install/examples_rclpy_pointcloud_publisher:/home/ubuntu/ros2_ws/install/examples_rclpy_minimal_subscriber:/home/ubuntu/ros2_ws/install/examples_rclpy_minimal_service:/home/ubuntu/ros2_ws/install/examples_rclpy_minimal_publisher:/home/ubuntu/ros2_ws/install/examples_rclpy_minimal_client:/home/ubuntu/ros2_ws/install/examples_rclpy_minimal_action_server:/home/ubuntu/ros2_ws/install/examples_rclpy_minimal_action_client:/home/ubuntu/ros2_ws/install/examples_rclpy_guard_conditions:/home/ubuntu/ros2_ws/install/examples_rclpy_executors:/opt/ros/humble /usr/bin/cmake --install /home/ubuntu/ros2_ws/build/my_robot_bringup
[0.262s] Level 1:colcon.colcon_core.environment:checking '/home/ubuntu/ros2_ws/install/my_robot_bringup' for CMake module files
[0.262s] Level 1:colcon.colcon_core.environment:checking '/home/ubuntu/ros2_ws/install/my_robot_bringup' for CMake config files
[0.263s] Level 1:colcon.colcon_core.shell:create_environment_hook('my_robot_bringup', 'cmake_prefix_path')
[0.263s] INFO:colcon.colcon_core.shell:Creating environment hook '/home/ubuntu/ros2_ws/install/my_robot_bringup/share/my_robot_bringup/hook/cmake_prefix_path.ps1'
[0.263s] INFO:colcon.colcon_core.shell:Creating environment descriptor '/home/ubuntu/ros2_ws/install/my_robot_bringup/share/my_robot_bringup/hook/cmake_prefix_path.dsv'
[0.264s] INFO:colcon.colcon_core.shell:Creating environment hook '/home/ubuntu/ros2_ws/install/my_robot_bringup/share/my_robot_bringup/hook/cmake_prefix_path.sh'
[0.265s] Level 1:colcon.colcon_core.environment:checking '/home/ubuntu/ros2_ws/install/my_robot_bringup/bin'
[0.265s] Level 1:colcon.colcon_core.environment:checking '/home/ubuntu/ros2_ws/install/my_robot_bringup/lib/pkgconfig/my_robot_bringup.pc'
[0.265s] Level 1:colcon.colcon_core.environment:checking '/home/ubuntu/ros2_ws/install/my_robot_bringup/lib/python3.10/site-packages'
[0.266s] Level 1:colcon.colcon_core.environment:checking '/home/ubuntu/ros2_ws/install/my_robot_bringup/bin'
[0.266s] INFO:colcon.colcon_core.shell:Creating package script '/home/ubuntu/ros2_ws/install/my_robot_bringup/share/my_robot_bringup/package.ps1'
[0.267s] INFO:colcon.colcon_core.shell:Creating package descriptor '/home/ubuntu/ros2_ws/install/my_robot_bringup/share/my_robot_bringup/package.dsv'
[0.267s] INFO:colcon.colcon_core.shell:Creating package script '/home/ubuntu/ros2_ws/install/my_robot_bringup/share/my_robot_bringup/package.sh'
[0.268s] INFO:colcon.colcon_core.shell:Creating package script '/home/ubuntu/ros2_ws/install/my_robot_bringup/share/my_robot_bringup/package.bash'
[0.268s] INFO:colcon.colcon_core.shell:Creating package script '/home/ubuntu/ros2_ws/install/my_robot_bringup/share/my_robot_bringup/package.zsh'
[0.268s] Level 1:colcon.colcon_core.environment:create_file_with_runtime_dependencies(/home/ubuntu/ros2_ws/install/my_robot_bringup/share/colcon-core/packages/my_robot_bringup)
[0.269s] Level 1:colcon.colcon_core.environment:create_environment_scripts_only(my_robot_bringup)
[0.269s] Level 1:colcon.colcon_core.environment:checking '/home/ubuntu/ros2_ws/install/my_robot_bringup' for CMake module files
[0.269s] Level 1:colcon.colcon_core.environment:checking '/home/ubuntu/ros2_ws/install/my_robot_bringup' for CMake config files
[0.269s] Level 1:colcon.colcon_core.shell:create_environment_hook('my_robot_bringup', 'cmake_prefix_path')
[0.269s] INFO:colcon.colcon_core.shell:Creating environment hook '/home/ubuntu/ros2_ws/install/my_robot_bringup/share/my_robot_bringup/hook/cmake_prefix_path.ps1'
[0.269s] INFO:colcon.colcon_core.shell:Creating environment descriptor '/home/ubuntu/ros2_ws/install/my_robot_bringup/share/my_robot_bringup/hook/cmake_prefix_path.dsv'
[0.270s] INFO:colcon.colcon_core.shell:Creating environment hook '/home/ubuntu/ros2_ws/install/my_robot_bringup/share/my_robot_bringup/hook/cmake_prefix_path.sh'
[0.270s] Level 1:colcon.colcon_core.environment:checking '/home/ubuntu/ros2_ws/install/my_robot_bringup/bin'
[0.270s] Level 1:colcon.colcon_core.environment:checking '/home/ubuntu/ros2_ws/install/my_robot_bringup/lib/pkgconfig/my_robot_bringup.pc'
[0.270s] Level 1:colcon.colcon_core.environment:checking '/home/ubuntu/ros2_ws/install/my_robot_bringup/lib/python3.10/site-packages'
[0.270s] Level 1:colcon.colcon_core.environment:checking '/home/ubuntu/ros2_ws/install/my_robot_bringup/bin'
[0.270s] INFO:colcon.colcon_core.shell:Creating package script '/home/ubuntu/ros2_ws/install/my_robot_bringup/share/my_robot_bringup/package.ps1'
[0.271s] INFO:colcon.colcon_core.shell:Creating package descriptor '/home/ubuntu/ros2_ws/install/my_robot_bringup/share/my_robot_bringup/package.dsv'
[0.271s] INFO:colcon.colcon_core.shell:Creating package script '/home/ubuntu/ros2_ws/install/my_robot_bringup/share/my_robot_bringup/package.sh'
[0.271s] INFO:colcon.colcon_core.shell:Creating package script '/home/ubuntu/ros2_ws/install/my_robot_bringup/share/my_robot_bringup/package.bash'
[0.271s] INFO:colcon.colcon_core.shell:Creating package script '/home/ubuntu/ros2_ws/install/my_robot_bringup/share/my_robot_bringup/package.zsh'
[0.272s] Level 1:colcon.colcon_core.environment:create_file_with_runtime_dependencies(/home/ubuntu/ros2_ws/install/my_robot_bringup/share/colcon-core/packages/my_robot_bringup)
[0.272s] DEBUG:colcon.colcon_parallel_executor.executor.parallel:closing loop
[0.272s] DEBUG:colcon.colcon_parallel_executor.executor.parallel:loop closed
[0.272s] DEBUG:colcon.colcon_parallel_executor.executor.parallel:run_until_complete finished with '0'
[0.272s] DEBUG:colcon.colcon_core.event_reactor:joining thread
[0.275s] INFO:colcon.colcon_core.plugin_system:Skipping extension 'colcon_notification.desktop_notification.notify_send': Could not find 'notify-send'
[0.275s] INFO:colcon.colcon_core.plugin_system:Skipping extension 'colcon_notification.desktop_notification.terminal_notifier': Not used on non-Darwin systems
[0.275s] INFO:colcon.colcon_core.plugin_system:Skipping extension 'colcon_notification.desktop_notification.win32': Not used on non-Windows systems
[0.275s] INFO:colcon.colcon_notification.desktop_notification:Sending desktop notification using 'notify2'
[0.277s] DEBUG:colcon.colcon_notification.desktop_notification.notify2:Failed to initialize notify2: org.freedesktop.DBus.Error.Spawn.ExecFailed: /usr/bin/dbus-launch terminated abnormally without any error message
[0.277s] DEBUG:colcon.colcon_core.event_reactor:joined thread
[0.277s] INFO:colcon.colcon_core.shell:Creating prefix script '/home/ubuntu/ros2_ws/install/local_setup.ps1'
[0.278s] INFO:colcon.colcon_core.shell:Creating prefix util module '/home/ubuntu/ros2_ws/install/_local_setup_util_ps1.py'
[0.279s] INFO:colcon.colcon_core.shell:Creating prefix chain script '/home/ubuntu/ros2_ws/install/setup.ps1'
[0.280s] INFO:colcon.colcon_core.shell:Creating prefix script '/home/ubuntu/ros2_ws/install/local_setup.sh'
[0.280s] INFO:colcon.colcon_core.shell:Creating prefix util module '/home/ubuntu/ros2_ws/install/_local_setup_util_sh.py'
[0.280s] INFO:colcon.colcon_core.shell:Creating prefix chain script '/home/ubuntu/ros2_ws/install/setup.sh'
[0.281s] INFO:colcon.colcon_core.shell:Creating prefix script '/home/ubuntu/ros2_ws/install/local_setup.bash'
[0.282s] INFO:colcon.colcon_core.shell:Creating prefix chain script '/home/ubuntu/ros2_ws/install/setup.bash'
[0.283s] INFO:colcon.colcon_core.shell:Creating prefix script '/home/ubuntu/ros2_ws/install/local_setup.zsh'
[0.283s] INFO:colcon.colcon_core.shell:Creating prefix chain script '/home/ubuntu/ros2_ws/install/setup.zsh'
