[1.050s] Invoking command in '/home/ubuntu/ros2_ws/archived_repos/examples/rclpy/guard_conditions': PYTHONPATH=/home/ubuntu/ros2_ws/build/examples_rclpy_guard_conditions/prefix_override:/usr/lib/python3/dist-packages/colcon_core/task/python/colcon_distutils_commands:/home/ubuntu/ros2_ws/install/examples_rclpy_guard_conditions/lib/python3.10/site-packages:${PYTHONPATH} /usr/bin/python3 -W ignore:setup.py install is deprecated -W ignore:easy_install command is deprecated setup.py egg_info --egg-base ../../../../build/examples_rclpy_guard_conditions build --build-base /home/ubuntu/ros2_ws/build/examples_rclpy_guard_conditions/build install --record /home/ubuntu/ros2_ws/build/examples_rclpy_guard_conditions/install.log --single-version-externally-managed install_data
[1.249s] running egg_info
[1.249s] creating ../../../../build/examples_rclpy_guard_conditions/examples_rclpy_guard_conditions.egg-info
[1.249s] writing ../../../../build/examples_rclpy_guard_conditions/examples_rclpy_guard_conditions.egg-info/PKG-INFO
[1.249s] writing dependency_links to ../../../../build/examples_rclpy_guard_conditions/examples_rclpy_guard_conditions.egg-info/dependency_links.txt
[1.249s] writing entry points to ../../../../build/examples_rclpy_guard_conditions/examples_rclpy_guard_conditions.egg-info/entry_points.txt
[1.249s] writing requirements to ../../../../build/examples_rclpy_guard_conditions/examples_rclpy_guard_conditions.egg-info/requires.txt
[1.249s] writing top-level names to ../../../../build/examples_rclpy_guard_conditions/examples_rclpy_guard_conditions.egg-info/top_level.txt
[1.249s] writing manifest file '../../../../build/examples_rclpy_guard_conditions/examples_rclpy_guard_conditions.egg-info/SOURCES.txt'
[1.249s] reading manifest file '../../../../build/examples_rclpy_guard_conditions/examples_rclpy_guard_conditions.egg-info/SOURCES.txt'
[1.249s] writing manifest file '../../../../build/examples_rclpy_guard_conditions/examples_rclpy_guard_conditions.egg-info/SOURCES.txt'
[1.249s] running build
[1.249s] running build_py
[1.249s] creating /home/ubuntu/ros2_ws/build/examples_rclpy_guard_conditions/build
[1.250s] creating /home/ubuntu/ros2_ws/build/examples_rclpy_guard_conditions/build/lib
[1.250s] creating /home/ubuntu/ros2_ws/build/examples_rclpy_guard_conditions/build/lib/examples_rclpy_guard_conditions
[1.250s] copying examples_rclpy_guard_conditions/__init__.py -> /home/ubuntu/ros2_ws/build/examples_rclpy_guard_conditions/build/lib/examples_rclpy_guard_conditions
[1.250s] copying examples_rclpy_guard_conditions/trigger_guard_condition.py -> /home/ubuntu/ros2_ws/build/examples_rclpy_guard_conditions/build/lib/examples_rclpy_guard_conditions
[1.250s] running install
[1.250s] running install_lib
[1.250s] creating /home/ubuntu/ros2_ws/install/examples_rclpy_guard_conditions/lib/python3.10/site-packages/examples_rclpy_guard_conditions
[1.250s] copying /home/ubuntu/ros2_ws/build/examples_rclpy_guard_conditions/build/lib/examples_rclpy_guard_conditions/__init__.py -> /home/ubuntu/ros2_ws/install/examples_rclpy_guard_conditions/lib/python3.10/site-packages/examples_rclpy_guard_conditions
[1.250s] copying /home/ubuntu/ros2_ws/build/examples_rclpy_guard_conditions/build/lib/examples_rclpy_guard_conditions/trigger_guard_condition.py -> /home/ubuntu/ros2_ws/install/examples_rclpy_guard_conditions/lib/python3.10/site-packages/examples_rclpy_guard_conditions
[1.250s] byte-compiling /home/ubuntu/ros2_ws/install/examples_rclpy_guard_conditions/lib/python3.10/site-packages/examples_rclpy_guard_conditions/__init__.py to __init__.cpython-310.pyc
[1.250s] byte-compiling /home/ubuntu/ros2_ws/install/examples_rclpy_guard_conditions/lib/python3.10/site-packages/examples_rclpy_guard_conditions/trigger_guard_condition.py to trigger_guard_condition.cpython-310.pyc
[1.250s] running install_data
[1.250s] creating /home/ubuntu/ros2_ws/install/examples_rclpy_guard_conditions/share/ament_index
[1.250s] creating /home/ubuntu/ros2_ws/install/examples_rclpy_guard_conditions/share/ament_index/resource_index
[1.250s] creating /home/ubuntu/ros2_ws/install/examples_rclpy_guard_conditions/share/ament_index/resource_index/packages
[1.250s] copying resource/examples_rclpy_guard_conditions -> /home/ubuntu/ros2_ws/install/examples_rclpy_guard_conditions/share/ament_index/resource_index/packages
[1.250s] copying package.xml -> /home/ubuntu/ros2_ws/install/examples_rclpy_guard_conditions/share/examples_rclpy_guard_conditions
[1.250s] running install_egg_info
[1.251s] Copying ../../../../build/examples_rclpy_guard_conditions/examples_rclpy_guard_conditions.egg-info to /home/ubuntu/ros2_ws/install/examples_rclpy_guard_conditions/lib/python3.10/site-packages/examples_rclpy_guard_conditions-0.15.3-py3.10.egg-info
[1.251s] running install_scripts
[1.258s] Installing trigger_guard_condition script to /home/ubuntu/ros2_ws/install/examples_rclpy_guard_conditions/lib/examples_rclpy_guard_conditions
[1.258s] writing list of installed files to '/home/ubuntu/ros2_ws/build/examples_rclpy_guard_conditions/install.log'
[1.288s] Invoked command in '/home/ubuntu/ros2_ws/archived_repos/examples/rclpy/guard_conditions' returned '0': PYTHONPATH=/home/ubuntu/ros2_ws/build/examples_rclpy_guard_conditions/prefix_override:/usr/lib/python3/dist-packages/colcon_core/task/python/colcon_distutils_commands:/home/ubuntu/ros2_ws/install/examples_rclpy_guard_conditions/lib/python3.10/site-packages:${PYTHONPATH} /usr/bin/python3 -W ignore:setup.py install is deprecated -W ignore:easy_install command is deprecated setup.py egg_info --egg-base ../../../../build/examples_rclpy_guard_conditions build --build-base /home/ubuntu/ros2_ws/build/examples_rclpy_guard_conditions/build install --record /home/ubuntu/ros2_ws/build/examples_rclpy_guard_conditions/install.log --single-version-externally-managed install_data
