[0.035s] Invoking command in '/home/ubuntu/ros2_ws/build/examples_rclcpp_multithreaded_executor': CMAKE_PREFIX_PATH=${CMAKE_PREFIX_PATH}:/home/ubuntu/ros2_ws/install/launch_testing_examples:/home/ubuntu/ros2_ws/install/examples_rclpy_pointcloud_publisher:/home/ubuntu/ros2_ws/install/examples_rclpy_minimal_subscriber:/home/ubuntu/ros2_ws/install/examples_rclpy_minimal_service:/home/ubuntu/ros2_ws/install/examples_rclpy_minimal_publisher:/home/ubuntu/ros2_ws/install/examples_rclpy_minimal_client:/home/ubuntu/ros2_ws/install/examples_rclpy_minimal_action_server:/home/ubuntu/ros2_ws/install/examples_rclpy_minimal_action_client:/home/ubuntu/ros2_ws/install/examples_rclpy_guard_conditions:/home/ubuntu/ros2_ws/install/examples_rclpy_executors:/opt/ros/humble /usr/bin/cmake /home/ubuntu/ros2_ws/archived_repos/examples/rclcpp/executors/multithreaded_executor -DCMAKE_INSTALL_PREFIX=/home/ubuntu/ros2_ws/install/examples_rclcpp_multithreaded_executor
[1.221s] -- The C compiler identification is GNU 11.4.0
[1.221s] -- The CXX compiler identification is GNU 11.4.0
[1.223s] -- Detecting C compiler ABI info
[1.223s] -- Detecting C compiler ABI info - done
[1.223s] -- Check for working C compiler: /usr/bin/cc - skipped
[1.223s] -- Detecting C compile features
[1.223s] -- Detecting C compile features - done
[1.223s] -- Detecting CXX compiler ABI info
[1.223s] -- Detecting CXX compiler ABI info - done
[1.223s] -- Check for working CXX compiler: /usr/bin/c++ - skipped
[1.223s] -- Detecting CXX compile features
[1.224s] -- Detecting CXX compile features - done
[1.224s] -- Found ament_cmake: 1.3.11 (/opt/ros/humble/share/ament_cmake/cmake)
[1.224s] -- Found Python3: /usr/bin/python3 (found version "3.10.12") found components: Interpreter 
[1.224s] -- Found rclcpp: 16.0.12 (/opt/ros/humble/share/rclcpp/cmake)
[1.224s] -- Found rosidl_generator_c: 3.1.6 (/opt/ros/humble/share/rosidl_generator_c/cmake)
[1.224s] -- Found rosidl_adapter: 3.1.6 (/opt/ros/humble/share/rosidl_adapter/cmake)
[1.224s] -- Found rosidl_generator_cpp: 3.1.6 (/opt/ros/humble/share/rosidl_generator_cpp/cmake)
[1.224s] -- Using all available rosidl_typesupport_c: rosidl_typesupport_fastrtps_c;rosidl_typesupport_introspection_c
[1.224s] -- Using all available rosidl_typesupport_cpp: rosidl_typesupport_fastrtps_cpp;rosidl_typesupport_introspection_cpp
[1.224s] -- Found rmw_implementation_cmake: 6.1.2 (/opt/ros/humble/share/rmw_implementation_cmake/cmake)
[1.224s] -- Found rmw_fastrtps_cpp: 6.2.7 (/opt/ros/humble/share/rmw_fastrtps_cpp/cmake)
[1.224s] -- Found OpenSSL: /usr/lib/x86_64-linux-gnu/libcrypto.so (found version "3.0.2")  
[1.224s] -- Found FastRTPS: /opt/ros/humble/include  
[1.224s] -- Using RMW implementation 'rmw_fastrtps_cpp' as default
[1.224s] -- Looking for pthread.h
[1.224s] -- Looking for pthread.h - found
[1.224s] -- Performing Test CMAKE_HAVE_LIBC_PTHREAD
[1.224s] -- Performing Test CMAKE_HAVE_LIBC_PTHREAD - Success
[1.224s] -- Found Threads: TRUE  
[1.224s] -- Found ament_lint_auto: 0.12.12 (/opt/ros/humble/share/ament_lint_auto/cmake)
[1.225s] -- Added test 'copyright' to check source files copyright and LICENSE
[1.225s] -- Added test 'cppcheck' to perform static code analysis on C / C++ code
[1.225s] -- Configured cppcheck include dirs: 
[1.225s] -- Configured cppcheck exclude dirs and/or files: 
[1.225s] -- Added test 'cpplint' to check C / C++ code against the Google style
[1.225s] -- Configured cpplint exclude dirs and/or files: 
[1.225s] -- Added test 'lint_cmake' to check CMake code style
[1.227s] -- Added test 'uncrustify' to check C / C++ code style
[1.227s] -- Configured uncrustify additional arguments: 
[1.227s] -- Added test 'xmllint' to check XML markup files
[1.227s] -- Configuring done
[1.228s] -- Generating done
[1.232s] -- Build files have been written to: /home/ubuntu/ros2_ws/build/examples_rclcpp_multithreaded_executor
[1.236s] Invoked command in '/home/ubuntu/ros2_ws/build/examples_rclcpp_multithreaded_executor' returned '0': CMAKE_PREFIX_PATH=${CMAKE_PREFIX_PATH}:/home/ubuntu/ros2_ws/install/launch_testing_examples:/home/ubuntu/ros2_ws/install/examples_rclpy_pointcloud_publisher:/home/ubuntu/ros2_ws/install/examples_rclpy_minimal_subscriber:/home/ubuntu/ros2_ws/install/examples_rclpy_minimal_service:/home/ubuntu/ros2_ws/install/examples_rclpy_minimal_publisher:/home/ubuntu/ros2_ws/install/examples_rclpy_minimal_client:/home/ubuntu/ros2_ws/install/examples_rclpy_minimal_action_server:/home/ubuntu/ros2_ws/install/examples_rclpy_minimal_action_client:/home/ubuntu/ros2_ws/install/examples_rclpy_guard_conditions:/home/ubuntu/ros2_ws/install/examples_rclpy_executors:/opt/ros/humble /usr/bin/cmake /home/ubuntu/ros2_ws/archived_repos/examples/rclcpp/executors/multithreaded_executor -DCMAKE_INSTALL_PREFIX=/home/ubuntu/ros2_ws/install/examples_rclcpp_multithreaded_executor
[1.237s] Invoking command in '/home/ubuntu/ros2_ws/build/examples_rclcpp_multithreaded_executor': CMAKE_PREFIX_PATH=${CMAKE_PREFIX_PATH}:/home/ubuntu/ros2_ws/install/launch_testing_examples:/home/ubuntu/ros2_ws/install/examples_rclpy_pointcloud_publisher:/home/ubuntu/ros2_ws/install/examples_rclpy_minimal_subscriber:/home/ubuntu/ros2_ws/install/examples_rclpy_minimal_service:/home/ubuntu/ros2_ws/install/examples_rclpy_minimal_publisher:/home/ubuntu/ros2_ws/install/examples_rclpy_minimal_client:/home/ubuntu/ros2_ws/install/examples_rclpy_minimal_action_server:/home/ubuntu/ros2_ws/install/examples_rclpy_minimal_action_client:/home/ubuntu/ros2_ws/install/examples_rclpy_guard_conditions:/home/ubuntu/ros2_ws/install/examples_rclpy_executors:/opt/ros/humble /usr/bin/cmake --build /home/ubuntu/ros2_ws/build/examples_rclcpp_multithreaded_executor -- -j16 -l16
[1.288s] [ 50%] [32mBuilding CXX object CMakeFiles/multithreaded_executor.dir/multithreaded_executor.cpp.o[0m
[19.592s] [100%] [32m[1mLinking CXX executable multithreaded_executor[0m
[20.175s] [100%] Built target multithreaded_executor
[20.220s] Invoked command in '/home/ubuntu/ros2_ws/build/examples_rclcpp_multithreaded_executor' returned '0': CMAKE_PREFIX_PATH=${CMAKE_PREFIX_PATH}:/home/ubuntu/ros2_ws/install/launch_testing_examples:/home/ubuntu/ros2_ws/install/examples_rclpy_pointcloud_publisher:/home/ubuntu/ros2_ws/install/examples_rclpy_minimal_subscriber:/home/ubuntu/ros2_ws/install/examples_rclpy_minimal_service:/home/ubuntu/ros2_ws/install/examples_rclpy_minimal_publisher:/home/ubuntu/ros2_ws/install/examples_rclpy_minimal_client:/home/ubuntu/ros2_ws/install/examples_rclpy_minimal_action_server:/home/ubuntu/ros2_ws/install/examples_rclpy_minimal_action_client:/home/ubuntu/ros2_ws/install/examples_rclpy_guard_conditions:/home/ubuntu/ros2_ws/install/examples_rclpy_executors:/opt/ros/humble /usr/bin/cmake --build /home/ubuntu/ros2_ws/build/examples_rclcpp_multithreaded_executor -- -j16 -l16
[20.220s] Invoking command in '/home/ubuntu/ros2_ws/build/examples_rclcpp_multithreaded_executor': CMAKE_PREFIX_PATH=${CMAKE_PREFIX_PATH}:/home/ubuntu/ros2_ws/install/launch_testing_examples:/home/ubuntu/ros2_ws/install/examples_rclpy_pointcloud_publisher:/home/ubuntu/ros2_ws/install/examples_rclpy_minimal_subscriber:/home/ubuntu/ros2_ws/install/examples_rclpy_minimal_service:/home/ubuntu/ros2_ws/install/examples_rclpy_minimal_publisher:/home/ubuntu/ros2_ws/install/examples_rclpy_minimal_client:/home/ubuntu/ros2_ws/install/examples_rclpy_minimal_action_server:/home/ubuntu/ros2_ws/install/examples_rclpy_minimal_action_client:/home/ubuntu/ros2_ws/install/examples_rclpy_guard_conditions:/home/ubuntu/ros2_ws/install/examples_rclpy_executors:/opt/ros/humble /usr/bin/cmake --install /home/ubuntu/ros2_ws/build/examples_rclcpp_multithreaded_executor
[20.232s] -- Install configuration: ""
[20.232s] -- Installing: /home/ubuntu/ros2_ws/install/examples_rclcpp_multithreaded_executor/lib/examples_rclcpp_multithreaded_executor/multithreaded_executor
[20.240s] -- Set runtime path of "/home/ubuntu/ros2_ws/install/examples_rclcpp_multithreaded_executor/lib/examples_rclcpp_multithreaded_executor/multithreaded_executor" to ""
[20.244s] -- Installing: /home/ubuntu/ros2_ws/install/examples_rclcpp_multithreaded_executor/share/ament_index/resource_index/package_run_dependencies/examples_rclcpp_multithreaded_executor
[20.244s] -- Installing: /home/ubuntu/ros2_ws/install/examples_rclcpp_multithreaded_executor/share/ament_index/resource_index/parent_prefix_path/examples_rclcpp_multithreaded_executor
[20.245s] -- Installing: /home/ubuntu/ros2_ws/install/examples_rclcpp_multithreaded_executor/share/examples_rclcpp_multithreaded_executor/environment/ament_prefix_path.sh
[20.245s] -- Installing: /home/ubuntu/ros2_ws/install/examples_rclcpp_multithreaded_executor/share/examples_rclcpp_multithreaded_executor/environment/ament_prefix_path.dsv
[20.245s] -- Installing: /home/ubuntu/ros2_ws/install/examples_rclcpp_multithreaded_executor/share/examples_rclcpp_multithreaded_executor/environment/path.sh
[20.245s] -- Installing: /home/ubuntu/ros2_ws/install/examples_rclcpp_multithreaded_executor/share/examples_rclcpp_multithreaded_executor/environment/path.dsv
[20.246s] -- Installing: /home/ubuntu/ros2_ws/install/examples_rclcpp_multithreaded_executor/share/examples_rclcpp_multithreaded_executor/local_setup.bash
[20.246s] -- Installing: /home/ubuntu/ros2_ws/install/examples_rclcpp_multithreaded_executor/share/examples_rclcpp_multithreaded_executor/local_setup.sh
[20.246s] -- Installing: /home/ubuntu/ros2_ws/install/examples_rclcpp_multithreaded_executor/share/examples_rclcpp_multithreaded_executor/local_setup.zsh
[20.246s] -- Installing: /home/ubuntu/ros2_ws/install/examples_rclcpp_multithreaded_executor/share/examples_rclcpp_multithreaded_executor/local_setup.dsv
[20.247s] -- Installing: /home/ubuntu/ros2_ws/install/examples_rclcpp_multithreaded_executor/share/examples_rclcpp_multithreaded_executor/package.dsv
[20.247s] -- Installing: /home/ubuntu/ros2_ws/install/examples_rclcpp_multithreaded_executor/share/ament_index/resource_index/packages/examples_rclcpp_multithreaded_executor
[20.247s] -- Installing: /home/ubuntu/ros2_ws/install/examples_rclcpp_multithreaded_executor/share/examples_rclcpp_multithreaded_executor/cmake/examples_rclcpp_multithreaded_executorConfig.cmake
[20.247s] -- Installing: /home/ubuntu/ros2_ws/install/examples_rclcpp_multithreaded_executor/share/examples_rclcpp_multithreaded_executor/cmake/examples_rclcpp_multithreaded_executorConfig-version.cmake
[20.247s] -- Installing: /home/ubuntu/ros2_ws/install/examples_rclcpp_multithreaded_executor/share/examples_rclcpp_multithreaded_executor/package.xml
[20.252s] Invoked command in '/home/ubuntu/ros2_ws/build/examples_rclcpp_multithreaded_executor' returned '0': CMAKE_PREFIX_PATH=${CMAKE_PREFIX_PATH}:/home/ubuntu/ros2_ws/install/launch_testing_examples:/home/ubuntu/ros2_ws/install/examples_rclpy_pointcloud_publisher:/home/ubuntu/ros2_ws/install/examples_rclpy_minimal_subscriber:/home/ubuntu/ros2_ws/install/examples_rclpy_minimal_service:/home/ubuntu/ros2_ws/install/examples_rclpy_minimal_publisher:/home/ubuntu/ros2_ws/install/examples_rclpy_minimal_client:/home/ubuntu/ros2_ws/install/examples_rclpy_minimal_action_server:/home/ubuntu/ros2_ws/install/examples_rclpy_minimal_action_client:/home/ubuntu/ros2_ws/install/examples_rclpy_guard_conditions:/home/ubuntu/ros2_ws/install/examples_rclpy_executors:/opt/ros/humble /usr/bin/cmake --install /home/ubuntu/ros2_ws/build/examples_rclcpp_multithreaded_executor
