[1.061s] Invoking command in '/home/ubuntu/ros2_ws/archived_repos/examples/rclpy/actions/minimal_action_client': PYTHONPATH=/home/ubuntu/ros2_ws/build/examples_rclpy_minimal_action_client/prefix_override:/usr/lib/python3/dist-packages/colcon_core/task/python/colcon_distutils_commands:/home/ubuntu/ros2_ws/install/examples_rclpy_minimal_action_client/lib/python3.10/site-packages:${PYTHONPATH} /usr/bin/python3 -W ignore:setup.py install is deprecated -W ignore:easy_install command is deprecated setup.py egg_info --egg-base ../../../../../build/examples_rclpy_minimal_action_client build --build-base /home/ubuntu/ros2_ws/build/examples_rclpy_minimal_action_client/build install --record /home/ubuntu/ros2_ws/build/examples_rclpy_minimal_action_client/install.log --single-version-externally-managed install_data
[1.274s] running egg_info
[1.274s] creating ../../../../../build/examples_rclpy_minimal_action_client/examples_rclpy_minimal_action_client.egg-info
[1.274s] writing ../../../../../build/examples_rclpy_minimal_action_client/examples_rclpy_minimal_action_client.egg-info/PKG-INFO
[1.274s] writing dependency_links to ../../../../../build/examples_rclpy_minimal_action_client/examples_rclpy_minimal_action_client.egg-info/dependency_links.txt
[1.274s] writing entry points to ../../../../../build/examples_rclpy_minimal_action_client/examples_rclpy_minimal_action_client.egg-info/entry_points.txt
[1.274s] writing requirements to ../../../../../build/examples_rclpy_minimal_action_client/examples_rclpy_minimal_action_client.egg-info/requires.txt
[1.274s] writing top-level names to ../../../../../build/examples_rclpy_minimal_action_client/examples_rclpy_minimal_action_client.egg-info/top_level.txt
[1.274s] writing manifest file '../../../../../build/examples_rclpy_minimal_action_client/examples_rclpy_minimal_action_client.egg-info/SOURCES.txt'
[1.274s] reading manifest file '../../../../../build/examples_rclpy_minimal_action_client/examples_rclpy_minimal_action_client.egg-info/SOURCES.txt'
[1.274s] writing manifest file '../../../../../build/examples_rclpy_minimal_action_client/examples_rclpy_minimal_action_client.egg-info/SOURCES.txt'
[1.274s] running build
[1.274s] running build_py
[1.275s] creating /home/ubuntu/ros2_ws/build/examples_rclpy_minimal_action_client/build
[1.275s] creating /home/ubuntu/ros2_ws/build/examples_rclpy_minimal_action_client/build/lib
[1.275s] creating /home/ubuntu/ros2_ws/build/examples_rclpy_minimal_action_client/build/lib/examples_rclpy_minimal_action_client
[1.275s] copying examples_rclpy_minimal_action_client/client_asyncio.py -> /home/ubuntu/ros2_ws/build/examples_rclpy_minimal_action_client/build/lib/examples_rclpy_minimal_action_client
[1.275s] copying examples_rclpy_minimal_action_client/__init__.py -> /home/ubuntu/ros2_ws/build/examples_rclpy_minimal_action_client/build/lib/examples_rclpy_minimal_action_client
[1.275s] copying examples_rclpy_minimal_action_client/client_not_composable.py -> /home/ubuntu/ros2_ws/build/examples_rclpy_minimal_action_client/build/lib/examples_rclpy_minimal_action_client
[1.275s] copying examples_rclpy_minimal_action_client/client_cancel.py -> /home/ubuntu/ros2_ws/build/examples_rclpy_minimal_action_client/build/lib/examples_rclpy_minimal_action_client
[1.275s] copying examples_rclpy_minimal_action_client/client.py -> /home/ubuntu/ros2_ws/build/examples_rclpy_minimal_action_client/build/lib/examples_rclpy_minimal_action_client
[1.275s] running install
[1.275s] running install_lib
[1.275s] creating /home/ubuntu/ros2_ws/install/examples_rclpy_minimal_action_client/lib/python3.10/site-packages/examples_rclpy_minimal_action_client
[1.275s] copying /home/ubuntu/ros2_ws/build/examples_rclpy_minimal_action_client/build/lib/examples_rclpy_minimal_action_client/client_asyncio.py -> /home/ubuntu/ros2_ws/install/examples_rclpy_minimal_action_client/lib/python3.10/site-packages/examples_rclpy_minimal_action_client
[1.275s] copying /home/ubuntu/ros2_ws/build/examples_rclpy_minimal_action_client/build/lib/examples_rclpy_minimal_action_client/__init__.py -> /home/ubuntu/ros2_ws/install/examples_rclpy_minimal_action_client/lib/python3.10/site-packages/examples_rclpy_minimal_action_client
[1.275s] copying /home/ubuntu/ros2_ws/build/examples_rclpy_minimal_action_client/build/lib/examples_rclpy_minimal_action_client/client_not_composable.py -> /home/ubuntu/ros2_ws/install/examples_rclpy_minimal_action_client/lib/python3.10/site-packages/examples_rclpy_minimal_action_client
[1.275s] copying /home/ubuntu/ros2_ws/build/examples_rclpy_minimal_action_client/build/lib/examples_rclpy_minimal_action_client/client_cancel.py -> /home/ubuntu/ros2_ws/install/examples_rclpy_minimal_action_client/lib/python3.10/site-packages/examples_rclpy_minimal_action_client
[1.275s] copying /home/ubuntu/ros2_ws/build/examples_rclpy_minimal_action_client/build/lib/examples_rclpy_minimal_action_client/client.py -> /home/ubuntu/ros2_ws/install/examples_rclpy_minimal_action_client/lib/python3.10/site-packages/examples_rclpy_minimal_action_client
[1.275s] byte-compiling /home/ubuntu/ros2_ws/install/examples_rclpy_minimal_action_client/lib/python3.10/site-packages/examples_rclpy_minimal_action_client/client_asyncio.py to client_asyncio.cpython-310.pyc
[1.275s] byte-compiling /home/ubuntu/ros2_ws/install/examples_rclpy_minimal_action_client/lib/python3.10/site-packages/examples_rclpy_minimal_action_client/__init__.py to __init__.cpython-310.pyc
[1.275s] byte-compiling /home/ubuntu/ros2_ws/install/examples_rclpy_minimal_action_client/lib/python3.10/site-packages/examples_rclpy_minimal_action_client/client_not_composable.py to client_not_composable.cpython-310.pyc
[1.275s] byte-compiling /home/ubuntu/ros2_ws/install/examples_rclpy_minimal_action_client/lib/python3.10/site-packages/examples_rclpy_minimal_action_client/client_cancel.py to client_cancel.cpython-310.pyc
[1.275s] byte-compiling /home/ubuntu/ros2_ws/install/examples_rclpy_minimal_action_client/lib/python3.10/site-packages/examples_rclpy_minimal_action_client/client.py to client.cpython-310.pyc
[1.275s] running install_data
[1.275s] creating /home/ubuntu/ros2_ws/install/examples_rclpy_minimal_action_client/share/ament_index
[1.275s] creating /home/ubuntu/ros2_ws/install/examples_rclpy_minimal_action_client/share/ament_index/resource_index
[1.275s] creating /home/ubuntu/ros2_ws/install/examples_rclpy_minimal_action_client/share/ament_index/resource_index/packages
[1.275s] copying resource/examples_rclpy_minimal_action_client -> /home/ubuntu/ros2_ws/install/examples_rclpy_minimal_action_client/share/ament_index/resource_index/packages
[1.275s] copying package.xml -> /home/ubuntu/ros2_ws/install/examples_rclpy_minimal_action_client/share/examples_rclpy_minimal_action_client
[1.276s] running install_egg_info
[1.276s] Copying ../../../../../build/examples_rclpy_minimal_action_client/examples_rclpy_minimal_action_client.egg-info to /home/ubuntu/ros2_ws/install/examples_rclpy_minimal_action_client/lib/python3.10/site-packages/examples_rclpy_minimal_action_client-0.15.3-py3.10.egg-info
[1.276s] running install_scripts
[1.276s] Installing client script to /home/ubuntu/ros2_ws/install/examples_rclpy_minimal_action_client/lib/examples_rclpy_minimal_action_client
[1.284s] Installing client_asyncio script to /home/ubuntu/ros2_ws/install/examples_rclpy_minimal_action_client/lib/examples_rclpy_minimal_action_client
[1.284s] Installing client_cancel script to /home/ubuntu/ros2_ws/install/examples_rclpy_minimal_action_client/lib/examples_rclpy_minimal_action_client
[1.284s] Installing client_not_composable script to /home/ubuntu/ros2_ws/install/examples_rclpy_minimal_action_client/lib/examples_rclpy_minimal_action_client
[1.284s] writing list of installed files to '/home/ubuntu/ros2_ws/build/examples_rclpy_minimal_action_client/install.log'
[1.317s] Invoked command in '/home/ubuntu/ros2_ws/archived_repos/examples/rclpy/actions/minimal_action_client' returned '0': PYTHONPATH=/home/ubuntu/ros2_ws/build/examples_rclpy_minimal_action_client/prefix_override:/usr/lib/python3/dist-packages/colcon_core/task/python/colcon_distutils_commands:/home/ubuntu/ros2_ws/install/examples_rclpy_minimal_action_client/lib/python3.10/site-packages:${PYTHONPATH} /usr/bin/python3 -W ignore:setup.py install is deprecated -W ignore:easy_install command is deprecated setup.py egg_info --egg-base ../../../../../build/examples_rclpy_minimal_action_client build --build-base /home/ubuntu/ros2_ws/build/examples_rclpy_minimal_action_client/build install --record /home/ubuntu/ros2_ws/build/examples_rclpy_minimal_action_client/install.log --single-version-externally-managed install_data
