[4.301s] Invoking command in '/home/ubuntu/ros2_ws/archived_repos/examples/rclpy/services/minimal_service': PYTHONPATH=/home/ubuntu/ros2_ws/build/examples_rclpy_minimal_service/prefix_override:/usr/lib/python3/dist-packages/colcon_core/task/python/colcon_distutils_commands:/home/ubuntu/ros2_ws/install/examples_rclpy_minimal_service/lib/python3.10/site-packages:${PYTHONPATH} /usr/bin/python3 -W ignore:setup.py install is deprecated -W ignore:easy_install command is deprecated setup.py egg_info --egg-base ../../../../../build/examples_rclpy_minimal_service build --build-base /home/ubuntu/ros2_ws/build/examples_rclpy_minimal_service/build install --record /home/ubuntu/ros2_ws/build/examples_rclpy_minimal_service/install.log --single-version-externally-managed install_data
[10.290s] running egg_info
[10.290s] creating ../../../../../build/examples_rclpy_minimal_service/examples_rclpy_minimal_service.egg-info
[10.290s] writing ../../../../../build/examples_rclpy_minimal_service/examples_rclpy_minimal_service.egg-info/PKG-INFO
[10.290s] writing dependency_links to ../../../../../build/examples_rclpy_minimal_service/examples_rclpy_minimal_service.egg-info/dependency_links.txt
[10.290s] writing entry points to ../../../../../build/examples_rclpy_minimal_service/examples_rclpy_minimal_service.egg-info/entry_points.txt
[10.290s] writing requirements to ../../../../../build/examples_rclpy_minimal_service/examples_rclpy_minimal_service.egg-info/requires.txt
[10.290s] writing top-level names to ../../../../../build/examples_rclpy_minimal_service/examples_rclpy_minimal_service.egg-info/top_level.txt
[10.290s] writing manifest file '../../../../../build/examples_rclpy_minimal_service/examples_rclpy_minimal_service.egg-info/SOURCES.txt'
[10.290s] reading manifest file '../../../../../build/examples_rclpy_minimal_service/examples_rclpy_minimal_service.egg-info/SOURCES.txt'
[10.290s] writing manifest file '../../../../../build/examples_rclpy_minimal_service/examples_rclpy_minimal_service.egg-info/SOURCES.txt'
[10.290s] running build
[10.290s] running build_py
[10.290s] creating /home/ubuntu/ros2_ws/build/examples_rclpy_minimal_service/build
[10.290s] creating /home/ubuntu/ros2_ws/build/examples_rclpy_minimal_service/build/lib
[10.290s] creating /home/ubuntu/ros2_ws/build/examples_rclpy_minimal_service/build/lib/examples_rclpy_minimal_service
[10.290s] copying examples_rclpy_minimal_service/service_member_function.py -> /home/ubuntu/ros2_ws/build/examples_rclpy_minimal_service/build/lib/examples_rclpy_minimal_service
[10.290s] copying examples_rclpy_minimal_service/__init__.py -> /home/ubuntu/ros2_ws/build/examples_rclpy_minimal_service/build/lib/examples_rclpy_minimal_service
[10.290s] copying examples_rclpy_minimal_service/service.py -> /home/ubuntu/ros2_ws/build/examples_rclpy_minimal_service/build/lib/examples_rclpy_minimal_service
[10.291s] running install
[10.291s] running install_lib
[10.291s] creating /home/ubuntu/ros2_ws/install/examples_rclpy_minimal_service/lib/python3.10/site-packages/examples_rclpy_minimal_service
[10.291s] copying /home/ubuntu/ros2_ws/build/examples_rclpy_minimal_service/build/lib/examples_rclpy_minimal_service/service_member_function.py -> /home/ubuntu/ros2_ws/install/examples_rclpy_minimal_service/lib/python3.10/site-packages/examples_rclpy_minimal_service
[10.291s] copying /home/ubuntu/ros2_ws/build/examples_rclpy_minimal_service/build/lib/examples_rclpy_minimal_service/__init__.py -> /home/ubuntu/ros2_ws/install/examples_rclpy_minimal_service/lib/python3.10/site-packages/examples_rclpy_minimal_service
[10.291s] copying /home/ubuntu/ros2_ws/build/examples_rclpy_minimal_service/build/lib/examples_rclpy_minimal_service/service.py -> /home/ubuntu/ros2_ws/install/examples_rclpy_minimal_service/lib/python3.10/site-packages/examples_rclpy_minimal_service
[10.291s] byte-compiling /home/ubuntu/ros2_ws/install/examples_rclpy_minimal_service/lib/python3.10/site-packages/examples_rclpy_minimal_service/service_member_function.py to service_member_function.cpython-310.pyc
[10.291s] byte-compiling /home/ubuntu/ros2_ws/install/examples_rclpy_minimal_service/lib/python3.10/site-packages/examples_rclpy_minimal_service/__init__.py to __init__.cpython-310.pyc
[10.291s] byte-compiling /home/ubuntu/ros2_ws/install/examples_rclpy_minimal_service/lib/python3.10/site-packages/examples_rclpy_minimal_service/service.py to service.cpython-310.pyc
[10.291s] running install_data
[10.291s] creating /home/ubuntu/ros2_ws/install/examples_rclpy_minimal_service/share/ament_index
[10.291s] creating /home/ubuntu/ros2_ws/install/examples_rclpy_minimal_service/share/ament_index/resource_index
[10.291s] creating /home/ubuntu/ros2_ws/install/examples_rclpy_minimal_service/share/ament_index/resource_index/packages
[10.291s] copying resource/examples_rclpy_minimal_service -> /home/ubuntu/ros2_ws/install/examples_rclpy_minimal_service/share/ament_index/resource_index/packages
[10.291s] copying package.xml -> /home/ubuntu/ros2_ws/install/examples_rclpy_minimal_service/share/examples_rclpy_minimal_service
[10.291s] running install_egg_info
[10.291s] Copying ../../../../../build/examples_rclpy_minimal_service/examples_rclpy_minimal_service.egg-info to /home/ubuntu/ros2_ws/install/examples_rclpy_minimal_service/lib/python3.10/site-packages/examples_rclpy_minimal_service-0.15.3-py3.10.egg-info
[10.291s] running install_scripts
[10.291s] Installing service script to /home/ubuntu/ros2_ws/install/examples_rclpy_minimal_service/lib/examples_rclpy_minimal_service
[10.291s] Installing service_member_function script to /home/ubuntu/ros2_ws/install/examples_rclpy_minimal_service/lib/examples_rclpy_minimal_service
[10.291s] writing list of installed files to '/home/ubuntu/ros2_ws/build/examples_rclpy_minimal_service/install.log'
[10.327s] Invoked command in '/home/ubuntu/ros2_ws/archived_repos/examples/rclpy/services/minimal_service' returned '0': PYTHONPATH=/home/ubuntu/ros2_ws/build/examples_rclpy_minimal_service/prefix_override:/usr/lib/python3/dist-packages/colcon_core/task/python/colcon_distutils_commands:/home/ubuntu/ros2_ws/install/examples_rclpy_minimal_service/lib/python3.10/site-packages:${PYTHONPATH} /usr/bin/python3 -W ignore:setup.py install is deprecated -W ignore:easy_install command is deprecated setup.py egg_info --egg-base ../../../../../build/examples_rclpy_minimal_service build --build-base /home/ubuntu/ros2_ws/build/examples_rclpy_minimal_service/build install --record /home/ubuntu/ros2_ws/build/examples_rclpy_minimal_service/install.log --single-version-externally-managed install_data
