[4.022s] Invoking command in '/home/ubuntu/ros2_ws/archived_repos/examples/rclpy/services/minimal_client': PYTHONPATH=/home/ubuntu/ros2_ws/build/examples_rclpy_minimal_client/prefix_override:/usr/lib/python3/dist-packages/colcon_core/task/python/colcon_distutils_commands:/home/ubuntu/ros2_ws/install/examples_rclpy_minimal_client/lib/python3.10/site-packages:${PYTHONPATH} /usr/bin/python3 -W ignore:setup.py install is deprecated -W ignore:easy_install command is deprecated setup.py egg_info --egg-base ../../../../../build/examples_rclpy_minimal_client build --build-base /home/ubuntu/ros2_ws/build/examples_rclpy_minimal_client/build install --record /home/ubuntu/ros2_ws/build/examples_rclpy_minimal_client/install.log --single-version-externally-managed install_data
[10.305s] running egg_info
[10.305s] creating ../../../../../build/examples_rclpy_minimal_client/examples_rclpy_minimal_client.egg-info
[10.305s] writing ../../../../../build/examples_rclpy_minimal_client/examples_rclpy_minimal_client.egg-info/PKG-INFO
[10.305s] writing dependency_links to ../../../../../build/examples_rclpy_minimal_client/examples_rclpy_minimal_client.egg-info/dependency_links.txt
[10.305s] writing entry points to ../../../../../build/examples_rclpy_minimal_client/examples_rclpy_minimal_client.egg-info/entry_points.txt
[10.305s] writing requirements to ../../../../../build/examples_rclpy_minimal_client/examples_rclpy_minimal_client.egg-info/requires.txt
[10.305s] writing top-level names to ../../../../../build/examples_rclpy_minimal_client/examples_rclpy_minimal_client.egg-info/top_level.txt
[10.305s] writing manifest file '../../../../../build/examples_rclpy_minimal_client/examples_rclpy_minimal_client.egg-info/SOURCES.txt'
[10.305s] reading manifest file '../../../../../build/examples_rclpy_minimal_client/examples_rclpy_minimal_client.egg-info/SOURCES.txt'
[10.305s] writing manifest file '../../../../../build/examples_rclpy_minimal_client/examples_rclpy_minimal_client.egg-info/SOURCES.txt'
[10.305s] running build
[10.305s] running build_py
[10.306s] creating /home/ubuntu/ros2_ws/build/examples_rclpy_minimal_client/build
[10.306s] creating /home/ubuntu/ros2_ws/build/examples_rclpy_minimal_client/build/lib
[10.306s] creating /home/ubuntu/ros2_ws/build/examples_rclpy_minimal_client/build/lib/examples_rclpy_minimal_client
[10.306s] copying examples_rclpy_minimal_client/client_async_callback.py -> /home/ubuntu/ros2_ws/build/examples_rclpy_minimal_client/build/lib/examples_rclpy_minimal_client
[10.306s] copying examples_rclpy_minimal_client/__init__.py -> /home/ubuntu/ros2_ws/build/examples_rclpy_minimal_client/build/lib/examples_rclpy_minimal_client
[10.306s] copying examples_rclpy_minimal_client/client_async.py -> /home/ubuntu/ros2_ws/build/examples_rclpy_minimal_client/build/lib/examples_rclpy_minimal_client
[10.306s] copying examples_rclpy_minimal_client/client_async_member_function.py -> /home/ubuntu/ros2_ws/build/examples_rclpy_minimal_client/build/lib/examples_rclpy_minimal_client
[10.306s] copying examples_rclpy_minimal_client/client.py -> /home/ubuntu/ros2_ws/build/examples_rclpy_minimal_client/build/lib/examples_rclpy_minimal_client
[10.306s] running install
[10.306s] running install_lib
[10.306s] creating /home/ubuntu/ros2_ws/install/examples_rclpy_minimal_client/lib/python3.10/site-packages/examples_rclpy_minimal_client
[10.306s] copying /home/ubuntu/ros2_ws/build/examples_rclpy_minimal_client/build/lib/examples_rclpy_minimal_client/client_async_callback.py -> /home/ubuntu/ros2_ws/install/examples_rclpy_minimal_client/lib/python3.10/site-packages/examples_rclpy_minimal_client
[10.306s] copying /home/ubuntu/ros2_ws/build/examples_rclpy_minimal_client/build/lib/examples_rclpy_minimal_client/__init__.py -> /home/ubuntu/ros2_ws/install/examples_rclpy_minimal_client/lib/python3.10/site-packages/examples_rclpy_minimal_client
[10.306s] copying /home/ubuntu/ros2_ws/build/examples_rclpy_minimal_client/build/lib/examples_rclpy_minimal_client/client_async.py -> /home/ubuntu/ros2_ws/install/examples_rclpy_minimal_client/lib/python3.10/site-packages/examples_rclpy_minimal_client
[10.306s] copying /home/ubuntu/ros2_ws/build/examples_rclpy_minimal_client/build/lib/examples_rclpy_minimal_client/client_async_member_function.py -> /home/ubuntu/ros2_ws/install/examples_rclpy_minimal_client/lib/python3.10/site-packages/examples_rclpy_minimal_client
[10.306s] copying /home/ubuntu/ros2_ws/build/examples_rclpy_minimal_client/build/lib/examples_rclpy_minimal_client/client.py -> /home/ubuntu/ros2_ws/install/examples_rclpy_minimal_client/lib/python3.10/site-packages/examples_rclpy_minimal_client
[10.306s] byte-compiling /home/ubuntu/ros2_ws/install/examples_rclpy_minimal_client/lib/python3.10/site-packages/examples_rclpy_minimal_client/client_async_callback.py to client_async_callback.cpython-310.pyc
[10.306s] byte-compiling /home/ubuntu/ros2_ws/install/examples_rclpy_minimal_client/lib/python3.10/site-packages/examples_rclpy_minimal_client/__init__.py to __init__.cpython-310.pyc
[10.306s] byte-compiling /home/ubuntu/ros2_ws/install/examples_rclpy_minimal_client/lib/python3.10/site-packages/examples_rclpy_minimal_client/client_async.py to client_async.cpython-310.pyc
[10.306s] byte-compiling /home/ubuntu/ros2_ws/install/examples_rclpy_minimal_client/lib/python3.10/site-packages/examples_rclpy_minimal_client/client_async_member_function.py to client_async_member_function.cpython-310.pyc
[10.306s] byte-compiling /home/ubuntu/ros2_ws/install/examples_rclpy_minimal_client/lib/python3.10/site-packages/examples_rclpy_minimal_client/client.py to client.cpython-310.pyc
[10.306s] running install_data
[10.306s] creating /home/ubuntu/ros2_ws/install/examples_rclpy_minimal_client/share/ament_index
[10.306s] creating /home/ubuntu/ros2_ws/install/examples_rclpy_minimal_client/share/ament_index/resource_index
[10.306s] creating /home/ubuntu/ros2_ws/install/examples_rclpy_minimal_client/share/ament_index/resource_index/packages
[10.307s] copying resource/examples_rclpy_minimal_client -> /home/ubuntu/ros2_ws/install/examples_rclpy_minimal_client/share/ament_index/resource_index/packages
[10.307s] copying package.xml -> /home/ubuntu/ros2_ws/install/examples_rclpy_minimal_client/share/examples_rclpy_minimal_client
[10.307s] running install_egg_info
[10.307s] Copying ../../../../../build/examples_rclpy_minimal_client/examples_rclpy_minimal_client.egg-info to /home/ubuntu/ros2_ws/install/examples_rclpy_minimal_client/lib/python3.10/site-packages/examples_rclpy_minimal_client-0.15.3-py3.10.egg-info
[10.307s] running install_scripts
[10.307s] Installing client script to /home/ubuntu/ros2_ws/install/examples_rclpy_minimal_client/lib/examples_rclpy_minimal_client
[10.307s] Installing client_async script to /home/ubuntu/ros2_ws/install/examples_rclpy_minimal_client/lib/examples_rclpy_minimal_client
[10.307s] Installing client_async_callback script to /home/ubuntu/ros2_ws/install/examples_rclpy_minimal_client/lib/examples_rclpy_minimal_client
[10.307s] Installing client_async_member_function script to /home/ubuntu/ros2_ws/install/examples_rclpy_minimal_client/lib/examples_rclpy_minimal_client
[10.307s] writing list of installed files to '/home/ubuntu/ros2_ws/build/examples_rclpy_minimal_client/install.log'
[10.345s] Invoked command in '/home/ubuntu/ros2_ws/archived_repos/examples/rclpy/services/minimal_client' returned '0': PYTHONPATH=/home/ubuntu/ros2_ws/build/examples_rclpy_minimal_client/prefix_override:/usr/lib/python3/dist-packages/colcon_core/task/python/colcon_distutils_commands:/home/ubuntu/ros2_ws/install/examples_rclpy_minimal_client/lib/python3.10/site-packages:${PYTHONPATH} /usr/bin/python3 -W ignore:setup.py install is deprecated -W ignore:easy_install command is deprecated setup.py egg_info --egg-base ../../../../../build/examples_rclpy_minimal_client build --build-base /home/ubuntu/ros2_ws/build/examples_rclpy_minimal_client/build install --record /home/ubuntu/ros2_ws/build/examples_rclpy_minimal_client/install.log --single-version-externally-managed install_data
